-------- Log file pandora.log -------

Executable: vplanet
System Name: pandora
Primary Input File: vpl.in
Body File #1: star.in
Body File #2: b.in
Body File #3: c.in
Allow files to be overwitten: Yes
Mass Units: Kilograms
Length Units: Meters
Time Units: Seconds
Angle Units: Radians

------- FORMATTING -----
Verbosity Level: 5
Crossover Decade for Scientific Notation: 4
Number of Digits After Decimal: 6
Integration Method: Runge-Kutta4
Direction: Forward
Time Step: 3.155760e+07
Stop Time: 3.155760e+14
Output Interval: 3.155760e+10
Use Variable Timestep: Yes
dEta: 0.010000
Minimum Value of ecc and obl: 1.000000e-10


---- INITIAL SYSTEM PROPERTIES ----
(Age) System Age [sec]: 0.000000 
(Time) Simulation Time [sec]: 0.000000 
(TotAngMom) Total Angular Momentum [kg*m^2/sec]: 3.192446e+39 
(TotEnergy) Total Energy [kg*m^2/sec^2]: -2.010656e+40 
(PotEnergy) Total Potential Energy [kg*m^2/sec^2]: -2.010657e+40 
(KinEnergy) Total Kinetic Energy [kg*m^2/sec^2]: 8.656294e+33 
(DeltaTime) Average Timestep Over Last Output Interval [sec]: 0.000000 
(LongP) Body's Longitude of pericenter in Lagrange [rad]: 0.000000 
(LXUVTot) Total XUV Luminosity [kg*m^2/sec^2/(m^2*sec)]: -1.000000 

----- BODY: star ----
Active Modules: EQTIDE 
Module Bit Sum: 3
Color: 000000
(Mass) Mass [kg]: 2.386099e+29 
(Obliquity) Obliquity [rad]: 0.000000 
(PrecA) Body's precession parameter in DistRot [rad]: 0.000000 
(Xobl) Body's sin(obl)*cos(pA) []: 0.000000 
(Yobl) Body's sin(obl)*sin(pA) []: 0.000000 
(Zobl) Body's cos(obl) []: 1.000000 
(Radius) Radius [m]: 1.133953e+08 
(RotAngMom) Rotational Angular Momentum [kg*m^2/sec]: 6.720576e+38 
(RotKinEnergy) Rotational Energy [kg*m^2/sec^2]: 2.944181e+32 
(RotVel) Rotational Velocity [m/sec]: 99.353467 
(BodyType) Type of Body (0 == planet) []: -1.000000 
(RotRate) Rotational Frequency [/sec]: 8.761693e-07 
(RotPer) Rotational Period [days]: 83.000000 
(SurfEnFluxTotal) Total Surface Energy Flux [kg*m^2/sec^2/(m^2*sec)]: 1.276051e-08 
(HEcc) Poincare's h (=e*sin(varpi) []: 0.000000 
(KEcc) Poincare's k (=e*cos(varpi) []: 0.000000 
(Eccentricity) Orbital Eccentricity []: -1.000000 
(OrbEnergy) Orbital Energy [kg*m^2/sec^2]: -8.361643e+33 
(MeanMotion) Orbital Mean Motion [/sec]: -1.000000 
(OrbPeriod) Orbital Period [sec]: -1.000000 
(SemiMajorAxis) Semi-major Axis [m]: -1.000000 
(OrbAngMom) Orbital Angular Momentum [kg*m^2/sec]: 2.520382e+39 
(OrbKinEnergy) Orbital Kinetic Energy [kg*m^2/sec^2]: -1.000000 
(OrbPotEnergy) Orbital Potential Energy [kg*m^2/sec^2]: -1.000000 
(OrbEnergy) Orbital Energy [kg*m^2/sec^2]: -8.361643e+33 
----- EQTIDE PARAMETERS (star)------
(BodyDsemiDtEqtide) Body's Contribution to dSemi/dt in EQTIDE [m/sec]: -1.000000 
(BodyDeccDt) Body's Contribution to dEcc/dt in EQTIDE []: -1.000000 
(DOblDtEqtide) Time Rate of Change of Obliquity in EQTIDE [rad/sec]: 0.000000 
(DRotPerDtEqtide) Time Rate of Change of Rotation Period in EQTIDE []: -3.154239e-18 
(DRotRateDtEqtide) Time Rate of Change of Rotational Frequency in EQTIDE [/sec^2]: 3.853814e-31 
(EqRotRateDiscrete) CPL2 Discrete Equilibrium Spin Rate [/sec]: 6.501160e-06 
(EqRotPerDiscrete) CPL2 Discrete Equilibrium Spin Period [sec]: 9.664714e+05 
(EqRotRateCont) CPL2 Continuous Equilibrium Spin Rate [/sec]: 8.971601e-06 
(EqRotPerCont) CPL2 Continuous Equilibrium Rotation Period [sec]: 7.003416e+05 
(EqRotPer) Equilibrium Rotation Period [sec]: 9.664714e+05 
(EqRotRate) Equilibrium Rotation Rate [/sec]: 6.501160e-06 
(GammaRot) Gamma_Rotation [cgs]: -1.000000 
(GammaOrb) Gamma_Orbital [cgs]: -1.000000 
(ImK2) Im(k_2) []: 2.990000e-07 
(TidalQ) Tidal Q []: 1.000000e+06 
(TideLock) Tidally Locked? []: 0.000000 
(RotTimeEqtide) Timescale for Rotational Evolution in EQTIDE [sec]: 2.273512e+24 
(OblTimeEqtide) Timescale for Obliquity Evolution in EQTIDE []: -1.000000 
(PowerEqtide) Internal Power due to Tides in EQTIDE [kg*m^2/sec^3]: 2.061901e+09 
(SurfEnFluxEqtide) Surface Energy Flux due to Tides in EQTIDE [kg*m^2/sec^2/(m^2*sec)]: 1.276051e-08 
Tidal Perturbers: b
Output Order: Time[year] RotPer[days]
Grid Output Order:

----- BODY: b ----
Active Modules: DISTORB DISTROT EQTIDE 
Module Bit Sum: 51
Color: 000000
(Mass) Mass [kg]: 7.584676e+24 
(Obliquity) Obliquity [rad]: 0.785398 
(PrecA) Body's precession parameter in DistRot [rad]: 5.073169 
(Xobl) Body's sin(obl)*cos(pA) []: 0.249612 
(Yobl) Body's sin(obl)*sin(pA) []: -0.661585 
(Zobl) Body's cos(obl) []: 0.707107 
(Radius) Radius [m]: 6.806530e+06 
(RotAngMom) Rotational Angular Momentum [kg*m^2/sec]: 6.388438e+33 
(RotKinEnergy) Rotational Energy [kg*m^2/sec^2]: 2.322902e+29 
(RotVel) Rotational Velocity [m/sec]: 494.984810 
(BodyType) Type of Body (0 == planet) []: -1.000000 
(RotRate) Rotational Frequency [/sec]: 7.272205e-05 
(RotPer) Rotational Period [days]: 1.000000 
(SurfEnFluxTotal) Total Surface Energy Flux [kg*m^2/sec^2/(m^2*sec)]: 256.039533 
(HEcc) Poincare's h (=e*sin(varpi) []: -0.072074 
(KEcc) Poincare's k (=e*cos(varpi) []: 0.186562 
(Eccentricity) Orbital Eccentricity []: 0.200000 
(OrbEnergy) Orbital Energy [kg*m^2/sec^2]: -8.361643e+33 
(MeanMotion) Orbital Mean Motion [/sec]: 6.501160e-06 
(OrbPeriod) Orbital Period [sec]: 9.664714e+05 
(SemiMajorAxis) Semi-major Axis [m]: 7.222846e+09 
(OrbAngMom) Orbital Angular Momentum [kg*m^2/sec]: 2.520382e+39 
(OrbKinEnergy) Orbital Kinetic Energy [kg*m^2/sec^2]: 8.361643e+33 
(OrbPotEnergy) Orbital Potential Energy [kg*m^2/sec^2]: -1.672329e+34 
(OrbEnergy) Orbital Energy [kg*m^2/sec^2]: -8.361643e+33 
----- EQTIDE PARAMETERS (b)------
(DsemiDtEqtide) Total da/dt in EQTIDE [m/sec]: 1.491960e-08 
(DeccDtEqtide) Total de/dt in EQTIDE [/sec]: 6.497786e-19 
(DMeanMotionDtEqtide) Total dMeanMotion/dt in EQTIDE [/sec^2]: -2.014331e-23 
(DOrbPerDtEqtide) Total dOrbPer/dt in EQTIDE []: 2.994532e-12 
(EccTimeEqtide) Timescale for Eccentricity Evolution (e/[de/dt]) in EQTIDE [sec]: 3.077972e+17 
(SemiTimeEqtide) Timescale for Semi-major Axis Evolution (a/[da/dt]) in EQTIDE [sec]: 4.841181e+17 
(DHEccDtEqtide) Time Rate of Change of Poincare's h in EQTIDE [/sec]: -2.341606e-19 
(DKEccDtEqtide) Time Rate of Change of Poincare's k in EQTIDE [/sec]: 6.061196e-19 
(DXoblDtEqtide) Time Rate of Change of Laskar's X in EQTIDE [/sec]: 2.430505e-14 
(DYoblDtEqtide) Time Rate of Change of Laskar's Y in EQTIDE [/sec]: -6.441948e-14 
(DZoblDtEqtide) Time Rate of Change of Laskar's Z in EQTIDE [/sec]: -6.885205e-14 
(BodyDsemiDtEqtide) Body's Contribution to dSemi/dt in EQTIDE [m/sec]: -1.000000 
(BodyDeccDt) Body's Contribution to dEcc/dt in EQTIDE []: -1.000000 
(DOblDtEqtide) Time Rate of Change of Obliquity in EQTIDE [rad/sec]: 9.737150e-14 
(DRotPerDtEqtide) Time Rate of Change of Rotation Period in EQTIDE []: 3.093393e-08 
(DRotRateDtEqtide) Time Rate of Change of Rotational Frequency in EQTIDE [/sec^2]: -2.603679e-17 
(EqRotRateDiscrete) CPL2 Discrete Equilibrium Spin Rate [/sec]: 6.501160e-06 
(EqRotPerDiscrete) CPL2 Discrete Equilibrium Spin Period [sec]: 9.664714e+05 
(EqRotRateCont) CPL2 Continuous Equilibrium Spin Rate [/sec]: 8.971601e-06 
(EqRotPerCont) CPL2 Continuous Equilibrium Rotation Period [sec]: 7.003416e+05 
(EqRotPer) Equilibrium Rotation Period [sec]: 9.664714e+05 
(EqRotRate) Equilibrium Rotation Rate [/sec]: 6.501160e-06 
(GammaRot) Gamma_Rotation [cgs]: -1.000000 
(GammaOrb) Gamma_Orbital [cgs]: -1.000000 
(ImK2) Im(k_2) []: 0.003000 
(TidalQ) Tidal Q []: 100.000000 
(TideLock) Tidally Locked? []: 0.000000 
(RotTimeEqtide) Timescale for Rotational Evolution in EQTIDE [sec]: 2.793050e+12 
(OblTimeEqtide) Timescale for Obliquity Evolution in EQTIDE []: -1.000000 
(PowerEqtide) Internal Power due to Tides in EQTIDE [kg*m^2/sec^3]: 1.490625e+17 
(SurfEnFluxEqtide) Surface Energy Flux due to Tides in EQTIDE [W/m^2]: 256.039533 
Tidal Perturbers: star
----- DISTORB PARAMETERS (b)------
(Inc) Body's Inclination in DistOrb [rad]: 0.303712 
(Sinc) Body's sin(1/2*Inclination) in DistOrb []: 0.151273 
(LongA) Body's Longitude of ascending node in DistOrb [rad]: 1.570923 
(ArgP) Body's argument of pericenter in DistOrb [rad]: 4.343597 
(Pinc) Body's p = s*sin(Omega) in DistOrb []: 0.151273 
(Qinc) Body's q = s* cos(Omega) in DistOrb []: -1.922398e-05 
(DIncDtDistOrb) Body's dInc/dt in DistOrb [/sec]: -2.995774e-14 
(DSincDtDistOrb) Body's dsin(.5*Inc)/dt in DistOrb [/sec]: -1.480649e-14 
(DLongADtDistOrb) Body's dOmega/dt in DistOrb [/sec]: -1.403773e-12 
(DLongPDtDistOrb) Body's dvarpi/dt in DistOrb [/sec]: 6.180341e-13 
(DHeccDtDistOrb) Body's dh/dt in DistOrb [/sec]: 8.719099e-14 
(DKeccDtDistOrb) Body's dk/dt in DistOrb [/sec]: 1.173079e-13 
(DPincDtDistOrb) Body's dp/dt in DistOrb [/sec]: -1.477951e-14 
(DQincDtDistOrb) Body's dq/dt in DistOrb [/sec]: 2.123550e-13 
-----DISTROT PARAMETERS (b)------
(CassiniOne) First Cassini parameter (misalignment of Cassini state vectors) []: 0.353108 
(CassiniTwo) Second Cassini parameter (alignment of Cassini state vectors []: 0.935583 
(DOblDtDistRot) Body's dobl/dt in DistRot [rad]: 1.202198e-13 
(DPrecADtDistRot) Body's dpA/dt in DistRot [rad]: 2.053684e-09 
(DXoblDtDistRot) Body's dXobl/dt in DistRot [/sec]: 1.358715e-09 
(DYoblDtDistRot) Body's dYobl/dt in DistRot [/sec]: 5.125437e-10 
(DZoblDtDistRot) Body's dZobl/dt in DistRot [/sec]: -8.500826e-14 
(OblTimeDistRot) Obliquity timescale in DistRot [rad]: 2.613207e+13 
(PrecATimeDistRot) Axial precession timescale in DistRot [rad]: 3.059471e+09 
(XoblTimeDistRot) Xobl timescale in DistRot [/sec]: 7.359893e+08 
(YoblTimeDistRot) Yobl timescale in DistRot [/sec]: 1.951053e+09 
(ZoblTimeDistRot) Zobl timescale in DistRot [/sec]: 1.176356e+13 
(DynEllip) dynamical ellipticity of planet []: 0.003133 
Output Order: Time[year] SemiMajorAxis[AU] Eccentricity[] Inc[deg] ArgP[deg] LongA[deg] RotPer[days] Obliquity[deg] PrecA[deg] CassiniOne[deg] CassiniTwo[deg] SurfEnFluxEqtide[W/m^2] DynEllip[] DeltaTime[year]
Grid Output Order:

----- BODY: c ----
Active Modules: DISTORB 
Module Bit Sum: 17
Color: 000000
(Mass) Mass [kg]: 1.868876e+25 
(Obliquity) Obliquity [rad]: 2.186276 
(PrecA) Body's precession parameter in DistRot [rad]: 3.926991 
(Xobl) Body's sin(obl)*cos(pA) []: -1.000000 
(Yobl) Body's sin(obl)*sin(pA) []: -1.000000 
(Zobl) Body's cos(obl) []: -1.000000 
(Radius) Radius [m]: 9.567150e+06 
(RotAngMom) Rotational Angular Momentum [kg*m^2/sec]: 3.109939e+34 
(RotKinEnergy) Rotational Energy [kg*m^2/sec^2]: 1.130806e+30 
(RotVel) Rotational Velocity [m/sec]: 695.742781 
(BodyType) Type of Body (0 == planet) []: -1.000000 
(RotRate) Rotational Frequency [/sec]: 7.272205e-05 
(RotPer) Rotational Period [sec]: 8.640000e+04 
(SurfEnFluxTotal) Total Surface Energy Flux [kg*m^2/sec^2/(m^2*sec)]: 0.000000 
(HEcc) Poincare's h (=e*sin(varpi) []: 0.182770 
(KEcc) Poincare's k (=e*cos(varpi) []: 0.081211 
(Eccentricity) Orbital Eccentricity []: 0.200000 
(OrbEnergy) Orbital Energy [kg*m^2/sec^2]: -8.361643e+33 
(MeanMotion) Orbital Mean Motion [/sec]: 3.382417e-07 
(OrbPeriod) Orbital Period [sec]: 1.857602e+07 
(SemiMajorAxis) Semi-major Axis [m]: 5.182718e+10 
(OrbAngMom) Orbital Angular Momentum [kg*m^2/sec]: 2.520382e+39 
(OrbKinEnergy) Orbital Kinetic Energy [kg*m^2/sec^2]: 2.871348e+33 
(OrbPotEnergy) Orbital Potential Energy [kg*m^2/sec^2]: -5.742696e+33 
(OrbEnergy) Orbital Energy [kg*m^2/sec^2]: -8.361643e+33 
----- DISTORB PARAMETERS (c)------
(Inc) Body's Inclination in DistOrb [rad]: 0.045336 
(Sinc) Body's sin(1/2*Inclination) in DistOrb []: 0.022666 
(LongA) Body's Longitude of ascending node in DistOrb [rad]: 4.712393 
(ArgP) Body's argument of pericenter in DistOrb [rad]: 2.723454 
(Pinc) Body's p = s*sin(Omega) in DistOrb []: -0.022666 
(Qinc) Body's q = s* cos(Omega) in DistOrb []: 1.022367e-07 
(DIncDtDistOrb) Body's dInc/dt in DistOrb [/sec]: -5.069915e-15 
(DSincDtDistOrb) Body's dsin(.5*Inc)/dt in DistOrb [/sec]: -2.534306e-15 
(DLongADtDistOrb) Body's dOmega/dt in DistOrb [/sec]: -1.405174e-12 
(DLongPDtDistOrb) Body's dvarpi/dt in DistOrb [/sec]: 1.556138e-13 
(DHeccDtDistOrb) Body's dh/dt in DistOrb [/sec]: 9.290483e-15 
(DKeccDtDistOrb) Body's dk/dt in DistOrb [/sec]: -2.992871e-14 
(DPincDtDistOrb) Body's dp/dt in DistOrb [/sec]: 2.534163e-15 
(DQincDtDistOrb) Body's dq/dt in DistOrb [/sec]: -3.184988e-14 
Output Order: Time[year] Eccentricity[] Inc[deg] ArgP[deg] LongA[deg]
Grid Output Order:



---- FINAL SYSTEM PROPERTIES ----
(Age) System Age [sec]: 3.155760e+14 
(Time) Simulation Time [sec]: 3.155760e+14 
(TotAngMom) Total Angular Momentum [kg*m^2/sec]: 3.199607e+39 
(TotEnergy) Total Energy [kg*m^2/sec^2]: -2.010656e+40 
(PotEnergy) Total Potential Energy [kg*m^2/sec^2]: -2.010657e+40 
(KinEnergy) Total Kinetic Energy [kg*m^2/sec^2]: 8.658601e+33 
(DeltaTime) Average Timestep Over Last Output Interval [sec]: inf 
(LongP) Body's Longitude of pericenter in Lagrange [rad]: 0.000000 
(LXUVTot) Total XUV Luminosity [kg*m^2/sec^2/(m^2*sec)]: -1.000000 

----- BODY: star ----
Active Modules: EQTIDE 
Module Bit Sum: 3
Color: 000000
(Mass) Mass [kg]: 2.386099e+29 
(Obliquity) Obliquity [rad]: 0.000000 
(PrecA) Body's precession parameter in DistRot [rad]: 0.000000 
(Xobl) Body's sin(obl)*cos(pA) []: 0.000000 
(Yobl) Body's sin(obl)*sin(pA) []: 0.000000 
(Zobl) Body's cos(obl) []: 1.000000 
(Radius) Radius [m]: 1.133953e+08 
(RotAngMom) Rotational Angular Momentum [kg*m^2/sec]: 6.720576e+38 
(RotKinEnergy) Rotational Energy [kg*m^2/sec^2]: 2.944181e+32 
(RotVel) Rotational Velocity [m/sec]: 99.353467 
(BodyType) Type of Body (0 == planet) []: -1.000000 
(RotRate) Rotational Frequency [/sec]: 8.761693e-07 
(RotPer) Rotational Period [days]: 83.000000 
(SurfEnFluxTotal) Total Surface Energy Flux [kg*m^2/sec^2/(m^2*sec)]: 1.209103e-08 
(HEcc) Poincare's h (=e*sin(varpi) []: 0.000000 
(KEcc) Poincare's k (=e*cos(varpi) []: 0.000000 
(Eccentricity) Orbital Eccentricity []: -1.000000 
(OrbEnergy) Orbital Energy [kg*m^2/sec^2]: -8.364181e+33 
(MeanMotion) Orbital Mean Motion [/sec]: -1.000000 
(OrbPeriod) Orbital Period [sec]: -1.000000 
(SemiMajorAxis) Semi-major Axis [m]: -1.000000 
(OrbAngMom) Orbital Angular Momentum [kg*m^2/sec]: 2.527549e+39 
(OrbKinEnergy) Orbital Kinetic Energy [kg*m^2/sec^2]: -1.000000 
(OrbPotEnergy) Orbital Potential Energy [kg*m^2/sec^2]: -1.000000 
(OrbEnergy) Orbital Energy [kg*m^2/sec^2]: -8.364181e+33 
----- EQTIDE PARAMETERS (star)------
(BodyDsemiDtEqtide) Body's Contribution to dSemi/dt in EQTIDE [m/sec]: -1.000000 
(BodyDeccDt) Body's Contribution to dEcc/dt in EQTIDE []: -1.000000 
(DOblDtEqtide) Time Rate of Change of Obliquity in EQTIDE [rad/sec]: 0.000000 
(DRotPerDtEqtide) Time Rate of Change of Rotation Period in EQTIDE []: -3.054976e-18 
(DRotRateDtEqtide) Time Rate of Change of Rotational Frequency in EQTIDE [/sec^2]: 3.732535e-31 
(EqRotRateDiscrete) CPL2 Discrete Equilibrium Spin Rate [/sec]: 6.504120e-06 
(EqRotPerDiscrete) CPL2 Discrete Equilibrium Spin Period [sec]: 9.660315e+05 
(EqRotRateCont) CPL2 Continuous Equilibrium Spin Rate [/sec]: 8.619769e-06 
(EqRotPerCont) CPL2 Continuous Equilibrium Rotation Period [sec]: 7.289273e+05 
(EqRotPer) Equilibrium Rotation Period [sec]: 9.660315e+05 
(EqRotRate) Equilibrium Rotation Rate [/sec]: 6.504120e-06 
(GammaRot) Gamma_Rotation [cgs]: -1.000000 
(GammaOrb) Gamma_Orbital [cgs]: -1.000000 
(ImK2) Im(k_2) []: 2.990000e-07 
(TidalQ) Tidal Q []: 1.000000e+06 
(TideLock) Tidally Locked? []: 0.000000 
(RotTimeEqtide) Timescale for Rotational Evolution in EQTIDE [sec]: 2.347384e+24 
(OblTimeEqtide) Timescale for Obliquity Evolution in EQTIDE []: -1.000000 
(PowerEqtide) Internal Power due to Tides in EQTIDE [kg*m^2/sec^3]: 1.953723e+09 
(SurfEnFluxEqtide) Surface Energy Flux due to Tides in EQTIDE [kg*m^2/sec^2/(m^2*sec)]: 1.209103e-08 
Tidal Perturbers: b
Output Order: Time[year] RotPer[days]
Grid Output Order:

----- BODY: b ----
Active Modules: DISTORB DISTROT EQTIDE 
Module Bit Sum: 51
Color: 000000
(Mass) Mass [kg]: 7.584676e+24 
(Obliquity) Obliquity [rad]: 0.001720 
(PrecA) Body's precession parameter in DistRot [rad]: 6.265885 
(Xobl) Body's sin(obl)*cos(pA) []: 0.001720 
(Yobl) Body's sin(obl)*sin(pA) []: -2.975425e-05 
(Zobl) Body's cos(obl) []: 0.999999 
(Radius) Radius [m]: 6.806530e+06 
(RotAngMom) Rotational Angular Momentum [kg*m^2/sec]: 5.713696e+32 
(RotKinEnergy) Rotational Energy [kg*m^2/sec^2]: 1.858128e+27 
(RotVel) Rotational Velocity [m/sec]: 44.270488 
(BodyType) Type of Body (0 == planet) []: -1.000000 
(RotRate) Rotational Frequency [/sec]: 6.504120e-06 
(RotPer) Rotational Period [days]: 11.180921 
(SurfEnFluxTotal) Total Surface Energy Flux [kg*m^2/sec^2/(m^2*sec)]: 4.719821 
(HEcc) Poincare's h (=e*sin(varpi) []: 0.185023 
(KEcc) Poincare's k (=e*cos(varpi) []: -0.002479 
(Eccentricity) Orbital Eccentricity []: 0.185040 
(OrbEnergy) Orbital Energy [kg*m^2/sec^2]: -8.364181e+33 
(MeanMotion) Orbital Mean Motion [/sec]: 6.504120e-06 
(OrbPeriod) Orbital Period [sec]: 9.660315e+05 
(SemiMajorAxis) Semi-major Axis [m]: 7.220654e+09 
(OrbAngMom) Orbital Angular Momentum [kg*m^2/sec]: 2.527549e+39 
(OrbKinEnergy) Orbital Kinetic Energy [kg*m^2/sec^2]: 8.364181e+33 
(OrbPotEnergy) Orbital Potential Energy [kg*m^2/sec^2]: -1.672836e+34 
(OrbEnergy) Orbital Energy [kg*m^2/sec^2]: -8.364181e+33 
----- EQTIDE PARAMETERS (b)------
(DsemiDtEqtide) Total da/dt in EQTIDE [m/sec]: -6.438612e-09 
(DeccDtEqtide) Total de/dt in EQTIDE [/sec]: -8.876922e-19 
(DMeanMotionDtEqtide) Total dMeanMotion/dt in EQTIDE [/sec^2]: 8.699525e-24 
(DOrbPerDtEqtide) Total dOrbPer/dt in EQTIDE []: -1.292106e-12 
(EccTimeEqtide) Timescale for Eccentricity Evolution (e/[de/dt]) in EQTIDE [sec]: 2.084507e+17 
(SemiTimeEqtide) Timescale for Semi-major Axis Evolution (a/[da/dt]) in EQTIDE [sec]: 1.121461e+18 
(DHEccDtEqtide) Time Rate of Change of Poincare's h in EQTIDE [/sec]: -8.876125e-19 
(DKEccDtEqtide) Time Rate of Change of Poincare's k in EQTIDE [/sec]: 1.189107e-20 
(DXoblDtEqtide) Time Rate of Change of Laskar's X in EQTIDE [/sec]: -5.305249e-15 
(DYoblDtEqtide) Time Rate of Change of Laskar's Y in EQTIDE [/sec]: 9.178989e-17 
(DZoblDtEqtide) Time Rate of Change of Laskar's Z in EQTIDE [/sec]: 9.126335e-18 
(BodyDsemiDtEqtide) Body's Contribution to dSemi/dt in EQTIDE [m/sec]: -1.000000 
(BodyDeccDt) Body's Contribution to dEcc/dt in EQTIDE []: -1.000000 
(DOblDtEqtide) Time Rate of Change of Obliquity in EQTIDE [rad/sec]: -5.306051e-15 
(DRotPerDtEqtide) Time Rate of Change of Rotation Period in EQTIDE []: -4.364790e-28 
(DRotRateDtEqtide) Time Rate of Change of Rotational Frequency in EQTIDE [/sec^2]: 2.938736e-39 
(EqRotRateDiscrete) CPL2 Discrete Equilibrium Spin Rate [/sec]: 6.504120e-06 
(EqRotPerDiscrete) CPL2 Discrete Equilibrium Spin Period [sec]: 9.660315e+05 
(EqRotRateCont) CPL2 Continuous Equilibrium Spin Rate [/sec]: 8.619769e-06 
(EqRotPerCont) CPL2 Continuous Equilibrium Rotation Period [sec]: 7.289273e+05 
(EqRotPer) Equilibrium Rotation Period [sec]: 9.660315e+05 
(EqRotRate) Equilibrium Rotation Rate [/sec]: 6.504120e-06 
(GammaRot) Gamma_Rotation [cgs]: -1.000000 
(GammaOrb) Gamma_Orbital [cgs]: -1.000000 
(ImK2) Im(k_2) []: 0.003000 
(TidalQ) Tidal Q []: 100.000000 
(TideLock) Tidally Locked? []: 1.000000 
(RotTimeEqtide) Timescale for Rotational Evolution in EQTIDE [sec]: 2.213237e+33 
(OblTimeEqtide) Timescale for Obliquity Evolution in EQTIDE []: -1.000000 
(PowerEqtide) Internal Power due to Tides in EQTIDE [kg*m^2/sec^3]: 2.747811e+15 
(SurfEnFluxEqtide) Surface Energy Flux due to Tides in EQTIDE [W/m^2]: 4.719821 
Tidal Perturbers: star
----- DISTORB PARAMETERS (b)------
(Inc) Body's Inclination in DistOrb [rad]: 0.300250 
(Sinc) Body's sin(1/2*Inclination) in DistOrb []: 0.149562 
(LongA) Body's Longitude of ascending node in DistOrb [rad]: 3.156919 
(ArgP) Body's argument of pericenter in DistOrb [rad]: 4.710459 
(Pinc) Body's p = s*sin(Omega) in DistOrb []: -0.002292 
(Qinc) Body's q = s* cos(Omega) in DistOrb []: -0.149544 
(DIncDtDistOrb) Body's dInc/dt in DistOrb [/sec]: -4.497963e-15 
(DSincDtDistOrb) Body's dsin(.5*Inc)/dt in DistOrb [/sec]: -2.223686e-15 
(DLongADtDistOrb) Body's dOmega/dt in DistOrb [/sec]: -1.491004e-12 
(DLongPDtDistOrb) Body's dvarpi/dt in DistOrb [/sec]: 6.380468e-13 
(DHeccDtDistOrb) Body's dh/dt in DistOrb [/sec]: 2.061666e-14 
(DKeccDtDistOrb) Body's dk/dt in DistOrb [/sec]: -1.183510e-13 
(DPincDtDistOrb) Body's dp/dt in DistOrb [/sec]: 2.230051e-13 
(DQincDtDistOrb) Body's dq/dt in DistOrb [/sec]: -1.194063e-15 
-----DISTROT PARAMETERS (b)------
(CassiniOne) First Cassini parameter (misalignment of Cassini state vectors) []: 0.002049 
(CassiniTwo) Second Cassini parameter (alignment of Cassini state vectors []: -0.999998 
(DOblDtDistRot) Body's dobl/dt in DistRot [rad]: 5.368505e-15 
(DPrecADtDistRot) Body's dpA/dt in DistRot [rad]: 1.302303e-12 
(DXoblDtDistRot) Body's dXobl/dt in DistRot [/sec]: 5.406442e-15 
(DYoblDtDistRot) Body's dYobl/dt in DistRot [/sec]: 2.146738e-15 
(DZoblDtDistRot) Body's dZobl/dt in DistRot [/sec]: -9.233754e-18 
(OblTimeDistRot) Obliquity timescale in DistRot [rad]: 5.851895e+14 
(PrecATimeDistRot) Axial precession timescale in DistRot [rad]: 4.824673e+12 
(XoblTimeDistRot) Xobl timescale in DistRot [/sec]: 1.849645e+14 
(YoblTimeDistRot) Yobl timescale in DistRot [/sec]: 4.658231e+14 
(ZoblTimeDistRot) Zobl timescale in DistRot [/sec]: 1.082983e+17 
(DynEllip) dynamical ellipticity of planet []: 2.506151e-05 
Output Order: Time[year] SemiMajorAxis[AU] Eccentricity[] Inc[deg] ArgP[deg] LongA[deg] RotPer[days] Obliquity[deg] PrecA[deg] CassiniOne[deg] CassiniTwo[deg] SurfEnFluxEqtide[W/m^2] DynEllip[] DeltaTime[year]
Grid Output Order:

----- BODY: c ----
Active Modules: DISTORB 
Module Bit Sum: 17
Color: 000000
(Mass) Mass [kg]: 1.868876e+25 
(Obliquity) Obliquity [rad]: 2.186276 
(PrecA) Body's precession parameter in DistRot [rad]: 3.926991 
(Xobl) Body's sin(obl)*cos(pA) []: -1.000000 
(Yobl) Body's sin(obl)*sin(pA) []: -1.000000 
(Zobl) Body's cos(obl) []: -1.000000 
(Radius) Radius [m]: 9.567150e+06 
(RotAngMom) Rotational Angular Momentum [kg*m^2/sec]: 3.109939e+34 
(RotKinEnergy) Rotational Energy [kg*m^2/sec^2]: 1.130806e+30 
(RotVel) Rotational Velocity [m/sec]: 695.742781 
(BodyType) Type of Body (0 == planet) []: -1.000000 
(RotRate) Rotational Frequency [/sec]: 7.272205e-05 
(RotPer) Rotational Period [sec]: 8.640000e+04 
(SurfEnFluxTotal) Total Surface Energy Flux [kg*m^2/sec^2/(m^2*sec)]: 0.000000 
(HEcc) Poincare's h (=e*sin(varpi) []: -0.165241 
(KEcc) Poincare's k (=e*cos(varpi) []: -0.117634 
(Eccentricity) Orbital Eccentricity []: 0.202835 
(OrbEnergy) Orbital Energy [kg*m^2/sec^2]: -8.364181e+33 
(MeanMotion) Orbital Mean Motion [/sec]: 3.382417e-07 
(OrbPeriod) Orbital Period [sec]: 1.857602e+07 
(SemiMajorAxis) Semi-major Axis [m]: 5.182718e+10 
(OrbAngMom) Orbital Angular Momentum [kg*m^2/sec]: 2.527549e+39 
(OrbKinEnergy) Orbital Kinetic Energy [kg*m^2/sec^2]: 2.871348e+33 
(OrbPotEnergy) Orbital Potential Energy [kg*m^2/sec^2]: -5.742696e+33 
(OrbEnergy) Orbital Energy [kg*m^2/sec^2]: -8.364181e+33 
----- DISTORB PARAMETERS (c)------
(Inc) Body's Inclination in DistOrb [rad]: 0.045038 
(Sinc) Body's sin(1/2*Inclination) in DistOrb []: 0.022517 
(LongA) Body's Longitude of ascending node in DistOrb [rad]: 0.014765 
(ArgP) Body's argument of pericenter in DistOrb [rad]: 4.078961 
(Pinc) Body's p = s*sin(Omega) in DistOrb []: 0.000332 
(Qinc) Body's q = s* cos(Omega) in DistOrb []: 0.022515 
(DIncDtDistOrb) Body's dInc/dt in DistOrb [/sec]: -8.537282e-16 
(DSincDtDistOrb) Body's dsin(.5*Inc)/dt in DistOrb [/sec]: -4.267559e-16 
(DLongADtDistOrb) Body's dOmega/dt in DistOrb [/sec]: -1.491725e-12 
(DLongPDtDistOrb) Body's dvarpi/dt in DistOrb [/sec]: 1.693344e-13 
(DHeccDtDistOrb) Body's dh/dt in DistOrb [/sec]: -1.846591e-14 
(DKeccDtDistOrb) Body's dk/dt in DistOrb [/sec]: 2.901565e-14 
(DPincDtDistOrb) Body's dp/dt in DistOrb [/sec]: -3.359181e-14 
(DQincDtDistOrb) Body's dq/dt in DistOrb [/sec]: 6.921549e-17 
Output Order: Time[year] Eccentricity[] Inc[deg] ArgP[deg] LongA[deg]
Grid Output Order:

Runtime = 282.000000 s
