-------- Log file pandora.log -------

Executable: vplanet
System Name: pandora
Primary Input File: vpl.in
Body File #1: star.in
Body File #2: b.in
Body File #3: c.in
Allow files to be overwitten: Yes
Mass Units: Kilograms
Length Units: Meters
Time Units: Seconds
Angle Units: Radians

------- FORMATTING -----
Verbosity Level: 5
Crossover Decade for Scientific Notation: 4
Number of Digits After Decimal: 6
Integration Method: Runge-Kutta4
Direction: Forward
Time Step: 3.155760e+07
Stop Time: 2.209032e+17
Output Interval: 3.155760e+13
Use Variable Timestep: Yes
dEta: 0.010000
Minimum Value of ecc and obl: 1.000000e-10


---- INITIAL SYSTEM PROPERTIES ----
(Age) System Age [sec]: 0.000000 
(Time) Simulation Time [sec]: 0.000000 
(TotAngMom) Total Angular Momentum [kg*m^2/sec]: 3.236903e+39 
(TotEnergy) Total Energy [kg*m^2/sec^2]: -2.010656e+40 
(PotEnergy) Total Potential Energy [kg*m^2/sec^2]: -2.010657e+40 
(KinEnergy) Total Kinetic Energy [kg*m^2/sec^2]: 8.368937e+33 
(DeltaTime) Average Timestep Over Last Output Interval [sec]: 0.000000 
(LongP) Body's Longitude of pericenter in Lagrange [rad]: 0.000000 
(LXUVTot) Total XUV Luminosity [kg*m^2/sec^2/(m^2*sec)]: -1.000000 

----- BODY: star ----
Active Modules: EQTIDE 
Module Bit Sum: 3
Color: 000000
(Mass) Mass [kg]: 2.386099e+29 
(Obliquity) Obliquity [rad]: 0.000000 
(PrecA) Body's precession parameter in DistRot [rad]: 0.000000 
(Xobl) Body's sin(obl)*cos(pA) []: 0.000000 
(Yobl) Body's sin(obl)*sin(pA) []: 0.000000 
(Zobl) Body's cos(obl) []: 1.000000 
(Radius) Radius [m]: 1.133953e+08 
(RotAngMom) Rotational Angular Momentum [kg*m^2/sec]: 6.720576e+38 
(RotKinEnergy) Rotational Energy [kg*m^2/sec^2]: 2.944181e+32 
(RotVel) Rotational Velocity [m/sec]: 99.353467 
(BodyType) Type of Body (0 == planet) []: -1.000000 
(RotRate) Rotational Frequency [/sec]: 8.761693e-07 
(RotPer) Rotational Period [days]: 83.000000 
(SurfEnFluxTotal) Total Surface Energy Flux [kg*m^2/sec^2/(m^2*sec)]: 9.750215e-09 
(HEcc) Poincare's h (=e*sin(varpi) []: 0.000000 
(KEcc) Poincare's k (=e*cos(varpi) []: 0.000000 
(Eccentricity) Orbital Eccentricity []: -1.000000 
(OrbEnergy) Orbital Energy [kg*m^2/sec^2]: -8.074287e+33 
(MeanMotion) Orbital Mean Motion [/sec]: -1.000000 
(OrbPeriod) Orbital Period [sec]: -1.000000 
(SemiMajorAxis) Semi-major Axis [m]: -1.000000 
(OrbAngMom) Orbital Angular Momentum [kg*m^2/sec]: 2.564839e+39 
(OrbKinEnergy) Orbital Kinetic Energy [kg*m^2/sec^2]: -1.000000 
(OrbPotEnergy) Orbital Potential Energy [kg*m^2/sec^2]: -1.000000 
(OrbEnergy) Orbital Energy [kg*m^2/sec^2]: -8.074287e+33 
----- EQTIDE PARAMETERS (star)------
(BodyDsemiDtEqtide) Body's Contribution to dSemi/dt in EQTIDE [m/sec]: -1.000000 
(BodyDeccDt) Body's Contribution to dEcc/dt in EQTIDE []: -1.000000 
(DOblDtEqtide) Time Rate of Change of Obliquity in EQTIDE [rad/sec]: 0.000000 
(DRotPerDtEqtide) Time Rate of Change of Rotation Period in EQTIDE []: -2.557230e-18 
(DRotRateDtEqtide) Time Rate of Change of Rotational Frequency in EQTIDE [/sec^2]: 3.124396e-31 
(EqRotRateDiscrete) CPL2 Discrete Equilibrium Spin Rate [/sec]: 6.168928e-06 
(EqRotPerDiscrete) CPL2 Discrete Equilibrium Spin Period [sec]: 1.018521e+06 
(EqRotRateCont) CPL2 Continuous Equilibrium Spin Rate [/sec]: 8.513120e-06 
(EqRotPerCont) CPL2 Continuous Equilibrium Rotation Period [sec]: 7.380590e+05 
(EqRotPer) Equilibrium Rotation Period [sec]: 1.018521e+06 
(EqRotRate) Equilibrium Rotation Rate [/sec]: 6.168928e-06 
(GammaRot) Gamma_Rotation [cgs]: -1.000000 
(GammaOrb) Gamma_Orbital [cgs]: -1.000000 
(ImK2) Im(k_2) []: 2.990000e-07 
(TidalQ) Tidal Q []: 1.000000e+06 
(TideLock) Tidally Locked? []: 0.000000 
(RotTimeEqtide) Timescale for Rotational Evolution in EQTIDE [sec]: 2.804284e+24 
(OblTimeEqtide) Timescale for Obliquity Evolution in EQTIDE []: -1.000000 
(PowerEqtide) Internal Power due to Tides in EQTIDE [kg*m^2/sec^3]: 1.575484e+09 
(SurfEnFluxEqtide) Surface Energy Flux due to Tides in EQTIDE [kg*m^2/sec^2/(m^2*sec)]: 9.750215e-09 
Tidal Perturbers: b
Output Order: Time[year] RotPer[days]
Grid Output Order:

----- BODY: b ----
Active Modules: DISTORB DISTROT EQTIDE 
Module Bit Sum: 51
Color: 000000
(Mass) Mass [kg]: 7.584676e+24 
(Obliquity) Obliquity [rad]: 0.785398 
(PrecA) Body's precession parameter in DistRot [rad]: 5.073171 
(Xobl) Body's sin(obl)*cos(pA) []: 0.249613 
(Yobl) Body's sin(obl)*sin(pA) []: -0.661584 
(Zobl) Body's cos(obl) []: 0.707107 
(Radius) Radius [m]: 6.806530e+06 
(RotAngMom) Rotational Angular Momentum [kg*m^2/sec]: 6.388438e+33 
(RotKinEnergy) Rotational Energy [kg*m^2/sec^2]: 2.322902e+29 
(RotVel) Rotational Velocity [m/sec]: 494.984810 
(BodyType) Type of Body (0 == planet) []: -1.000000 
(RotRate) Rotational Frequency [/sec]: 7.272205e-05 
(RotPer) Rotational Period [days]: 1.000000 
(SurfEnFluxTotal) Total Surface Energy Flux [kg*m^2/sec^2/(m^2*sec)]: 208.807628 
(HEcc) Poincare's h (=e*sin(varpi) []: -0.072074 
(KEcc) Poincare's k (=e*cos(varpi) []: 0.186562 
(Eccentricity) Orbital Eccentricity []: 0.200000 
(OrbEnergy) Orbital Energy [kg*m^2/sec^2]: -8.074287e+33 
(MeanMotion) Orbital Mean Motion [/sec]: 6.168928e-06 
(OrbPeriod) Orbital Period [sec]: 1.018521e+06 
(SemiMajorAxis) Semi-major Axis [m]: 7.479900e+09 
(OrbAngMom) Orbital Angular Momentum [kg*m^2/sec]: 2.564839e+39 
(OrbKinEnergy) Orbital Kinetic Energy [kg*m^2/sec^2]: 8.074287e+33 
(OrbPotEnergy) Orbital Potential Energy [kg*m^2/sec^2]: -1.614857e+34 
(OrbEnergy) Orbital Energy [kg*m^2/sec^2]: -8.074287e+33 
----- EQTIDE PARAMETERS (b)------
(DsemiDtEqtide) Total da/dt in EQTIDE [m/sec]: 1.230909e-08 
(DeccDtEqtide) Total de/dt in EQTIDE [/sec]: 5.176628e-19 
(DMeanMotionDtEqtide) Total dMeanMotion/dt in EQTIDE [/sec^2]: -1.522759e-23 
(DOrbPerDtEqtide) Total dOrbPer/dt in EQTIDE []: 2.514153e-12 
(EccTimeEqtide) Timescale for Eccentricity Evolution (e/[de/dt]) in EQTIDE [sec]: 3.863519e+17 
(SemiTimeEqtide) Timescale for Semi-major Axis Evolution (a/[da/dt]) in EQTIDE [sec]: 6.076727e+17 
(DHEccDtEqtide) Time Rate of Change of Poincare's h in EQTIDE [/sec]: -1.865513e-19 
(DKEccDtEqtide) Time Rate of Change of Poincare's k in EQTIDE [/sec]: 4.828803e-19 
(DXoblDtEqtide) Time Rate of Change of Laskar's X in EQTIDE [/sec]: 1.970492e-14 
(DYoblDtEqtide) Time Rate of Change of Laskar's Y in EQTIDE [/sec]: -5.222664e-14 
(DZoblDtEqtide) Time Rate of Change of Laskar's Z in EQTIDE [/sec]: -5.582030e-14 
(BodyDsemiDtEqtide) Body's Contribution to dSemi/dt in EQTIDE [m/sec]: -1.000000 
(BodyDeccDt) Body's Contribution to dEcc/dt in EQTIDE []: -1.000000 
(DOblDtEqtide) Time Rate of Change of Obliquity in EQTIDE [rad/sec]: 7.894183e-14 
(DRotPerDtEqtide) Time Rate of Change of Rotation Period in EQTIDE []: 2.507901e-08 
(DRotRateDtEqtide) Time Rate of Change of Rotational Frequency in EQTIDE [/sec^2]: -2.110876e-17 
(EqRotRateDiscrete) CPL2 Discrete Equilibrium Spin Rate [/sec]: 6.168928e-06 
(EqRotPerDiscrete) CPL2 Discrete Equilibrium Spin Period [sec]: 1.018521e+06 
(EqRotRateCont) CPL2 Continuous Equilibrium Spin Rate [/sec]: 8.513120e-06 
(EqRotPerCont) CPL2 Continuous Equilibrium Rotation Period [sec]: 7.380590e+05 
(EqRotPer) Equilibrium Rotation Period [sec]: 1.018521e+06 
(EqRotRate) Equilibrium Rotation Rate [/sec]: 6.168928e-06 
(GammaRot) Gamma_Rotation [cgs]: -1.000000 
(GammaOrb) Gamma_Orbital [cgs]: -1.000000 
(ImK2) Im(k_2) []: 0.003000 
(TidalQ) Tidal Q []: 100.000000 
(TideLock) Tidally Locked? []: 0.000000 
(RotTimeEqtide) Timescale for Rotational Evolution in EQTIDE [sec]: 3.445113e+12 
(OblTimeEqtide) Timescale for Obliquity Evolution in EQTIDE []: -1.000000 
(PowerEqtide) Internal Power due to Tides in EQTIDE [kg*m^2/sec^3]: 1.215648e+17 
(SurfEnFluxEqtide) Surface Energy Flux due to Tides in EQTIDE [W/m^2]: 208.807628 
Tidal Perturbers: star
----- DISTORB PARAMETERS (b)------
(Inc) Body's Inclination in DistOrb [rad]: 0.303015 
(Sinc) Body's sin(1/2*Inclination) in DistOrb []: 0.150929 
(LongA) Body's Longitude of ascending node in DistOrb [rad]: 1.570921 
(ArgP) Body's argument of pericenter in DistOrb [rad]: 4.343598 
(Pinc) Body's p = s*sin(Omega) in DistOrb []: 0.150929 
(Qinc) Body's q = s* cos(Omega) in DistOrb []: -1.879838e-05 
(DIncDtDistOrb) Body's dInc/dt in DistOrb [/sec]: -3.191382e-14 
(DSincDtDistOrb) Body's dsin(.5*Inc)/dt in DistOrb [/sec]: -1.577412e-14 
(DLongADtDistOrb) Body's dOmega/dt in DistOrb [/sec]: -1.486246e-12 
(DLongPDtDistOrb) Body's dvarpi/dt in DistOrb [/sec]: 6.521924e-13 
(DHeccDtDistOrb) Body's dh/dt in DistOrb [/sec]: 9.147442e-14 
(DKeccDtDistOrb) Body's dk/dt in DistOrb [/sec]: 1.251771e-13 
(DPincDtDistOrb) Body's dp/dt in DistOrb [/sec]: -1.574618e-14 
(DQincDtDistOrb) Body's dq/dt in DistOrb [/sec]: 2.243189e-13 
-----DISTROT PARAMETERS (b)------
(CassiniOne) First Cassini parameter (misalignment of Cassini state vectors) []: 0.353108 
(CassiniTwo) Second Cassini parameter (alignment of Cassini state vectors []: 0.935583 
(DOblDtDistRot) Body's dobl/dt in DistRot [rad]: 1.267503e-13 
(DPrecADtDistRot) Body's dpA/dt in DistRot [rad]: 1.849219e-09 
(DXoblDtDistRot) Body's dXobl/dt in DistRot [/sec]: 1.223445e-09 
(DYoblDtDistRot) Body's dYobl/dt in DistRot [/sec]: 4.615056e-10 
(DZoblDtDistRot) Body's dZobl/dt in DistRot [/sec]: -8.962597e-14 
(OblTimeDistRot) Obliquity timescale in DistRot [rad]: 2.478569e+13 
(PrecATimeDistRot) Axial precession timescale in DistRot [rad]: 3.397751e+09 
(XoblTimeDistRot) Xobl timescale in DistRot [/sec]: 8.173640e+08 
(YoblTimeDistRot) Yobl timescale in DistRot [/sec]: 2.166821e+09 
(ZoblTimeDistRot) Zobl timescale in DistRot [/sec]: 1.115748e+13 
(DynEllip) dynamical ellipticity of planet []: 0.003133 
Output Order: Time[year] SemiMajorAxis[AU] Eccentricity[] Inc[deg] ArgP[deg] LongA[deg] RotPer[days] Obliquity[deg] PrecA[deg] CassiniOne[deg] CassiniTwo[deg] SurfEnFluxEqtide[W/m^2] DynEllip[] DeltaTime[year]
Grid Output Order:

----- BODY: c ----
Active Modules: DISTORB 
Module Bit Sum: 17
Color: 000000
(Mass) Mass [kg]: 1.868876e+25 
(Obliquity) Obliquity [rad]: 2.186276 
(PrecA) Body's precession parameter in DistRot [rad]: 3.926991 
(Xobl) Body's sin(obl)*cos(pA) []: -1.000000 
(Yobl) Body's sin(obl)*sin(pA) []: -1.000000 
(Zobl) Body's cos(obl) []: -1.000000 
(Radius) Radius [m]: 9.567150e+06 
(RotAngMom) Rotational Angular Momentum [kg*m^2/sec]: 3.109939e+34 
(RotKinEnergy) Rotational Energy [kg*m^2/sec^2]: 1.130806e+30 
(RotVel) Rotational Velocity [m/sec]: 695.742781 
(BodyType) Type of Body (0 == planet) []: -1.000000 
(RotRate) Rotational Frequency [/sec]: 7.272205e-05 
(RotPer) Rotational Period [sec]: 8.640000e+04 
(SurfEnFluxTotal) Total Surface Energy Flux [kg*m^2/sec^2/(m^2*sec)]: 0.000000 
(HEcc) Poincare's h (=e*sin(varpi) []: 0.182769 
(KEcc) Poincare's k (=e*cos(varpi) []: 0.081212 
(Eccentricity) Orbital Eccentricity []: 0.200000 
(OrbEnergy) Orbital Energy [kg*m^2/sec^2]: -8.074287e+33 
(MeanMotion) Orbital Mean Motion [/sec]: 3.382417e-07 
(OrbPeriod) Orbital Period [sec]: 1.857602e+07 
(SemiMajorAxis) Semi-major Axis [m]: 5.182718e+10 
(OrbAngMom) Orbital Angular Momentum [kg*m^2/sec]: 2.564839e+39 
(OrbKinEnergy) Orbital Kinetic Energy [kg*m^2/sec^2]: 2.871348e+33 
(OrbPotEnergy) Orbital Potential Energy [kg*m^2/sec^2]: -5.742696e+33 
(OrbEnergy) Orbital Energy [kg*m^2/sec^2]: -8.074287e+33 
----- DISTORB PARAMETERS (c)------
(Inc) Body's Inclination in DistOrb [rad]: 0.046033 
(Sinc) Body's sin(1/2*Inclination) in DistOrb []: 0.023015 
(LongA) Body's Longitude of ascending node in DistOrb [rad]: 4.712393 
(ArgP) Body's argument of pericenter in DistOrb [rad]: 2.723452 
(Pinc) Body's p = s*sin(Omega) in DistOrb []: -0.023015 
(Qinc) Body's q = s* cos(Omega) in DistOrb []: 1.022589e-07 
(DIncDtDistOrb) Body's dInc/dt in DistOrb [/sec]: -5.505908e-15 
(DSincDtDistOrb) Body's dsin(.5*Inc)/dt in DistOrb [/sec]: -2.752225e-15 
(DLongADtDistOrb) Body's dOmega/dt in DistOrb [/sec]: -1.487725e-12 
(DLongPDtDistOrb) Body's dvarpi/dt in DistOrb [/sec]: 1.673317e-13 
(DHeccDtDistOrb) Body's dh/dt in DistOrb [/sec]: 9.867907e-15 
(DKeccDtDistOrb) Body's dk/dt in DistOrb [/sec]: -3.223667e-14 
(DPincDtDistOrb) Body's dp/dt in DistOrb [/sec]: 2.752072e-15 
(DQincDtDistOrb) Body's dq/dt in DistOrb [/sec]: -3.423947e-14 
Output Order: Time[year] Eccentricity[] Inc[deg] ArgP[deg] LongA[deg]
Grid Output Order:



---- FINAL SYSTEM PROPERTIES ----
(Age) System Age [sec]: 2.209032e+17 
(Time) Simulation Time [sec]: 2.209032e+17 
(TotAngMom) Total Angular Momentum [kg*m^2/sec]: 3.156980e+39 
(TotEnergy) Total Energy [kg*m^2/sec^2]: -2.010656e+40 
(PotEnergy) Total Potential Energy [kg*m^2/sec^2]: -2.010657e+40 
(KinEnergy) Total Kinetic Energy [kg*m^2/sec^2]: 9.205556e+33 
(DeltaTime) Average Timestep Over Last Output Interval [sec]: inf 
(LongP) Body's Longitude of pericenter in Lagrange [rad]: 0.000000 
(LXUVTot) Total XUV Luminosity [kg*m^2/sec^2/(m^2*sec)]: -1.000000 

----- BODY: star ----
Active Modules: EQTIDE 
Module Bit Sum: 3
Color: 000000
(Mass) Mass [kg]: 2.386099e+29 
(Obliquity) Obliquity [rad]: 0.000000 
(PrecA) Body's precession parameter in DistRot [rad]: 0.000000 
(Xobl) Body's sin(obl)*cos(pA) []: 0.000000 
(Yobl) Body's sin(obl)*sin(pA) []: 0.000000 
(Zobl) Body's cos(obl) []: 1.000000 
(Radius) Radius [m]: 1.133953e+08 
(RotAngMom) Rotational Angular Momentum [kg*m^2/sec]: 6.720576e+38 
(RotKinEnergy) Rotational Energy [kg*m^2/sec^2]: 2.944181e+32 
(RotVel) Rotational Velocity [m/sec]: 99.353467 
(BodyType) Type of Body (0 == planet) []: -1.000000 
(RotRate) Rotational Frequency [/sec]: 8.761693e-07 
(RotPer) Rotational Period [days]: 83.000000 
(SurfEnFluxTotal) Total Surface Energy Flux [kg*m^2/sec^2/(m^2*sec)]: 1.402030e-08 
(HEcc) Poincare's h (=e*sin(varpi) []: 0.000000 
(KEcc) Poincare's k (=e*cos(varpi) []: 0.000000 
(Eccentricity) Orbital Eccentricity []: -1.000000 
(OrbEnergy) Orbital Energy [kg*m^2/sec^2]: -8.911136e+33 
(MeanMotion) Orbital Mean Motion [/sec]: -1.000000 
(OrbPeriod) Orbital Period [sec]: -1.000000 
(SemiMajorAxis) Semi-major Axis [m]: -1.000000 
(OrbAngMom) Orbital Angular Momentum [kg*m^2/sec]: 2.484922e+39 
(OrbKinEnergy) Orbital Kinetic Energy [kg*m^2/sec^2]: -1.000000 
(OrbPotEnergy) Orbital Potential Energy [kg*m^2/sec^2]: -1.000000 
(OrbEnergy) Orbital Energy [kg*m^2/sec^2]: -8.911136e+33 
----- EQTIDE PARAMETERS (star)------
(BodyDsemiDtEqtide) Body's Contribution to dSemi/dt in EQTIDE [m/sec]: -1.000000 
(BodyDeccDt) Body's Contribution to dEcc/dt in EQTIDE []: -1.000000 
(DOblDtEqtide) Time Rate of Change of Obliquity in EQTIDE [rad/sec]: 0.000000 
(DRotPerDtEqtide) Time Rate of Change of Rotation Period in EQTIDE []: -3.701262e-18 
(DRotRateDtEqtide) Time Rate of Change of Rotational Frequency in EQTIDE [/sec^2]: 4.522161e-31 
(EqRotRateDiscrete) CPL2 Discrete Equilibrium Spin Rate [/sec]: 7.152420e-06 
(EqRotPerDiscrete) CPL2 Discrete Equilibrium Spin Period [sec]: 8.784698e+05 
(EqRotRateCont) CPL2 Continuous Equilibrium Spin Rate [/sec]: 7.526024e-06 
(EqRotPerCont) CPL2 Continuous Equilibrium Rotation Period [sec]: 8.348612e+05 
(EqRotPer) Equilibrium Rotation Period [sec]: 8.784698e+05 
(EqRotRate) Equilibrium Rotation Rate [/sec]: 7.152420e-06 
(GammaRot) Gamma_Rotation [cgs]: -1.000000 
(GammaOrb) Gamma_Orbital [cgs]: -1.000000 
(ImK2) Im(k_2) []: 2.990000e-07 
(TidalQ) Tidal Q []: 1.000000e+06 
(TideLock) Tidally Locked? []: 0.000000 
(RotTimeEqtide) Timescale for Rotational Evolution in EQTIDE [sec]: 1.937501e+24 
(OblTimeEqtide) Timescale for Obliquity Evolution in EQTIDE []: -1.000000 
(PowerEqtide) Internal Power due to Tides in EQTIDE [kg*m^2/sec^3]: 2.265463e+09 
(SurfEnFluxEqtide) Surface Energy Flux due to Tides in EQTIDE [kg*m^2/sec^2/(m^2*sec)]: 1.402030e-08 
Tidal Perturbers: b
Output Order: Time[year] RotPer[days]
Grid Output Order:

----- BODY: b ----
Active Modules: DISTORB DISTROT EQTIDE 
Module Bit Sum: 51
Color: 000000
(Mass) Mass [kg]: 7.584676e+24 
(Obliquity) Obliquity [rad]: 0.001246 
(PrecA) Body's precession parameter in DistRot [rad]: 0.559837 
(Xobl) Body's sin(obl)*cos(pA) []: 0.001056 
(Yobl) Body's sin(obl)*sin(pA) []: 0.000662 
(Zobl) Body's cos(obl) []: 0.999999 
(Radius) Radius [m]: 6.806530e+06 
(RotAngMom) Rotational Angular Momentum [kg*m^2/sec]: 6.283210e+32 
(RotKinEnergy) Rotational Energy [kg*m^2/sec^2]: 2.247008e+27 
(RotVel) Rotational Velocity [m/sec]: 48.683160 
(BodyType) Type of Body (0 == planet) []: -1.000000 
(RotRate) Rotational Frequency [/sec]: 7.152420e-06 
(RotPer) Rotational Period [days]: 10.167475 
(SurfEnFluxTotal) Total Surface Energy Flux [kg*m^2/sec^2/(m^2*sec)]: 1.218887 
(HEcc) Poincare's h (=e*sin(varpi) []: -0.002860 
(KEcc) Poincare's k (=e*cos(varpi) []: 0.074096 
(Eccentricity) Orbital Eccentricity []: 0.074151 
(OrbEnergy) Orbital Energy [kg*m^2/sec^2]: -8.911136e+33 
(MeanMotion) Orbital Mean Motion [/sec]: 7.152420e-06 
(OrbPeriod) Orbital Period [sec]: 8.784698e+05 
(SemiMajorAxis) Semi-major Axis [m]: 6.777459e+09 
(OrbAngMom) Orbital Angular Momentum [kg*m^2/sec]: 2.484922e+39 
(OrbKinEnergy) Orbital Kinetic Energy [kg*m^2/sec^2]: 8.911136e+33 
(OrbPotEnergy) Orbital Potential Energy [kg*m^2/sec^2]: -1.782227e+34 
(OrbEnergy) Orbital Energy [kg*m^2/sec^2]: -8.911136e+33 
----- EQTIDE PARAMETERS (b)------
(DsemiDtEqtide) Total da/dt in EQTIDE [m/sec]: -1.464886e-09 
(DeccDtEqtide) Total de/dt in EQTIDE [/sec]: -5.369413e-19 
(DMeanMotionDtEqtide) Total dMeanMotion/dt in EQTIDE [/sec^2]: 2.318895e-24 
(DOrbPerDtEqtide) Total dOrbPer/dt in EQTIDE []: -2.848098e-13 
(EccTimeEqtide) Timescale for Eccentricity Evolution (e/[de/dt]) in EQTIDE [sec]: 1.380991e+17 
(SemiTimeEqtide) Timescale for Semi-major Axis Evolution (a/[da/dt]) in EQTIDE [sec]: 4.626613e+18 
(DHEccDtEqtide) Time Rate of Change of Poincare's h in EQTIDE [/sec]: 2.071095e-20 
(DKEccDtEqtide) Time Rate of Change of Poincare's k in EQTIDE [/sec]: -5.365417e-19 
(DXoblDtEqtide) Time Rate of Change of Laskar's X in EQTIDE [/sec]: -4.332927e-15 
(DYoblDtEqtide) Time Rate of Change of Laskar's Y in EQTIDE [/sec]: -2.715545e-15 
(DZoblDtEqtide) Time Rate of Change of Laskar's Z in EQTIDE [/sec]: 6.373921e-18 
(BodyDsemiDtEqtide) Body's Contribution to dSemi/dt in EQTIDE [m/sec]: -1.000000 
(BodyDeccDt) Body's Contribution to dEcc/dt in EQTIDE []: -1.000000 
(DOblDtEqtide) Time Rate of Change of Obliquity in EQTIDE [rad/sec]: -5.113559e-15 
(DRotPerDtEqtide) Time Rate of Change of Rotation Period in EQTIDE []: -3.609395e-28 
(DRotRateDtEqtide) Time Rate of Change of Rotational Frequency in EQTIDE [/sec^2]: 2.938736e-39 
(EqRotRateDiscrete) CPL2 Discrete Equilibrium Spin Rate [/sec]: 7.152420e-06 
(EqRotPerDiscrete) CPL2 Discrete Equilibrium Spin Period [sec]: 8.784698e+05 
(EqRotRateCont) CPL2 Continuous Equilibrium Spin Rate [/sec]: 7.526024e-06 
(EqRotPerCont) CPL2 Continuous Equilibrium Rotation Period [sec]: 8.348612e+05 
(EqRotPer) Equilibrium Rotation Period [sec]: 8.784698e+05 
(EqRotRate) Equilibrium Rotation Rate [/sec]: 7.152420e-06 
(GammaRot) Gamma_Rotation [cgs]: -1.000000 
(GammaOrb) Gamma_Orbital [cgs]: -1.000000 
(ImK2) Im(k_2) []: 0.003000 
(TidalQ) Tidal Q []: 100.000000 
(TideLock) Tidally Locked? []: 1.000000 
(RotTimeEqtide) Timescale for Rotational Evolution in EQTIDE [sec]: 2.433842e+33 
(OblTimeEqtide) Timescale for Obliquity Evolution in EQTIDE []: -1.000000 
(PowerEqtide) Internal Power due to Tides in EQTIDE [kg*m^2/sec^3]: 7.096184e+14 
(SurfEnFluxEqtide) Surface Energy Flux due to Tides in EQTIDE [W/m^2]: 1.218887 
Tidal Perturbers: star
----- DISTORB PARAMETERS (b)------
(Inc) Body's Inclination in DistOrb [rad]: 0.307925 
(Sinc) Body's sin(1/2*Inclination) in DistOrb []: 0.153355 
(LongA) Body's Longitude of ascending node in DistOrb [rad]: 2.575225 
(ArgP) Body's argument of pericenter in DistOrb [rad]: 3.669378 
(Pinc) Body's p = s*sin(Omega) in DistOrb []: 0.082286 
(Qinc) Body's q = s* cos(Omega) in DistOrb []: -0.129409 
(DIncDtDistOrb) Body's dInc/dt in DistOrb [/sec]: -2.486238e-15 
(DSincDtDistOrb) Body's dsin(.5*Inc)/dt in DistOrb [/sec]: -1.228414e-15 
(DLongADtDistOrb) Body's dOmega/dt in DistOrb [/sec]: -1.341843e-12 
(DLongPDtDistOrb) Body's dvarpi/dt in DistOrb [/sec]: 6.841448e-13 
(DHeccDtDistOrb) Body's dh/dt in DistOrb [/sec]: 4.986674e-14 
(DKeccDtDistOrb) Body's dk/dt in DistOrb [/sec]: 2.334467e-14 
(DPincDtDistOrb) Body's dp/dt in DistOrb [/sec]: 1.729879e-13 
(DQincDtDistOrb) Body's dq/dt in DistOrb [/sec]: 1.114510e-13 
-----DISTROT PARAMETERS (b)------
(CassiniOne) First Cassini parameter (misalignment of Cassini state vectors) []: 0.007104 
(CassiniTwo) Second Cassini parameter (alignment of Cassini state vectors []: -0.999975 
(DOblDtDistRot) Body's dobl/dt in DistRot [rad]: 5.141760e-15 
(DPrecADtDistRot) Body's dpA/dt in DistRot [rad]: 1.650727e-12 
(DXoblDtDistRot) Body's dXobl/dt in DistRot [/sec]: 3.264144e-15 
(DYoblDtDistRot) Body's dYobl/dt in DistRot [/sec]: 4.474002e-15 
(DZoblDtDistRot) Body's dZobl/dt in DistRot [/sec]: -6.409073e-18 
(OblTimeDistRot) Obliquity timescale in DistRot [rad]: 6.109956e+14 
(PrecATimeDistRot) Axial precession timescale in DistRot [rad]: 3.806314e+12 
(XoblTimeDistRot) Xobl timescale in DistRot [/sec]: 3.063591e+14 
(YoblTimeDistRot) Yobl timescale in DistRot [/sec]: 2.235135e+14 
(ZoblTimeDistRot) Zobl timescale in DistRot [/sec]: 1.560288e+17 
(DynEllip) dynamical ellipticity of planet []: 3.030653e-05 
Output Order: Time[year] SemiMajorAxis[AU] Eccentricity[] Inc[deg] ArgP[deg] LongA[deg] RotPer[days] Obliquity[deg] PrecA[deg] CassiniOne[deg] CassiniTwo[deg] SurfEnFluxEqtide[W/m^2] DynEllip[] DeltaTime[year]
Grid Output Order:

----- BODY: c ----
Active Modules: DISTORB 
Module Bit Sum: 17
Color: 000000
(Mass) Mass [kg]: 1.868876e+25 
(Obliquity) Obliquity [rad]: 2.186276 
(PrecA) Body's precession parameter in DistRot [rad]: 3.926991 
(Xobl) Body's sin(obl)*cos(pA) []: -1.000000 
(Yobl) Body's sin(obl)*sin(pA) []: -1.000000 
(Zobl) Body's cos(obl) []: -1.000000 
(Radius) Radius [m]: 9.567150e+06 
(RotAngMom) Rotational Angular Momentum [kg*m^2/sec]: 3.109939e+34 
(RotKinEnergy) Rotational Energy [kg*m^2/sec^2]: 1.130806e+30 
(RotVel) Rotational Velocity [m/sec]: 695.742781 
(BodyType) Type of Body (0 == planet) []: -1.000000 
(RotRate) Rotational Frequency [/sec]: 7.272205e-05 
(RotPer) Rotational Period [sec]: 8.640000e+04 
(SurfEnFluxTotal) Total Surface Energy Flux [kg*m^2/sec^2/(m^2*sec)]: 0.000000 
(HEcc) Poincare's h (=e*sin(varpi) []: 0.019734 
(KEcc) Poincare's k (=e*cos(varpi) []: 0.197287 
(Eccentricity) Orbital Eccentricity []: 0.198272 
(OrbEnergy) Orbital Energy [kg*m^2/sec^2]: -8.911136e+33 
(MeanMotion) Orbital Mean Motion [/sec]: 3.382417e-07 
(OrbPeriod) Orbital Period [sec]: 1.857602e+07 
(SemiMajorAxis) Semi-major Axis [m]: 5.182718e+10 
(OrbAngMom) Orbital Angular Momentum [kg*m^2/sec]: 2.484922e+39 
(OrbKinEnergy) Orbital Kinetic Energy [kg*m^2/sec^2]: 2.871348e+33 
(OrbPotEnergy) Orbital Potential Energy [kg*m^2/sec^2]: -5.742696e+33 
(OrbEnergy) Orbital Energy [kg*m^2/sec^2]: -8.911136e+33 
----- DISTORB PARAMETERS (c)------
(Inc) Body's Inclination in DistOrb [rad]: 0.046016 
(Sinc) Body's sin(1/2*Inclination) in DistOrb []: 0.023006 
(LongA) Body's Longitude of ascending node in DistOrb [rad]: 5.712489 
(ArgP) Body's argument of pericenter in DistOrb [rad]: 0.670390 
(Pinc) Body's p = s*sin(Omega) in DistOrb []: -0.012428 
(Qinc) Body's q = s* cos(Omega) in DistOrb []: 0.019360 
(DIncDtDistOrb) Body's dInc/dt in DistOrb [/sec]: -1.531186e-16 
(DSincDtDistOrb) Body's dsin(.5*Inc)/dt in DistOrb [/sec]: -7.653905e-17 
(DLongADtDistOrb) Body's dOmega/dt in DistOrb [/sec]: -1.319913e-12 
(DLongPDtDistOrb) Body's dvarpi/dt in DistOrb [/sec]: 1.425483e-13 
(DHeccDtDistOrb) Body's dh/dt in DistOrb [/sec]: 2.807102e-14 
(DKeccDtDistOrb) Body's dk/dt in DistOrb [/sec]: -3.331987e-15 
(DPincDtDistOrb) Body's dp/dt in DistOrb [/sec]: -2.551212e-14 
(DQincDtDistOrb) Body's dq/dt in DistOrb [/sec]: -1.646848e-14 
Output Order: Time[year] Eccentricity[] Inc[deg] ArgP[deg] LongA[deg]
Grid Output Order:

Runtime = 172607.000000 s
