-------- Log file pandora.log -------

Executable: vplanet
System Name: pandora
Primary Input File: vpl.in
Body File #1: star.in
Body File #2: b.in
Body File #3: c.in
Allow files to be overwitten: Yes
Mass Units: Kilograms
Length Units: Meters
Time Units: Seconds
Angle Units: Radians

------- FORMATTING -----
Verbosity Level: 5
Crossover Decade for Scientific Notation: 4
Number of Digits After Decimal: 6
Integration Method: Runge-Kutta4
Direction: Forward
Time Step: 3.155760e+07
Stop Time: 3.155760e+14
Output Interval: 3.155760e+10
Use Variable Timestep: Yes
dEta: 0.010000
Minimum Value of ecc and obl: 1.000000e-10


---- INITIAL SYSTEM PROPERTIES ----
(Age) System Age [sec]: 0.000000 
(Time) Simulation Time [sec]: 0.000000 
(TotAngMom) Total Angular Momentum [kg*m^2/sec]: 3.192446e+39 
(TotEnergy) Total Energy [kg*m^2/sec^2]: -2.010656e+40 
(PotEnergy) Total Potential Energy [kg*m^2/sec^2]: -2.010657e+40 
(KinEnergy) Total Kinetic Energy [kg*m^2/sec^2]: 8.656294e+33 
(DeltaTime) Average Timestep Over Last Output Interval [sec]: 0.000000 
(LongP) Body's Longitude of pericenter in Lagrange [rad]: 0.000000 
(LXUVTot) Total XUV Luminosity [kg*m^2/sec^2/(m^2*sec)]: -1.000000 

----- BODY: star ----
Active Modules: EQTIDE 
Module Bit Sum: 3
Color: 000000
(Mass) Mass [kg]: 2.386099e+29 
(Obliquity) Obliquity [rad]: 0.000000 
(PrecA) Body's precession parameter in DistRot [rad]: 0.000000 
(Xobl) Body's sin(obl)*cos(pA) []: 0.000000 
(Yobl) Body's sin(obl)*sin(pA) []: 0.000000 
(Zobl) Body's cos(obl) []: 1.000000 
(Radius) Radius [m]: 1.133953e+08 
(RotAngMom) Rotational Angular Momentum [kg*m^2/sec]: 6.720576e+38 
(RotKinEnergy) Rotational Energy [kg*m^2/sec^2]: 2.944181e+32 
(RotVel) Rotational Velocity [m/sec]: 99.353467 
(BodyType) Type of Body (0 == planet) []: -1.000000 
(RotRate) Rotational Frequency [/sec]: 8.761693e-07 
(RotPer) Rotational Period [days]: 83.000000 
(SurfEnFluxTotal) Total Surface Energy Flux [kg*m^2/sec^2/(m^2*sec)]: 1.276051e-08 
(HEcc) Poincare's h (=e*sin(varpi) []: 0.000000 
(KEcc) Poincare's k (=e*cos(varpi) []: 0.000000 
(Eccentricity) Orbital Eccentricity []: -1.000000 
(OrbEnergy) Orbital Energy [kg*m^2/sec^2]: -8.361643e+33 
(MeanMotion) Orbital Mean Motion [/sec]: -1.000000 
(OrbPeriod) Orbital Period [sec]: -1.000000 
(SemiMajorAxis) Semi-major Axis [m]: -1.000000 
(OrbAngMom) Orbital Angular Momentum [kg*m^2/sec]: 2.520382e+39 
(OrbKinEnergy) Orbital Kinetic Energy [kg*m^2/sec^2]: -1.000000 
(OrbPotEnergy) Orbital Potential Energy [kg*m^2/sec^2]: -1.000000 
(OrbEnergy) Orbital Energy [kg*m^2/sec^2]: -8.361643e+33 
----- EQTIDE PARAMETERS (star)------
(BodyDsemiDtEqtide) Body's Contribution to dSemi/dt in EQTIDE [m/sec]: -1.000000 
(BodyDeccDt) Body's Contribution to dEcc/dt in EQTIDE []: -1.000000 
(DOblDtEqtide) Time Rate of Change of Obliquity in EQTIDE [rad/sec]: 0.000000 
(DRotPerDtEqtide) Time Rate of Change of Rotation Period in EQTIDE []: -3.154239e-18 
(DRotRateDtEqtide) Time Rate of Change of Rotational Frequency in EQTIDE [/sec^2]: 3.853814e-31 
(EqRotRateDiscrete) CPL2 Discrete Equilibrium Spin Rate [/sec]: 6.501160e-06 
(EqRotPerDiscrete) CPL2 Discrete Equilibrium Spin Period [sec]: 9.664714e+05 
(EqRotRateCont) CPL2 Continuous Equilibrium Spin Rate [/sec]: 8.971601e-06 
(EqRotPerCont) CPL2 Continuous Equilibrium Rotation Period [sec]: 7.003416e+05 
(EqRotPer) Equilibrium Rotation Period [sec]: 9.664714e+05 
(EqRotRate) Equilibrium Rotation Rate [/sec]: 6.501160e-06 
(GammaRot) Gamma_Rotation [cgs]: -1.000000 
(GammaOrb) Gamma_Orbital [cgs]: -1.000000 
(ImK2) Im(k_2) []: 2.990000e-07 
(TidalQ) Tidal Q []: 1.000000e+06 
(TideLock) Tidally Locked? []: 0.000000 
(RotTimeEqtide) Timescale for Rotational Evolution in EQTIDE [sec]: 2.273512e+24 
(OblTimeEqtide) Timescale for Obliquity Evolution in EQTIDE []: -1.000000 
(PowerEqtide) Internal Power due to Tides in EQTIDE [kg*m^2/sec^3]: 2.061901e+09 
(SurfEnFluxEqtide) Surface Energy Flux due to Tides in EQTIDE [kg*m^2/sec^2/(m^2*sec)]: 1.276051e-08 
Tidal Perturbers: b
Output Order: Time[year] RotPer[days]
Grid Output Order:

----- BODY: b ----
Active Modules: DISTORB DISTROT EQTIDE 
Module Bit Sum: 51
Color: 000000
(Mass) Mass [kg]: 7.584676e+24 
(Obliquity) Obliquity [rad]: 0.785398 
(PrecA) Body's precession parameter in DistRot [rad]: 5.063782 
(Xobl) Body's sin(obl)*cos(pA) []: 0.243391 
(Yobl) Body's sin(obl)*sin(pA) []: -0.663898 
(Zobl) Body's cos(obl) []: 0.707107 
(Radius) Radius [m]: 6.806530e+06 
(RotAngMom) Rotational Angular Momentum [kg*m^2/sec]: 6.388438e+33 
(RotKinEnergy) Rotational Energy [kg*m^2/sec^2]: 2.322902e+29 
(RotVel) Rotational Velocity [m/sec]: 494.984810 
(BodyType) Type of Body (0 == planet) []: -1.000000 
(RotRate) Rotational Frequency [/sec]: 7.272205e-05 
(RotPer) Rotational Period [days]: 1.000000 
(SurfEnFluxTotal) Total Surface Energy Flux [kg*m^2/sec^2/(m^2*sec)]: 256.039533 
(HEcc) Poincare's h (=e*sin(varpi) []: -0.070320 
(KEcc) Poincare's k (=e*cos(varpi) []: 0.187230 
(Eccentricity) Orbital Eccentricity []: 0.200000 
(OrbEnergy) Orbital Energy [kg*m^2/sec^2]: -8.361643e+33 
(MeanMotion) Orbital Mean Motion [/sec]: 6.501160e-06 
(OrbPeriod) Orbital Period [sec]: 9.664714e+05 
(SemiMajorAxis) Semi-major Axis [m]: 7.222846e+09 
(OrbAngMom) Orbital Angular Momentum [kg*m^2/sec]: 2.520382e+39 
(OrbKinEnergy) Orbital Kinetic Energy [kg*m^2/sec^2]: 8.361643e+33 
(OrbPotEnergy) Orbital Potential Energy [kg*m^2/sec^2]: -1.672329e+34 
(OrbEnergy) Orbital Energy [kg*m^2/sec^2]: -8.361643e+33 
----- EQTIDE PARAMETERS (b)------
(DsemiDtEqtide) Total da/dt in EQTIDE [m/sec]: 1.491960e-08 
(DeccDtEqtide) Total de/dt in EQTIDE [/sec]: 6.497786e-19 
(DMeanMotionDtEqtide) Total dMeanMotion/dt in EQTIDE [/sec^2]: -2.014331e-23 
(DOrbPerDtEqtide) Total dOrbPer/dt in EQTIDE []: 2.994532e-12 
(EccTimeEqtide) Timescale for Eccentricity Evolution (e/[de/dt]) in EQTIDE [sec]: 3.077972e+17 
(SemiTimeEqtide) Timescale for Semi-major Axis Evolution (a/[da/dt]) in EQTIDE [sec]: 4.841181e+17 
(DHEccDtEqtide) Time Rate of Change of Poincare's h in EQTIDE [/sec]: -2.284610e-19 
(DKEccDtEqtide) Time Rate of Change of Poincare's k in EQTIDE [/sec]: 6.082908e-19 
(DXoblDtEqtide) Time Rate of Change of Laskar's X in EQTIDE [/sec]: 2.369931e-14 
(DYoblDtEqtide) Time Rate of Change of Laskar's Y in EQTIDE [/sec]: -6.464478e-14 
(DZoblDtEqtide) Time Rate of Change of Laskar's Z in EQTIDE [/sec]: -6.885205e-14 
(BodyDsemiDtEqtide) Body's Contribution to dSemi/dt in EQTIDE [m/sec]: -1.000000 
(BodyDeccDt) Body's Contribution to dEcc/dt in EQTIDE []: -1.000000 
(DOblDtEqtide) Time Rate of Change of Obliquity in EQTIDE [rad/sec]: 9.737150e-14 
(DRotPerDtEqtide) Time Rate of Change of Rotation Period in EQTIDE []: 3.093393e-08 
(DRotRateDtEqtide) Time Rate of Change of Rotational Frequency in EQTIDE [/sec^2]: -2.603679e-17 
(EqRotRateDiscrete) CPL2 Discrete Equilibrium Spin Rate [/sec]: 6.501160e-06 
(EqRotPerDiscrete) CPL2 Discrete Equilibrium Spin Period [sec]: 9.664714e+05 
(EqRotRateCont) CPL2 Continuous Equilibrium Spin Rate [/sec]: 8.971601e-06 
(EqRotPerCont) CPL2 Continuous Equilibrium Rotation Period [sec]: 7.003416e+05 
(EqRotPer) Equilibrium Rotation Period [sec]: 9.664714e+05 
(EqRotRate) Equilibrium Rotation Rate [/sec]: 6.501160e-06 
(GammaRot) Gamma_Rotation [cgs]: -1.000000 
(GammaOrb) Gamma_Orbital [cgs]: -1.000000 
(ImK2) Im(k_2) []: 0.003000 
(TidalQ) Tidal Q []: 100.000000 
(TideLock) Tidally Locked? []: 0.000000 
(RotTimeEqtide) Timescale for Rotational Evolution in EQTIDE [sec]: 2.793050e+12 
(OblTimeEqtide) Timescale for Obliquity Evolution in EQTIDE []: -1.000000 
(PowerEqtide) Internal Power due to Tides in EQTIDE [kg*m^2/sec^3]: 1.490625e+17 
(SurfEnFluxEqtide) Surface Energy Flux due to Tides in EQTIDE [W/m^2]: 256.039533 
Tidal Perturbers: star
----- DISTORB PARAMETERS (b)------
(Inc) Body's Inclination in DistOrb [rad]: 1.781920e-07 
(Sinc) Body's sin(1/2*Inclination) in DistOrb []: 8.909599e-08 
(LongA) Body's Longitude of ascending node in DistOrb [rad]: 3.145979 
(ArgP) Body's argument of pericenter in DistOrb [rad]: 2.777928 
(Pinc) Body's p = s*sin(Omega) in DistOrb []: -3.908118e-10 
(Qinc) Body's q = s* cos(Omega) in DistOrb []: -8.909513e-08 
(DIncDtDistOrb) Body's dInc/dt in DistOrb [/sec]: 2.194640e-20 
(DSincDtDistOrb) Body's dsin(.5*Inc)/dt in DistOrb [/sec]: 1.097320e-20 
(DLongADtDistOrb) Body's dOmega/dt in DistOrb [/sec]: -1.475871e-12 
(DLongPDtDistOrb) Body's dvarpi/dt in DistOrb [/sec]: 1.172875e-12 
(DHeccDtDistOrb) Body's dh/dt in DistOrb [/sec]: 1.953451e-13 
(DKeccDtDistOrb) Body's dk/dt in DistOrb [/sec]: 1.470499e-13 
(DPincDtDistOrb) Body's dp/dt in DistOrb [/sec]: 1.314448e-19 
(DQincDtDistOrb) Body's dq/dt in DistOrb [/sec]: -1.154988e-20 
-----DISTROT PARAMETERS (b)------
(CassiniOne) First Cassini parameter (misalignment of Cassini state vectors) []: 0.937400 
(CassiniTwo) Second Cassini parameter (alignment of Cassini state vectors []: -0.348255 
(DOblDtDistRot) Body's dobl/dt in DistRot [rad]: 2.388744e-19 
(DPrecADtDistRot) Body's dpA/dt in DistRot [rad]: 2.053216e-09 
(DXoblDtDistRot) Body's dXobl/dt in DistRot [/sec]: 1.363127e-09 
(DYoblDtDistRot) Body's dYobl/dt in DistRot [/sec]: 4.997336e-10 
(DZoblDtDistRot) Body's dZobl/dt in DistRot [/sec]: -1.689097e-19 
(OblTimeDistRot) Obliquity timescale in DistRot [rad]: 1.315165e+19 
(PrecATimeDistRot) Axial precession timescale in DistRot [rad]: 3.060167e+09 
(XoblTimeDistRot) Xobl timescale in DistRot [/sec]: 7.336075e+08 
(YoblTimeDistRot) Yobl timescale in DistRot [/sec]: 2.001066e+09 
(ZoblTimeDistRot) Zobl timescale in DistRot [/sec]: 5.920324e+18 
(DynEllip) dynamical ellipticity of planet []: 0.003133 
Output Order: Time[year] SemiMajorAxis[AU] Eccentricity[] Inc[deg] ArgP[deg] LongA[deg] RotPer[days] Obliquity[deg] PrecA[deg] CassiniOne[deg] CassiniTwo[deg] SurfEnFluxEqtide[W/m^2] DynEllip[] DeltaTime[year]
Grid Output Order:

----- BODY: c ----
Active Modules: DISTORB 
Module Bit Sum: 17
Color: 000000
(Mass) Mass [kg]: 1.868876e+25 
(Obliquity) Obliquity [rad]: 2.186276 
(PrecA) Body's precession parameter in DistRot [rad]: 3.926991 
(Xobl) Body's sin(obl)*cos(pA) []: -1.000000 
(Yobl) Body's sin(obl)*sin(pA) []: -1.000000 
(Zobl) Body's cos(obl) []: -1.000000 
(Radius) Radius [m]: 9.567150e+06 
(RotAngMom) Rotational Angular Momentum [kg*m^2/sec]: 3.109939e+34 
(RotKinEnergy) Rotational Energy [kg*m^2/sec^2]: 1.130806e+30 
(RotVel) Rotational Velocity [m/sec]: 695.742781 
(BodyType) Type of Body (0 == planet) []: -1.000000 
(RotRate) Rotational Frequency [/sec]: 7.272205e-05 
(RotPer) Rotational Period [sec]: 8.640000e+04 
(SurfEnFluxTotal) Total Surface Energy Flux [kg*m^2/sec^2/(m^2*sec)]: 0.000000 
(HEcc) Poincare's h (=e*sin(varpi) []: 0.272173 
(KEcc) Poincare's k (=e*cos(varpi) []: 0.126182 
(Eccentricity) Orbital Eccentricity []: 0.300000 
(OrbEnergy) Orbital Energy [kg*m^2/sec^2]: -8.361643e+33 
(MeanMotion) Orbital Mean Motion [/sec]: 3.382417e-07 
(OrbPeriod) Orbital Period [sec]: 1.857602e+07 
(SemiMajorAxis) Semi-major Axis [m]: 5.182718e+10 
(OrbAngMom) Orbital Angular Momentum [kg*m^2/sec]: 2.520382e+39 
(OrbKinEnergy) Orbital Kinetic Energy [kg*m^2/sec^2]: 2.871348e+33 
(OrbPotEnergy) Orbital Potential Energy [kg*m^2/sec^2]: -5.742696e+33 
(OrbEnergy) Orbital Energy [kg*m^2/sec^2]: -8.361643e+33 
----- DISTORB PARAMETERS (c)------
(Inc) Body's Inclination in DistOrb [rad]: 2.980232e-08 
(Sinc) Body's sin(1/2*Inclination) in DistOrb []: 1.490116e-08 
(LongA) Body's Longitude of ascending node in DistOrb [rad]: 0.003894 
(ArgP) Body's argument of pericenter in DistOrb [rad]: 1.132790 
(Pinc) Body's p = s*sin(Omega) in DistOrb []: 5.802943e-11 
(Qinc) Body's q = s* cos(Omega) in DistOrb []: 1.490105e-08 
(DIncDtDistOrb) Body's dInc/dt in DistOrb [/sec]: 3.018488e-21 
(DSincDtDistOrb) Body's dsin(.5*Inc)/dt in DistOrb [/sec]: 1.509244e-21 
(DLongADtDistOrb) Body's dOmega/dt in DistOrb [/sec]: -1.373116e-12 
(DLongPDtDistOrb) Body's dvarpi/dt in DistOrb [/sec]: 1.986901e-13 
(DHeccDtDistOrb) Body's dh/dt in DistOrb [/sec]: 1.891714e-14 
(DKeccDtDistOrb) Body's dk/dt in DistOrb [/sec]: -5.693110e-14 
(DPincDtDistOrb) Body's dp/dt in DistOrb [/sec]: -2.045498e-20 
(DQincDtDistOrb) Body's dq/dt in DistOrb [/sec]: 1.588914e-21 
Output Order: Time[year] Eccentricity[] Inc[deg] ArgP[deg] LongA[deg]
Grid Output Order:



---- FINAL SYSTEM PROPERTIES ----
(Age) System Age [sec]: 3.155760e+14 
(Time) Simulation Time [sec]: 3.155760e+14 
(TotAngMom) Total Angular Momentum [kg*m^2/sec]: 3.213129e+39 
(TotEnergy) Total Energy [kg*m^2/sec^2]: -2.010656e+40 
(PotEnergy) Total Potential Energy [kg*m^2/sec^2]: -2.010657e+40 
(KinEnergy) Total Kinetic Energy [kg*m^2/sec^2]: 8.656911e+33 
(DeltaTime) Average Timestep Over Last Output Interval [sec]: inf 
(LongP) Body's Longitude of pericenter in Lagrange [rad]: 0.000000 
(LXUVTot) Total XUV Luminosity [kg*m^2/sec^2/(m^2*sec)]: -1.000000 

----- BODY: star ----
Active Modules: EQTIDE 
Module Bit Sum: 3
Color: 000000
(Mass) Mass [kg]: 2.386099e+29 
(Obliquity) Obliquity [rad]: 0.000000 
(PrecA) Body's precession parameter in DistRot [rad]: 0.000000 
(Xobl) Body's sin(obl)*cos(pA) []: 0.000000 
(Yobl) Body's sin(obl)*sin(pA) []: 0.000000 
(Zobl) Body's cos(obl) []: 1.000000 
(Radius) Radius [m]: 1.133953e+08 
(RotAngMom) Rotational Angular Momentum [kg*m^2/sec]: 6.720576e+38 
(RotKinEnergy) Rotational Energy [kg*m^2/sec^2]: 2.944181e+32 
(RotVel) Rotational Velocity [m/sec]: 99.353467 
(BodyType) Type of Body (0 == planet) []: -1.000000 
(RotRate) Rotational Frequency [/sec]: 8.761693e-07 
(RotPer) Rotational Period [days]: 83.000000 
(SurfEnFluxTotal) Total Surface Energy Flux [kg*m^2/sec^2/(m^2*sec)]: 1.084026e-08 
(HEcc) Poincare's h (=e*sin(varpi) []: 0.000000 
(KEcc) Poincare's k (=e*cos(varpi) []: 0.000000 
(Eccentricity) Orbital Eccentricity []: -1.000000 
(OrbEnergy) Orbital Energy [kg*m^2/sec^2]: -8.362491e+33 
(MeanMotion) Orbital Mean Motion [/sec]: -1.000000 
(OrbPeriod) Orbital Period [sec]: -1.000000 
(SemiMajorAxis) Semi-major Axis [m]: -1.000000 
(OrbAngMom) Orbital Angular Momentum [kg*m^2/sec]: 2.541071e+39 
(OrbKinEnergy) Orbital Kinetic Energy [kg*m^2/sec^2]: -1.000000 
(OrbPotEnergy) Orbital Potential Energy [kg*m^2/sec^2]: -1.000000 
(OrbEnergy) Orbital Energy [kg*m^2/sec^2]: -8.362491e+33 
----- EQTIDE PARAMETERS (star)------
(BodyDsemiDtEqtide) Body's Contribution to dSemi/dt in EQTIDE [m/sec]: -1.000000 
(BodyDeccDt) Body's Contribution to dEcc/dt in EQTIDE []: -1.000000 
(DOblDtEqtide) Time Rate of Change of Obliquity in EQTIDE [rad/sec]: 0.000000 
(DRotPerDtEqtide) Time Rate of Change of Rotation Period in EQTIDE []: -2.866207e-18 
(DRotRateDtEqtide) Time Rate of Change of Rotational Frequency in EQTIDE [/sec^2]: 3.501901e-31 
(EqRotRateDiscrete) CPL2 Discrete Equilibrium Spin Rate [/sec]: 6.502149e-06 
(EqRotPerDiscrete) CPL2 Discrete Equilibrium Spin Period [sec]: 9.663245e+05 
(EqRotRateCont) CPL2 Continuous Equilibrium Spin Rate [/sec]: 7.989345e-06 
(EqRotPerCont) CPL2 Continuous Equilibrium Rotation Period [sec]: 7.864456e+05 
(EqRotPer) Equilibrium Rotation Period [sec]: 9.663245e+05 
(EqRotRate) Equilibrium Rotation Rate [/sec]: 6.502149e-06 
(GammaRot) Gamma_Rotation [cgs]: -1.000000 
(GammaOrb) Gamma_Orbital [cgs]: -1.000000 
(ImK2) Im(k_2) []: 2.990000e-07 
(TidalQ) Tidal Q []: 1.000000e+06 
(TideLock) Tidally Locked? []: 0.000000 
(RotTimeEqtide) Timescale for Rotational Evolution in EQTIDE [sec]: 2.501982e+24 
(OblTimeEqtide) Timescale for Obliquity Evolution in EQTIDE []: -1.000000 
(PowerEqtide) Internal Power due to Tides in EQTIDE [kg*m^2/sec^3]: 1.751619e+09 
(SurfEnFluxEqtide) Surface Energy Flux due to Tides in EQTIDE [kg*m^2/sec^2/(m^2*sec)]: 1.084026e-08 
Tidal Perturbers: b
Output Order: Time[year] RotPer[days]
Grid Output Order:

----- BODY: b ----
Active Modules: DISTORB DISTROT EQTIDE 
Module Bit Sum: 51
Color: 000000
(Mass) Mass [kg]: 7.584676e+24 
(Obliquity) Obliquity [rad]: 1.142518e-09 
(PrecA) Body's precession parameter in DistRot [rad]: 1.932278 
(Xobl) Body's sin(obl)*cos(pA) []: -4.040639e-10 
(Yobl) Body's sin(obl)*sin(pA) []: 1.068682e-09 
(Zobl) Body's cos(obl) []: 1.000000 
(Radius) Radius [m]: 6.806530e+06 
(RotAngMom) Rotational Angular Momentum [kg*m^2/sec]: 5.711964e+32 
(RotKinEnergy) Rotational Energy [kg*m^2/sec^2]: 1.857002e+27 
(RotVel) Rotational Velocity [m/sec]: 44.257068 
(BodyType) Type of Body (0 == planet) []: -1.000000 
(RotRate) Rotational Frequency [/sec]: 6.502149e-06 
(RotPer) Rotational Period [days]: 11.184311 
(SurfEnFluxTotal) Total Surface Energy Flux [kg*m^2/sec^2/(m^2*sec)]: 3.313737 
(HEcc) Poincare's h (=e*sin(varpi) []: 0.014879 
(KEcc) Poincare's k (=e*cos(varpi) []: -0.154450 
(Eccentricity) Orbital Eccentricity []: 0.155165 
(OrbEnergy) Orbital Energy [kg*m^2/sec^2]: -8.362491e+33 
(MeanMotion) Orbital Mean Motion [/sec]: 6.502149e-06 
(OrbPeriod) Orbital Period [sec]: 9.663245e+05 
(SemiMajorAxis) Semi-major Axis [m]: 7.222114e+09 
(OrbAngMom) Orbital Angular Momentum [kg*m^2/sec]: 2.541071e+39 
(OrbKinEnergy) Orbital Kinetic Energy [kg*m^2/sec^2]: 8.362491e+33 
(OrbPotEnergy) Orbital Potential Energy [kg*m^2/sec^2]: -1.672498e+34 
(OrbEnergy) Orbital Energy [kg*m^2/sec^2]: -8.362491e+33 
----- EQTIDE PARAMETERS (b)------
(DsemiDtEqtide) Total da/dt in EQTIDE [m/sec]: -4.522346e-09 
(DeccDtEqtide) Total de/dt in EQTIDE [/sec]: -7.433956e-19 
(DMeanMotionDtEqtide) Total dMeanMotion/dt in EQTIDE [/sec^2]: 6.107277e-24 
(DOrbPerDtEqtide) Total dOrbPer/dt in EQTIDE []: -9.076402e-13 
(EccTimeEqtide) Timescale for Eccentricity Evolution (e/[de/dt]) in EQTIDE [sec]: 2.087247e+17 
(SemiTimeEqtide) Timescale for Semi-major Axis Evolution (a/[da/dt]) in EQTIDE [sec]: 1.596984e+18 
(DHEccDtEqtide) Time Rate of Change of Poincare's h in EQTIDE [/sec]: -7.128610e-20 
(DKEccDtEqtide) Time Rate of Change of Poincare's k in EQTIDE [/sec]: 7.399698e-19 
(DXoblDtEqtide) Time Rate of Change of Laskar's X in EQTIDE [/sec]: 1.245379e-21 
(DYoblDtEqtide) Time Rate of Change of Laskar's Y in EQTIDE [/sec]: -3.293819e-21 
(DZoblDtEqtide) Time Rate of Change of Laskar's Z in EQTIDE [/sec]: 4.023256e-30 
(BodyDsemiDtEqtide) Body's Contribution to dSemi/dt in EQTIDE [m/sec]: -1.000000 
(BodyDeccDt) Body's Contribution to dEcc/dt in EQTIDE []: -1.000000 
(DOblDtEqtide) Time Rate of Change of Obliquity in EQTIDE [rad/sec]: -3.521394e-21 
(DRotPerDtEqtide) Time Rate of Change of Rotation Period in EQTIDE []: -4.367437e-28 
(DRotRateDtEqtide) Time Rate of Change of Rotational Frequency in EQTIDE [/sec^2]: 2.938736e-39 
(EqRotRateDiscrete) CPL2 Discrete Equilibrium Spin Rate [/sec]: 6.502149e-06 
(EqRotPerDiscrete) CPL2 Discrete Equilibrium Spin Period [sec]: 9.663245e+05 
(EqRotRateCont) CPL2 Continuous Equilibrium Spin Rate [/sec]: 7.989345e-06 
(EqRotPerCont) CPL2 Continuous Equilibrium Rotation Period [sec]: 7.864456e+05 
(EqRotPer) Equilibrium Rotation Period [sec]: 9.663245e+05 
(EqRotRate) Equilibrium Rotation Rate [/sec]: 6.502149e-06 
(GammaRot) Gamma_Rotation [cgs]: -1.000000 
(GammaOrb) Gamma_Orbital [cgs]: -1.000000 
(ImK2) Im(k_2) []: 0.003000 
(TidalQ) Tidal Q []: 100.000000 
(TideLock) Tidally Locked? []: 1.000000 
(RotTimeEqtide) Timescale for Rotational Evolution in EQTIDE [sec]: 2.212566e+33 
(OblTimeEqtide) Timescale for Obliquity Evolution in EQTIDE []: -1.000000 
(PowerEqtide) Internal Power due to Tides in EQTIDE [kg*m^2/sec^3]: 1.929210e+15 
(SurfEnFluxEqtide) Surface Energy Flux due to Tides in EQTIDE [W/m^2]: 3.313737 
Tidal Perturbers: star
----- DISTORB PARAMETERS (b)------
(Inc) Body's Inclination in DistOrb [rad]: 1.714219e-07 
(Sinc) Body's sin(1/2*Inclination) in DistOrb []: 8.571095e-08 
(LongA) Body's Longitude of ascending node in DistOrb [rad]: 1.147828 
(ArgP) Body's argument of pericenter in DistOrb [rad]: 1.897725 
(Pinc) Body's p = s*sin(Omega) in DistOrb []: 7.815762e-08 
(Qinc) Body's q = s* cos(Omega) in DistOrb []: 3.518172e-08 
(DIncDtDistOrb) Body's dInc/dt in DistOrb [/sec]: 1.499578e-20 
(DSincDtDistOrb) Body's dsin(.5*Inc)/dt in DistOrb [/sec]: 7.497889e-21 
(DLongADtDistOrb) Body's dOmega/dt in DistOrb [/sec]: -1.678890e-12 
(DLongPDtDistOrb) Body's dvarpi/dt in DistOrb [/sec]: 1.686128e-12 
(DHeccDtDistOrb) Body's dh/dt in DistOrb [/sec]: -2.591527e-13 
(DKeccDtDistOrb) Body's dk/dt in DistOrb [/sec]: -3.826728e-14 
(DPincDtDistOrb) Body's dp/dt in DistOrb [/sec]: -5.222910e-20 
(DQincDtDistOrb) Body's dq/dt in DistOrb [/sec]: 1.342957e-19 
-----DISTROT PARAMETERS (b)------
(CassiniOne) First Cassini parameter (misalignment of Cassini state vectors) []: 0.046938 
(CassiniTwo) Second Cassini parameter (alignment of Cassini state vectors []: -0.998898 
(DOblDtDistRot) Body's dobl/dt in DistRot [rad]: 2.717208e-21 
(DPrecADtDistRot) Body's dpA/dt in DistRot [rad]: 1.141262e-12 
(DXoblDtDistRot) Body's dXobl/dt in DistRot [/sec]: -2.180615e-21 
(DYoblDtDistRot) Body's dYobl/dt in DistRot [/sec]: 2.080462e-21 
(DZoblDtDistRot) Body's dZobl/dt in DistRot [/sec]: -3.104459e-30 
(OblTimeDistRot) Obliquity timescale in DistRot [rad]: 1.156184e+21 
(PrecATimeDistRot) Axial precession timescale in DistRot [rad]: 5.505471e+12 
(XoblTimeDistRot) Xobl timescale in DistRot [/sec]: 4.585861e+20 
(YoblTimeDistRot) Yobl timescale in DistRot [/sec]: 4.806625e+20 
(ZoblTimeDistRot) Zobl timescale in DistRot [/sec]: 3.221173e+29 
(DynEllip) dynamical ellipticity of planet []: 2.504632e-05 
Output Order: Time[year] SemiMajorAxis[AU] Eccentricity[] Inc[deg] ArgP[deg] LongA[deg] RotPer[days] Obliquity[deg] PrecA[deg] CassiniOne[deg] CassiniTwo[deg] SurfEnFluxEqtide[W/m^2] DynEllip[] DeltaTime[year]
Grid Output Order:

----- BODY: c ----
Active Modules: DISTORB 
Module Bit Sum: 17
Color: 000000
(Mass) Mass [kg]: 1.868876e+25 
(Obliquity) Obliquity [rad]: 2.186276 
(PrecA) Body's precession parameter in DistRot [rad]: 3.926991 
(Xobl) Body's sin(obl)*cos(pA) []: -1.000000 
(Yobl) Body's sin(obl)*sin(pA) []: -1.000000 
(Zobl) Body's cos(obl) []: -1.000000 
(Radius) Radius [m]: 9.567150e+06 
(RotAngMom) Rotational Angular Momentum [kg*m^2/sec]: 3.109939e+34 
(RotKinEnergy) Rotational Energy [kg*m^2/sec^2]: 1.130806e+30 
(RotVel) Rotational Velocity [m/sec]: 695.742781 
(BodyType) Type of Body (0 == planet) []: -1.000000 
(RotRate) Rotational Frequency [/sec]: 7.272205e-05 
(RotPer) Rotational Period [sec]: 8.640000e+04 
(SurfEnFluxTotal) Total Surface Energy Flux [kg*m^2/sec^2/(m^2*sec)]: 0.000000 
(HEcc) Poincare's h (=e*sin(varpi) []: -0.083941 
(KEcc) Poincare's k (=e*cos(varpi) []: 0.292027 
(Eccentricity) Orbital Eccentricity []: 0.303851 
(OrbEnergy) Orbital Energy [kg*m^2/sec^2]: -8.362491e+33 
(MeanMotion) Orbital Mean Motion [/sec]: 3.382417e-07 
(OrbPeriod) Orbital Period [sec]: 1.857602e+07 
(SemiMajorAxis) Semi-major Axis [m]: 5.182718e+10 
(OrbAngMom) Orbital Angular Momentum [kg*m^2/sec]: 2.541071e+39 
(OrbKinEnergy) Orbital Kinetic Energy [kg*m^2/sec^2]: 2.871348e+33 
(OrbPotEnergy) Orbital Potential Energy [kg*m^2/sec^2]: -5.742696e+33 
(OrbEnergy) Orbital Energy [kg*m^2/sec^2]: -8.362491e+33 
----- DISTORB PARAMETERS (c)------
(Inc) Body's Inclination in DistOrb [rad]: 3.063200e-08 
(Sinc) Body's sin(1/2*Inclination) in DistOrb []: 1.531600e-08 
(LongA) Body's Longitude of ascending node in DistOrb [rad]: 4.385359 
(ArgP) Body's argument of pericenter in DistOrb [rad]: 1.617930 
(Pinc) Body's p = s*sin(Omega) in DistOrb []: -1.450426e-08 
(Qinc) Body's q = s* cos(Omega) in DistOrb []: -4.919985e-09 
(DIncDtDistOrb) Body's dInc/dt in DistOrb [/sec]: -2.044873e-21 
(DSincDtDistOrb) Body's dsin(.5*Inc)/dt in DistOrb [/sec]: -1.022437e-21 
(DLongADtDistOrb) Body's dOmega/dt in DistOrb [/sec]: -1.476319e-12 
(DLongPDtDistOrb) Body's dvarpi/dt in DistOrb [/sec]: 2.217900e-13 
(DHeccDtDistOrb) Body's dh/dt in DistOrb [/sec]: 6.504146e-14 
(DKeccDtDistOrb) Body's dk/dt in DistOrb [/sec]: 1.766784e-14 
(DPincDtDistOrb) Body's dp/dt in DistOrb [/sec]: 8.231715e-21 
(DQincDtDistOrb) Body's dq/dt in DistOrb [/sec]: -2.108448e-20 
Output Order: Time[year] Eccentricity[] Inc[deg] ArgP[deg] LongA[deg]
Grid Output Order:

Runtime = 321.000000 s
