-------- Log file pandora.log -------

Executable: vplanet
System Name: pandora
Primary Input File: vpl.in
Body File #1: star.in
Body File #2: b.in
Body File #3: c.in
Allow files to be overwitten: Yes
Mass Units: Kilograms
Length Units: Meters
Time Units: Seconds
Angle Units: Radians

------- FORMATTING -----
Verbosity Level: 5
Crossover Decade for Scientific Notation: 4
Number of Digits After Decimal: 6
Integration Method: Runge-Kutta4
Direction: Forward
Time Step: 3.155760e+07
Stop Time: 3.155760e+14
Output Interval: 3.155760e+10
Use Variable Timestep: Yes
dEta: 0.010000
Minimum Value of ecc and obl: 1.000000e-10


---- INITIAL SYSTEM PROPERTIES ----
(Age) System Age [sec]: 0.000000 
(Time) Simulation Time [sec]: 0.000000 
(TotAngMom) Total Angular Momentum [kg*m^2/sec]: 3.244417e+39 
(TotEnergy) Total Energy [kg*m^2/sec^2]: -2.010656e+40 
(PotEnergy) Total Potential Energy [kg*m^2/sec^2]: -2.010657e+40 
(KinEnergy) Total Kinetic Energy [kg*m^2/sec^2]: 8.656294e+33 
(DeltaTime) Average Timestep Over Last Output Interval [sec]: 0.000000 
(LongP) Body's Longitude of pericenter in Lagrange [rad]: 0.000000 
(LXUVTot) Total XUV Luminosity [kg*m^2/sec^2/(m^2*sec)]: -1.000000 

----- BODY: star ----
Active Modules: EQTIDE 
Module Bit Sum: 3
Color: 000000
(Mass) Mass [kg]: 2.386099e+29 
(Obliquity) Obliquity [rad]: 0.000000 
(PrecA) Body's precession parameter in DistRot [rad]: 0.000000 
(Xobl) Body's sin(obl)*cos(pA) []: 0.000000 
(Yobl) Body's sin(obl)*sin(pA) []: 0.000000 
(Zobl) Body's cos(obl) []: 1.000000 
(Radius) Radius [m]: 1.133953e+08 
(RotAngMom) Rotational Angular Momentum [kg*m^2/sec]: 6.720576e+38 
(RotKinEnergy) Rotational Energy [kg*m^2/sec^2]: 2.944181e+32 
(RotVel) Rotational Velocity [m/sec]: 99.353467 
(BodyType) Type of Body (0 == planet) []: -1.000000 
(RotRate) Rotational Frequency [/sec]: 8.761693e-07 
(RotPer) Rotational Period [days]: 83.000000 
(SurfEnFluxTotal) Total Surface Energy Flux [kg*m^2/sec^2/(m^2*sec)]: 7.915794e-09 
(HEcc) Poincare's h (=e*sin(varpi) []: 0.000000 
(KEcc) Poincare's k (=e*cos(varpi) []: 0.000000 
(Eccentricity) Orbital Eccentricity []: -1.000000 
(OrbEnergy) Orbital Energy [kg*m^2/sec^2]: -8.361643e+33 
(MeanMotion) Orbital Mean Motion [/sec]: -1.000000 
(OrbPeriod) Orbital Period [sec]: -1.000000 
(SemiMajorAxis) Semi-major Axis [m]: -1.000000 
(OrbAngMom) Orbital Angular Momentum [kg*m^2/sec]: 2.572353e+39 
(OrbKinEnergy) Orbital Kinetic Energy [kg*m^2/sec^2]: -1.000000 
(OrbPotEnergy) Orbital Potential Energy [kg*m^2/sec^2]: -1.000000 
(OrbEnergy) Orbital Energy [kg*m^2/sec^2]: -8.361643e+33 
----- EQTIDE PARAMETERS (star)------
(BodyDsemiDtEqtide) Body's Contribution to dSemi/dt in EQTIDE [m/sec]: -1.000000 
(BodyDeccDt) Body's Contribution to dEcc/dt in EQTIDE []: -1.000000 
(DOblDtEqtide) Time Rate of Change of Obliquity in EQTIDE [rad/sec]: 0.000000 
(DRotPerDtEqtide) Time Rate of Change of Rotation Period in EQTIDE []: -2.426356e-18 
(DRotRateDtEqtide) Time Rate of Change of Rotational Frequency in EQTIDE [/sec^2]: 2.964495e-31 
(EqRotRateDiscrete) CPL2 Discrete Equilibrium Spin Rate [/sec]: 6.501160e-06 
(EqRotPerDiscrete) CPL2 Discrete Equilibrium Spin Period [sec]: 9.664714e+05 
(EqRotRateCont) CPL2 Continuous Equilibrium Spin Rate [/sec]: 6.501222e-06 
(EqRotPerCont) CPL2 Continuous Equilibrium Rotation Period [sec]: 9.664622e+05 
(EqRotPer) Equilibrium Rotation Period [sec]: 9.664714e+05 
(EqRotRate) Equilibrium Rotation Rate [/sec]: 6.501160e-06 
(GammaRot) Gamma_Rotation [cgs]: -1.000000 
(GammaOrb) Gamma_Orbital [cgs]: -1.000000 
(ImK2) Im(k_2) []: 2.990000e-07 
(TidalQ) Tidal Q []: 1.000000e+06 
(TideLock) Tidally Locked? []: 0.000000 
(RotTimeEqtide) Timescale for Rotational Evolution in EQTIDE [sec]: 2.955544e+24 
(OblTimeEqtide) Timescale for Obliquity Evolution in EQTIDE []: -1.000000 
(PowerEqtide) Internal Power due to Tides in EQTIDE [kg*m^2/sec^3]: 1.279070e+09 
(SurfEnFluxEqtide) Surface Energy Flux due to Tides in EQTIDE [kg*m^2/sec^2/(m^2*sec)]: 7.915794e-09 
Tidal Perturbers: b
Output Order: Time[year] RotPer[days]
Grid Output Order:

----- BODY: b ----
Active Modules: DISTORB DISTROT EQTIDE 
Module Bit Sum: 51
Color: 000000
(Mass) Mass [kg]: 7.584676e+24 
(Obliquity) Obliquity [rad]: 0.785398 
(PrecA) Body's precession parameter in DistRot [rad]: 5.073173 
(Xobl) Body's sin(obl)*cos(pA) []: 0.249614 
(Yobl) Body's sin(obl)*sin(pA) []: -0.661583 
(Zobl) Body's cos(obl) []: 0.707107 
(Radius) Radius [m]: 6.806530e+06 
(RotAngMom) Rotational Angular Momentum [kg*m^2/sec]: 6.388438e+33 
(RotKinEnergy) Rotational Energy [kg*m^2/sec^2]: 2.322902e+29 
(RotVel) Rotational Velocity [m/sec]: 494.984810 
(BodyType) Type of Body (0 == planet) []: -1.000000 
(RotRate) Rotational Frequency [/sec]: 7.272205e-05 
(RotPer) Rotational Period [days]: 1.000000 
(SurfEnFluxTotal) Total Surface Energy Flux [kg*m^2/sec^2/(m^2*sec)]: 200.128674 
(HEcc) Poincare's h (=e*sin(varpi) []: -0.000360 
(KEcc) Poincare's k (=e*cos(varpi) []: 0.000933 
(Eccentricity) Orbital Eccentricity []: 0.001000 
(OrbEnergy) Orbital Energy [kg*m^2/sec^2]: -8.361643e+33 
(MeanMotion) Orbital Mean Motion [/sec]: 6.501160e-06 
(OrbPeriod) Orbital Period [sec]: 9.664714e+05 
(SemiMajorAxis) Semi-major Axis [m]: 7.222846e+09 
(OrbAngMom) Orbital Angular Momentum [kg*m^2/sec]: 2.572353e+39 
(OrbKinEnergy) Orbital Kinetic Energy [kg*m^2/sec^2]: 8.361643e+33 
(OrbPotEnergy) Orbital Potential Energy [kg*m^2/sec^2]: -1.672329e+34 
(OrbEnergy) Orbital Energy [kg*m^2/sec^2]: -8.361643e+33 
----- EQTIDE PARAMETERS (b)------
(DsemiDtEqtide) Total da/dt in EQTIDE [m/sec]: 9.880653e-09 
(DeccDtEqtide) Total de/dt in EQTIDE [/sec]: 3.248893e-21 
(DMeanMotionDtEqtide) Total dMeanMotion/dt in EQTIDE [/sec^2]: -1.334011e-23 
(DOrbPerDtEqtide) Total dOrbPer/dt in EQTIDE []: 1.983159e-12 
(EccTimeEqtide) Timescale for Eccentricity Evolution (e/[de/dt]) in EQTIDE [sec]: 3.077972e+17 
(SemiTimeEqtide) Timescale for Semi-major Axis Evolution (a/[da/dt]) in EQTIDE [sec]: 7.310089e+17 
(DHEccDtEqtide) Time Rate of Change of Poincare's h in EQTIDE [/sec]: -1.170816e-21 
(DKEccDtEqtide) Time Rate of Change of Poincare's k in EQTIDE [/sec]: 3.030593e-21 
(DXoblDtEqtide) Time Rate of Change of Laskar's X in EQTIDE [/sec]: 2.430533e-14 
(DYoblDtEqtide) Time Rate of Change of Laskar's Y in EQTIDE [/sec]: -6.441937e-14 
(DZoblDtEqtide) Time Rate of Change of Laskar's Z in EQTIDE [/sec]: -6.885205e-14 
(BodyDsemiDtEqtide) Body's Contribution to dSemi/dt in EQTIDE [m/sec]: -1.000000 
(BodyDeccDt) Body's Contribution to dEcc/dt in EQTIDE []: -1.000000 
(DOblDtEqtide) Time Rate of Change of Obliquity in EQTIDE [rad/sec]: 9.737150e-14 
(DRotPerDtEqtide) Time Rate of Change of Rotation Period in EQTIDE []: 2.379551e-08 
(DRotRateDtEqtide) Time Rate of Change of Rotational Frequency in EQTIDE [/sec^2]: -2.002845e-17 
(EqRotRateDiscrete) CPL2 Discrete Equilibrium Spin Rate [/sec]: 6.501160e-06 
(EqRotPerDiscrete) CPL2 Discrete Equilibrium Spin Period [sec]: 9.664714e+05 
(EqRotRateCont) CPL2 Continuous Equilibrium Spin Rate [/sec]: 6.501222e-06 
(EqRotPerCont) CPL2 Continuous Equilibrium Rotation Period [sec]: 9.664622e+05 
(EqRotPer) Equilibrium Rotation Period [sec]: 9.664714e+05 
(EqRotRate) Equilibrium Rotation Rate [/sec]: 6.501160e-06 
(GammaRot) Gamma_Rotation [cgs]: -1.000000 
(GammaOrb) Gamma_Orbital [cgs]: -1.000000 
(ImK2) Im(k_2) []: 0.003000 
(TidalQ) Tidal Q []: 100.000000 
(TideLock) Tidally Locked? []: 0.000000 
(RotTimeEqtide) Timescale for Rotational Evolution in EQTIDE [sec]: 3.630938e+12 
(OblTimeEqtide) Timescale for Obliquity Evolution in EQTIDE []: -1.000000 
(PowerEqtide) Internal Power due to Tides in EQTIDE [kg*m^2/sec^3]: 1.165120e+17 
(SurfEnFluxEqtide) Surface Energy Flux due to Tides in EQTIDE [W/m^2]: 200.128674 
Tidal Perturbers: star
----- DISTORB PARAMETERS (b)------
(Inc) Body's Inclination in DistOrb [rad]: 0.611060 
(Sinc) Body's sin(1/2*Inclination) in DistOrb []: 0.300799 
(LongA) Body's Longitude of ascending node in DistOrb [rad]: 1.570919 
(ArgP) Body's argument of pericenter in DistOrb [rad]: 4.343598 
(Pinc) Body's p = s*sin(Omega) in DistOrb []: 0.300799 
(Qinc) Body's q = s* cos(Omega) in DistOrb []: -3.682690e-05 
(DIncDtDistOrb) Body's dInc/dt in DistOrb [/sec]: -9.394613e-18 
(DSincDtDistOrb) Body's dsin(.5*Inc)/dt in DistOrb [/sec]: -4.479763e-18 
(DLongADtDistOrb) Body's dOmega/dt in DistOrb [/sec]: -8.727476e-13 
(DLongPDtDistOrb) Body's dvarpi/dt in DistOrb [/sec]: -7.930774e-13 
(DHeccDtDistOrb) Body's dh/dt in DistOrb [/sec]: -1.070700e-15 
(DKeccDtDistOrb) Body's dk/dt in DistOrb [/sec]: 5.707397e-16 
(DPincDtDistOrb) Body's dp/dt in DistOrb [/sec]: 2.766082e-17 
(DQincDtDistOrb) Body's dq/dt in DistOrb [/sec]: 2.625212e-13 
-----DISTROT PARAMETERS (b)------
(CassiniOne) First Cassini parameter (misalignment of Cassini state vectors) []: 0.353107 
(CassiniTwo) Second Cassini parameter (alignment of Cassini state vectors []: 0.935583 
(DOblDtDistRot) Body's dobl/dt in DistRot [rad]: 1.768091e-13 
(DPrecADtDistRot) Body's dpA/dt in DistRot [rad]: 1.931893e-09 
(DXoblDtDistRot) Body's dXobl/dt in DistRot [/sec]: 1.278152e-09 
(DYoblDtDistRot) Body's dYobl/dt in DistRot [/sec]: 4.821114e-10 
(DZoblDtDistRot) Body's dZobl/dt in DistRot [/sec]: -1.250229e-13 
(OblTimeDistRot) Obliquity timescale in DistRot [rad]: 1.776828e+13 
(PrecATimeDistRot) Axial precession timescale in DistRot [rad]: 3.252347e+09 
(XoblTimeDistRot) Xobl timescale in DistRot [/sec]: 7.823793e+08 
(YoblTimeDistRot) Yobl timescale in DistRot [/sec]: 2.074209e+09 
(ZoblTimeDistRot) Zobl timescale in DistRot [/sec]: 7.998535e+12 
(DynEllip) dynamical ellipticity of planet []: 0.003133 
Output Order: Time[year] SemiMajorAxis[AU] Eccentricity[] Inc[deg] ArgP[deg] LongA[deg] RotPer[days] Obliquity[deg] PrecA[deg] CassiniOne[deg] CassiniTwo[deg] SurfEnFluxEqtide[W/m^2] DynEllip[] DeltaTime[year]
Grid Output Order:

----- BODY: c ----
Active Modules: DISTORB 
Module Bit Sum: 17
Color: 000000
(Mass) Mass [kg]: 1.868876e+25 
(Obliquity) Obliquity [rad]: 2.186276 
(PrecA) Body's precession parameter in DistRot [rad]: 3.926991 
(Xobl) Body's sin(obl)*cos(pA) []: -1.000000 
(Yobl) Body's sin(obl)*sin(pA) []: -1.000000 
(Zobl) Body's cos(obl) []: -1.000000 
(Radius) Radius [m]: 9.567150e+06 
(RotAngMom) Rotational Angular Momentum [kg*m^2/sec]: 3.109939e+34 
(RotKinEnergy) Rotational Energy [kg*m^2/sec^2]: 1.130806e+30 
(RotVel) Rotational Velocity [m/sec]: 695.742781 
(BodyType) Type of Body (0 == planet) []: -1.000000 
(RotRate) Rotational Frequency [/sec]: 7.272205e-05 
(RotPer) Rotational Period [sec]: 8.640000e+04 
(SurfEnFluxTotal) Total Surface Energy Flux [kg*m^2/sec^2/(m^2*sec)]: 0.000000 
(HEcc) Poincare's h (=e*sin(varpi) []: 0.000914 
(KEcc) Poincare's k (=e*cos(varpi) []: 0.000406 
(Eccentricity) Orbital Eccentricity []: 0.001000 
(OrbEnergy) Orbital Energy [kg*m^2/sec^2]: -8.361643e+33 
(MeanMotion) Orbital Mean Motion [/sec]: 3.382417e-07 
(OrbPeriod) Orbital Period [sec]: 1.857602e+07 
(SemiMajorAxis) Semi-major Axis [m]: 5.182718e+10 
(OrbAngMom) Orbital Angular Momentum [kg*m^2/sec]: 2.572353e+39 
(OrbKinEnergy) Orbital Kinetic Energy [kg*m^2/sec^2]: 2.871348e+33 
(OrbPotEnergy) Orbital Potential Energy [kg*m^2/sec^2]: -5.742696e+33 
(OrbEnergy) Orbital Energy [kg*m^2/sec^2]: -8.361643e+33 
----- DISTORB PARAMETERS (c)------
(Inc) Body's Inclination in DistOrb [rad]: 0.087055 
(Sinc) Body's sin(1/2*Inclination) in DistOrb []: 0.043514 
(LongA) Body's Longitude of ascending node in DistOrb [rad]: 4.712391 
(ArgP) Body's argument of pericenter in DistOrb [rad]: 2.723468 
(Pinc) Body's p = s*sin(Omega) in DistOrb []: -0.043514 
(Qinc) Body's q = s* cos(Omega) in DistOrb []: 1.023197e-07 
(DIncDtDistOrb) Body's dInc/dt in DistOrb [/sec]: 7.807218e-18 
(DSincDtDistOrb) Body's dsin(.5*Inc)/dt in DistOrb [/sec]: 3.899912e-18 
(DLongADtDistOrb) Body's dOmega/dt in DistOrb [/sec]: -8.570888e-13 
(DLongPDtDistOrb) Body's dvarpi/dt in DistOrb [/sec]: 5.046913e-14 
(DHeccDtDistOrb) Body's dh/dt in DistOrb [/sec]: 4.238729e-17 
(DKeccDtDistOrb) Body's dk/dt in DistOrb [/sec]: -3.639313e-17 
(DPincDtDistOrb) Body's dp/dt in DistOrb [/sec]: -3.987609e-18 
(DQincDtDistOrb) Body's dq/dt in DistOrb [/sec]: -3.729497e-14 
Output Order: Time[year] Eccentricity[] Inc[deg] ArgP[deg] LongA[deg]
Grid Output Order:



---- FINAL SYSTEM PROPERTIES ----
(Age) System Age [sec]: 3.155760e+14 
(Time) Simulation Time [sec]: 3.155760e+14 
(TotAngMom) Total Angular Momentum [kg*m^2/sec]: 3.244412e+39 
(TotEnergy) Total Energy [kg*m^2/sec^2]: -2.010656e+40 
(PotEnergy) Total Potential Energy [kg*m^2/sec^2]: -2.010657e+40 
(KinEnergy) Total Kinetic Energy [kg*m^2/sec^2]: 8.656037e+33 
(DeltaTime) Average Timestep Over Last Output Interval [sec]: inf 
(LongP) Body's Longitude of pericenter in Lagrange [rad]: 0.000000 
(LXUVTot) Total XUV Luminosity [kg*m^2/sec^2/(m^2*sec)]: -1.000000 

----- BODY: star ----
Active Modules: EQTIDE 
Module Bit Sum: 3
Color: 000000
(Mass) Mass [kg]: 2.386099e+29 
(Obliquity) Obliquity [rad]: 0.000000 
(PrecA) Body's precession parameter in DistRot [rad]: 0.000000 
(Xobl) Body's sin(obl)*cos(pA) []: 0.000000 
(Yobl) Body's sin(obl)*sin(pA) []: 0.000000 
(Zobl) Body's cos(obl) []: 1.000000 
(Radius) Radius [m]: 1.133953e+08 
(RotAngMom) Rotational Angular Momentum [kg*m^2/sec]: 6.720576e+38 
(RotKinEnergy) Rotational Energy [kg*m^2/sec^2]: 2.944181e+32 
(RotVel) Rotational Velocity [m/sec]: 99.353467 
(BodyType) Type of Body (0 == planet) []: -1.000000 
(RotRate) Rotational Frequency [/sec]: 8.761693e-07 
(RotPer) Rotational Period [days]: 83.000000 
(SurfEnFluxTotal) Total Surface Energy Flux [kg*m^2/sec^2/(m^2*sec)]: 7.915935e-09 
(HEcc) Poincare's h (=e*sin(varpi) []: 0.000000 
(KEcc) Poincare's k (=e*cos(varpi) []: 0.000000 
(Eccentricity) Orbital Eccentricity []: -1.000000 
(OrbEnergy) Orbital Energy [kg*m^2/sec^2]: -8.361617e+33 
(MeanMotion) Orbital Mean Motion [/sec]: -1.000000 
(OrbPeriod) Orbital Period [sec]: -1.000000 
(SemiMajorAxis) Semi-major Axis [m]: -1.000000 
(OrbAngMom) Orbital Angular Momentum [kg*m^2/sec]: 2.572353e+39 
(OrbKinEnergy) Orbital Kinetic Energy [kg*m^2/sec^2]: -1.000000 
(OrbPotEnergy) Orbital Potential Energy [kg*m^2/sec^2]: -1.000000 
(OrbEnergy) Orbital Energy [kg*m^2/sec^2]: -8.361617e+33 
----- EQTIDE PARAMETERS (star)------
(BodyDsemiDtEqtide) Body's Contribution to dSemi/dt in EQTIDE [m/sec]: -1.000000 
(BodyDeccDt) Body's Contribution to dEcc/dt in EQTIDE []: -1.000000 
(DOblDtEqtide) Time Rate of Change of Obliquity in EQTIDE [rad/sec]: 0.000000 
(DRotPerDtEqtide) Time Rate of Change of Rotation Period in EQTIDE []: -2.426360e-18 
(DRotRateDtEqtide) Time Rate of Change of Rotational Frequency in EQTIDE [/sec^2]: 2.964500e-31 
(EqRotRateDiscrete) CPL2 Discrete Equilibrium Spin Rate [/sec]: 6.501129e-06 
(EqRotPerDiscrete) CPL2 Discrete Equilibrium Spin Period [sec]: 9.664760e+05 
(EqRotRateCont) CPL2 Continuous Equilibrium Spin Rate [/sec]: 6.501361e-06 
(EqRotPerCont) CPL2 Continuous Equilibrium Rotation Period [sec]: 9.664416e+05 
(EqRotPer) Equilibrium Rotation Period [sec]: 9.664760e+05 
(EqRotRate) Equilibrium Rotation Rate [/sec]: 6.501129e-06 
(GammaRot) Gamma_Rotation [cgs]: -1.000000 
(GammaOrb) Gamma_Orbital [cgs]: -1.000000 
(ImK2) Im(k_2) []: 2.990000e-07 
(TidalQ) Tidal Q []: 1.000000e+06 
(TideLock) Tidally Locked? []: 0.000000 
(RotTimeEqtide) Timescale for Rotational Evolution in EQTIDE [sec]: 2.955538e+24 
(OblTimeEqtide) Timescale for Obliquity Evolution in EQTIDE []: -1.000000 
(PowerEqtide) Internal Power due to Tides in EQTIDE [kg*m^2/sec^3]: 1.279093e+09 
(SurfEnFluxEqtide) Surface Energy Flux due to Tides in EQTIDE [kg*m^2/sec^2/(m^2*sec)]: 7.915935e-09 
Tidal Perturbers: b
Output Order: Time[year] RotPer[days]
Grid Output Order:

----- BODY: b ----
Active Modules: DISTORB DISTROT EQTIDE 
Module Bit Sum: 51
Color: 000000
(Mass) Mass [kg]: 7.584676e+24 
(Obliquity) Obliquity [rad]: 0.002059 
(PrecA) Body's precession parameter in DistRot [rad]: 0.035610 
(Xobl) Body's sin(obl)*cos(pA) []: 0.002058 
(Yobl) Body's sin(obl)*sin(pA) []: 7.330131e-05 
(Zobl) Body's cos(obl) []: 0.999998 
(Radius) Radius [m]: 6.806530e+06 
(RotAngMom) Rotational Angular Momentum [kg*m^2/sec]: 5.711068e+32 
(RotKinEnergy) Rotational Energy [kg*m^2/sec^2]: 1.856420e+27 
(RotVel) Rotational Velocity [m/sec]: 44.250130 
(BodyType) Type of Body (0 == planet) []: -1.000000 
(RotRate) Rotational Frequency [/sec]: 6.501129e-06 
(RotPer) Rotational Period [days]: 11.186064 
(SurfEnFluxTotal) Total Surface Energy Flux [kg*m^2/sec^2/(m^2*sec)]: 0.000598 
(HEcc) Poincare's h (=e*sin(varpi) []: 0.001782 
(KEcc) Poincare's k (=e*cos(varpi) []: -0.000753 
(Eccentricity) Orbital Eccentricity []: 0.001935 
(OrbEnergy) Orbital Energy [kg*m^2/sec^2]: -8.361617e+33 
(MeanMotion) Orbital Mean Motion [/sec]: 6.501129e-06 
(OrbPeriod) Orbital Period [sec]: 9.664760e+05 
(SemiMajorAxis) Semi-major Axis [m]: 7.222868e+09 
(OrbAngMom) Orbital Angular Momentum [kg*m^2/sec]: 2.572353e+39 
(OrbKinEnergy) Orbital Kinetic Energy [kg*m^2/sec^2]: 8.361617e+33 
(OrbPotEnergy) Orbital Potential Energy [kg*m^2/sec^2]: -1.672323e+34 
(OrbEnergy) Orbital Energy [kg*m^2/sec^2]: -8.361617e+33 
----- EQTIDE PARAMETERS (b)------
(DsemiDtEqtide) Total da/dt in EQTIDE [m/sec]: -7.460137e-13 
(DeccDtEqtide) Total de/dt in EQTIDE [/sec]: -9.264036e-21 
(DMeanMotionDtEqtide) Total dMeanMotion/dt in EQTIDE [/sec^2]: 1.007203e-27 
(DOrbPerDtEqtide) Total dOrbPer/dt in EQTIDE []: -1.497337e-16 
(EccTimeEqtide) Timescale for Eccentricity Evolution (e/[de/dt]) in EQTIDE [sec]: 2.088666e+17 
(SemiTimeEqtide) Timescale for Semi-major Axis Evolution (a/[da/dt]) in EQTIDE [sec]: 9.681952e+21 
(DHEccDtEqtide) Time Rate of Change of Poincare's h in EQTIDE [/sec]: -8.533474e-21 
(DKEccDtEqtide) Time Rate of Change of Poincare's k in EQTIDE [/sec]: 3.605853e-21 
(DXoblDtEqtide) Time Rate of Change of Laskar's X in EQTIDE [/sec]: -6.338793e-15 
(DYoblDtEqtide) Time Rate of Change of Laskar's Y in EQTIDE [/sec]: -2.258176e-16 
(DZoblDtEqtide) Time Rate of Change of Laskar's Z in EQTIDE [/sec]: 1.305926e-17 
(BodyDsemiDtEqtide) Body's Contribution to dSemi/dt in EQTIDE [m/sec]: -1.000000 
(BodyDeccDt) Body's Contribution to dEcc/dt in EQTIDE []: -1.000000 
(DOblDtEqtide) Time Rate of Change of Obliquity in EQTIDE [rad/sec]: -6.342827e-15 
(DRotPerDtEqtide) Time Rate of Change of Rotation Period in EQTIDE []: -4.368807e-28 
(DRotRateDtEqtide) Time Rate of Change of Rotational Frequency in EQTIDE [/sec^2]: 2.938736e-39 
(EqRotRateDiscrete) CPL2 Discrete Equilibrium Spin Rate [/sec]: 6.501129e-06 
(EqRotPerDiscrete) CPL2 Discrete Equilibrium Spin Period [sec]: 9.664760e+05 
(EqRotRateCont) CPL2 Continuous Equilibrium Spin Rate [/sec]: 6.501361e-06 
(EqRotPerCont) CPL2 Continuous Equilibrium Rotation Period [sec]: 9.664416e+05 
(EqRotPer) Equilibrium Rotation Period [sec]: 9.664760e+05 
(EqRotRate) Equilibrium Rotation Rate [/sec]: 6.501129e-06 
(GammaRot) Gamma_Rotation [cgs]: -1.000000 
(GammaOrb) Gamma_Orbital [cgs]: -1.000000 
(ImK2) Im(k_2) []: 0.003000 
(TidalQ) Tidal Q []: 100.000000 
(TideLock) Tidally Locked? []: 1.000000 
(RotTimeEqtide) Timescale for Rotational Evolution in EQTIDE [sec]: 2.212220e+33 
(OblTimeEqtide) Timescale for Obliquity Evolution in EQTIDE []: -1.000000 
(PowerEqtide) Internal Power due to Tides in EQTIDE [kg*m^2/sec^3]: 3.482579e+11 
(SurfEnFluxEqtide) Surface Energy Flux due to Tides in EQTIDE [W/m^2]: 0.000598 
Tidal Perturbers: star
----- DISTORB PARAMETERS (b)------
(Inc) Body's Inclination in DistOrb [rad]: 0.611871 
(Sinc) Body's sin(1/2*Inclination) in DistOrb []: 0.301186 
(LongA) Body's Longitude of ascending node in DistOrb [rad]: 3.095499 
(ArgP) Body's argument of pericenter in DistOrb [rad]: 5.158280 
(Pinc) Body's p = s*sin(Omega) in DistOrb []: 0.013878 
(Qinc) Body's q = s* cos(Omega) in DistOrb []: -0.300866 
(DIncDtDistOrb) Body's dInc/dt in DistOrb [/sec]: -1.092279e-15 
(DSincDtDistOrb) Body's dsin(.5*Inc)/dt in DistOrb [/sec]: -5.207797e-16 
(DLongADtDistOrb) Body's dOmega/dt in DistOrb [/sec]: -8.718382e-13 
(DLongPDtDistOrb) Body's dvarpi/dt in DistOrb [/sec]: -7.847917e-13 
(DHeccDtDistOrb) Body's dh/dt in DistOrb [/sec]: -1.228363e-15 
(DKeccDtDistOrb) Body's dk/dt in DistOrb [/sec]: 2.167584e-15 
(DPincDtDistOrb) Body's dp/dt in DistOrb [/sec]: 2.622822e-13 
(DQincDtDistOrb) Body's dq/dt in DistOrb [/sec]: 1.261951e-14 
-----DISTROT PARAMETERS (b)------
(CassiniOne) First Cassini parameter (misalignment of Cassini state vectors) []: 0.012695 
(CassiniTwo) Second Cassini parameter (alignment of Cassini state vectors []: -0.999919 
(DOblDtDistRot) Body's dobl/dt in DistRot [rad]: 6.342455e-15 
(DPrecADtDistRot) Body's dpA/dt in DistRot [rad]: 1.110231e-12 
(DXoblDtDistRot) Body's dXobl/dt in DistRot [/sec]: 6.257041e-15 
(DYoblDtDistRot) Body's dYobl/dt in DistRot [/sec]: 2.510214e-15 
(DZoblDtDistRot) Body's dZobl/dt in DistRot [/sec]: -1.305850e-17 
(OblTimeDistRot) Obliquity timescale in DistRot [rad]: 4.953275e+14 
(PrecATimeDistRot) Axial precession timescale in DistRot [rad]: 5.659348e+12 
(XoblTimeDistRot) Xobl timescale in DistRot [/sec]: 1.598199e+14 
(YoblTimeDistRot) Yobl timescale in DistRot [/sec]: 3.983724e+14 
(ZoblTimeDistRot) Zobl timescale in DistRot [/sec]: 7.657846e+16 
(DynEllip) dynamical ellipticity of planet []: 2.503847e-05 
Output Order: Time[year] SemiMajorAxis[AU] Eccentricity[] Inc[deg] ArgP[deg] LongA[deg] RotPer[days] Obliquity[deg] PrecA[deg] CassiniOne[deg] CassiniTwo[deg] SurfEnFluxEqtide[W/m^2] DynEllip[] DeltaTime[year]
Grid Output Order:

----- BODY: c ----
Active Modules: DISTORB 
Module Bit Sum: 17
Color: 000000
(Mass) Mass [kg]: 1.868876e+25 
(Obliquity) Obliquity [rad]: 2.186276 
(PrecA) Body's precession parameter in DistRot [rad]: 3.926991 
(Xobl) Body's sin(obl)*cos(pA) []: -1.000000 
(Yobl) Body's sin(obl)*sin(pA) []: -1.000000 
(Zobl) Body's cos(obl) []: -1.000000 
(Radius) Radius [m]: 9.567150e+06 
(RotAngMom) Rotational Angular Momentum [kg*m^2/sec]: 3.109939e+34 
(RotKinEnergy) Rotational Energy [kg*m^2/sec^2]: 1.130806e+30 
(RotVel) Rotational Velocity [m/sec]: 695.742781 
(BodyType) Type of Body (0 == planet) []: -1.000000 
(RotRate) Rotational Frequency [/sec]: 7.272205e-05 
(RotPer) Rotational Period [sec]: 8.640000e+04 
(SurfEnFluxTotal) Total Surface Energy Flux [kg*m^2/sec^2/(m^2*sec)]: 0.000000 
(HEcc) Poincare's h (=e*sin(varpi) []: -0.000258 
(KEcc) Poincare's k (=e*cos(varpi) []: -0.000846 
(Eccentricity) Orbital Eccentricity []: 0.000884 
(OrbEnergy) Orbital Energy [kg*m^2/sec^2]: -8.361617e+33 
(MeanMotion) Orbital Mean Motion [/sec]: 3.382417e-07 
(OrbPeriod) Orbital Period [sec]: 1.857602e+07 
(SemiMajorAxis) Semi-major Axis [m]: 5.182718e+10 
(OrbAngMom) Orbital Angular Momentum [kg*m^2/sec]: 2.572353e+39 
(OrbKinEnergy) Orbital Kinetic Energy [kg*m^2/sec^2]: 2.871348e+33 
(OrbPotEnergy) Orbital Potential Energy [kg*m^2/sec^2]: -5.742696e+33 
(OrbEnergy) Orbital Energy [kg*m^2/sec^2]: -8.361617e+33 
----- DISTORB PARAMETERS (c)------
(Inc) Body's Inclination in DistOrb [rad]: 0.086238 
(Sinc) Body's sin(1/2*Inclination) in DistOrb []: 0.043106 
(LongA) Body's Longitude of ascending node in DistOrb [rad]: 6.220589 
(ArgP) Body's argument of pericenter in DistOrb [rad]: 3.499925 
(Pinc) Body's p = s*sin(Omega) in DistOrb []: -0.002696 
(Qinc) Body's q = s* cos(Omega) in DistOrb []: 0.043021 
(DIncDtDistOrb) Body's dInc/dt in DistOrb [/sec]: 1.108581e-15 
(DSincDtDistOrb) Body's dsin(.5*Inc)/dt in DistOrb [/sec]: 5.537755e-16 
(DLongADtDistOrb) Body's dOmega/dt in DistOrb [/sec]: -8.651609e-13 
(DLongPDtDistOrb) Body's dvarpi/dt in DistOrb [/sec]: 4.728741e-15 
(DHeccDtDistOrb) Body's dh/dt in DistOrb [/sec]: -1.873869e-17 
(DKeccDtDistOrb) Body's dk/dt in DistOrb [/sec]: -4.715903e-17 
(DPincDtDistOrb) Body's dp/dt in DistOrb [/sec]: -3.725491e-14 
(DQincDtDistOrb) Body's dq/dt in DistOrb [/sec]: -1.780207e-15 
Output Order: Time[year] Eccentricity[] Inc[deg] ArgP[deg] LongA[deg]
Grid Output Order:

Runtime = 287.000000 s
