-------- Log file pandora.log -------

Executable: vplanet
System Name: pandora
Primary Input File: vpl.in
Body File #1: star.in
Body File #2: b.in
Body File #3: c.in
Allow files to be overwitten: Yes
Mass Units: Kilograms
Length Units: Meters
Time Units: Seconds
Angle Units: Radians

------- FORMATTING -----
Verbosity Level: 5
Crossover Decade for Scientific Notation: 4
Number of Digits After Decimal: 6
Integration Method: Runge-Kutta4
Direction: Forward
Time Step: 3.155760e+07
Stop Time: 2.209032e+17
Output Interval: 3.155760e+13
Use Variable Timestep: Yes
dEta: 0.010000
Minimum Value of ecc and obl: 1.000000e-10


---- INITIAL SYSTEM PROPERTIES ----
(Age) System Age [sec]: 0.000000 
(Time) Simulation Time [sec]: 0.000000 
(TotAngMom) Total Angular Momentum [kg*m^2/sec]: 3.289791e+39 
(TotEnergy) Total Energy [kg*m^2/sec^2]: -2.010656e+40 
(PotEnergy) Total Potential Energy [kg*m^2/sec^2]: -2.010657e+40 
(KinEnergy) Total Kinetic Energy [kg*m^2/sec^2]: 8.368937e+33 
(DeltaTime) Average Timestep Over Last Output Interval [sec]: 0.000000 
(LongP) Body's Longitude of pericenter in Lagrange [rad]: 0.000000 
(LXUVTot) Total XUV Luminosity [kg*m^2/sec^2/(m^2*sec)]: -1.000000 

----- BODY: star ----
Active Modules: EQTIDE 
Module Bit Sum: 3
Color: 000000
(Mass) Mass [kg]: 2.386099e+29 
(Obliquity) Obliquity [rad]: 0.000000 
(PrecA) Body's precession parameter in DistRot [rad]: 0.000000 
(Xobl) Body's sin(obl)*cos(pA) []: 0.000000 
(Yobl) Body's sin(obl)*sin(pA) []: 0.000000 
(Zobl) Body's cos(obl) []: 1.000000 
(Radius) Radius [m]: 1.133953e+08 
(RotAngMom) Rotational Angular Momentum [kg*m^2/sec]: 6.720576e+38 
(RotKinEnergy) Rotational Energy [kg*m^2/sec^2]: 2.944181e+32 
(RotVel) Rotational Velocity [m/sec]: 99.353467 
(BodyType) Type of Body (0 == planet) []: -1.000000 
(RotRate) Rotational Frequency [/sec]: 8.761693e-07 
(RotPer) Rotational Period [days]: 83.000000 
(SurfEnFluxTotal) Total Surface Energy Flux [kg*m^2/sec^2/(m^2*sec)]: 6.038514e-09 
(HEcc) Poincare's h (=e*sin(varpi) []: 0.000000 
(KEcc) Poincare's k (=e*cos(varpi) []: 0.000000 
(Eccentricity) Orbital Eccentricity []: -1.000000 
(OrbEnergy) Orbital Energy [kg*m^2/sec^2]: -8.074287e+33 
(MeanMotion) Orbital Mean Motion [/sec]: -1.000000 
(OrbPeriod) Orbital Period [sec]: -1.000000 
(SemiMajorAxis) Semi-major Axis [m]: -1.000000 
(OrbAngMom) Orbital Angular Momentum [kg*m^2/sec]: 2.617727e+39 
(OrbKinEnergy) Orbital Kinetic Energy [kg*m^2/sec^2]: -1.000000 
(OrbPotEnergy) Orbital Potential Energy [kg*m^2/sec^2]: -1.000000 
(OrbEnergy) Orbital Energy [kg*m^2/sec^2]: -8.074287e+33 
----- EQTIDE PARAMETERS (star)------
(BodyDsemiDtEqtide) Body's Contribution to dSemi/dt in EQTIDE [m/sec]: -1.000000 
(BodyDeccDt) Body's Contribution to dEcc/dt in EQTIDE []: -1.000000 
(DOblDtEqtide) Time Rate of Change of Obliquity in EQTIDE [rad/sec]: 0.000000 
(DRotPerDtEqtide) Time Rate of Change of Rotation Period in EQTIDE []: -1.967115e-18 
(DRotRateDtEqtide) Time Rate of Change of Rotational Frequency in EQTIDE [/sec^2]: 2.403399e-31 
(EqRotRateDiscrete) CPL2 Discrete Equilibrium Spin Rate [/sec]: 6.168928e-06 
(EqRotPerDiscrete) CPL2 Discrete Equilibrium Spin Period [sec]: 1.018521e+06 
(EqRotRateCont) CPL2 Continuous Equilibrium Spin Rate [/sec]: 6.168986e-06 
(EqRotPerCont) CPL2 Continuous Equilibrium Rotation Period [sec]: 1.018512e+06 
(EqRotPer) Equilibrium Rotation Period [sec]: 1.018521e+06 
(EqRotRate) Equilibrium Rotation Rate [/sec]: 6.168928e-06 
(GammaRot) Gamma_Rotation [cgs]: -1.000000 
(GammaOrb) Gamma_Orbital [cgs]: -1.000000 
(ImK2) Im(k_2) []: 2.990000e-07 
(TidalQ) Tidal Q []: 1.000000e+06 
(TideLock) Tidally Locked? []: 0.000000 
(RotTimeEqtide) Timescale for Rotational Evolution in EQTIDE [sec]: 3.645542e+24 
(OblTimeEqtide) Timescale for Obliquity Evolution in EQTIDE []: -1.000000 
(PowerEqtide) Internal Power due to Tides in EQTIDE [kg*m^2/sec^3]: 9.757306e+08 
(SurfEnFluxEqtide) Surface Energy Flux due to Tides in EQTIDE [kg*m^2/sec^2/(m^2*sec)]: 6.038514e-09 
Tidal Perturbers: b
Output Order: Time[year] RotPer[days]
Grid Output Order:

----- BODY: b ----
Active Modules: DISTORB DISTROT EQTIDE 
Module Bit Sum: 51
Color: 000000
(Mass) Mass [kg]: 7.584676e+24 
(Obliquity) Obliquity [rad]: 0.785398 
(PrecA) Body's precession parameter in DistRot [rad]: 5.073176 
(Xobl) Body's sin(obl)*cos(pA) []: 0.249616 
(Yobl) Body's sin(obl)*sin(pA) []: -0.661583 
(Zobl) Body's cos(obl) []: 0.707107 
(Radius) Radius [m]: 6.806530e+06 
(RotAngMom) Rotational Angular Momentum [kg*m^2/sec]: 6.388438e+33 
(RotKinEnergy) Rotational Energy [kg*m^2/sec^2]: 2.322902e+29 
(RotVel) Rotational Velocity [m/sec]: 494.984810 
(BodyType) Type of Body (0 == planet) []: -1.000000 
(RotRate) Rotational Frequency [/sec]: 7.272205e-05 
(RotPer) Rotational Period [days]: 1.000000 
(SurfEnFluxTotal) Total Surface Energy Flux [kg*m^2/sec^2/(m^2*sec)]: 163.063983 
(HEcc) Poincare's h (=e*sin(varpi) []: -0.000360 
(KEcc) Poincare's k (=e*cos(varpi) []: 0.000933 
(Eccentricity) Orbital Eccentricity []: 0.001000 
(OrbEnergy) Orbital Energy [kg*m^2/sec^2]: -8.074287e+33 
(MeanMotion) Orbital Mean Motion [/sec]: 6.168928e-06 
(OrbPeriod) Orbital Period [sec]: 1.018521e+06 
(SemiMajorAxis) Semi-major Axis [m]: 7.479900e+09 
(OrbAngMom) Orbital Angular Momentum [kg*m^2/sec]: 2.617727e+39 
(OrbKinEnergy) Orbital Kinetic Energy [kg*m^2/sec^2]: 8.074287e+33 
(OrbPotEnergy) Orbital Potential Energy [kg*m^2/sec^2]: -1.614857e+34 
(OrbEnergy) Orbital Energy [kg*m^2/sec^2]: -8.074287e+33 
----- EQTIDE PARAMETERS (b)------
(DsemiDtEqtide) Total da/dt in EQTIDE [m/sec]: 8.151822e-09 
(DeccDtEqtide) Total de/dt in EQTIDE [/sec]: 2.588314e-21 
(DMeanMotionDtEqtide) Total dMeanMotion/dt in EQTIDE [/sec^2]: -1.008463e-23 
(DOrbPerDtEqtide) Total dOrbPer/dt in EQTIDE []: 1.665023e-12 
(EccTimeEqtide) Timescale for Eccentricity Evolution (e/[de/dt]) in EQTIDE [sec]: 3.863519e+17 
(SemiTimeEqtide) Timescale for Semi-major Axis Evolution (a/[da/dt]) in EQTIDE [sec]: 9.175740e+17 
(DHEccDtEqtide) Time Rate of Change of Poincare's h in EQTIDE [/sec]: -9.327668e-22 
(DKEccDtEqtide) Time Rate of Change of Poincare's k in EQTIDE [/sec]: 2.414397e-21 
(DXoblDtEqtide) Time Rate of Change of Laskar's X in EQTIDE [/sec]: 1.970515e-14 
(DYoblDtEqtide) Time Rate of Change of Laskar's Y in EQTIDE [/sec]: -5.222656e-14 
(DZoblDtEqtide) Time Rate of Change of Laskar's Z in EQTIDE [/sec]: -5.582030e-14 
(BodyDsemiDtEqtide) Body's Contribution to dSemi/dt in EQTIDE [m/sec]: -1.000000 
(BodyDeccDt) Body's Contribution to dEcc/dt in EQTIDE []: -1.000000 
(DOblDtEqtide) Time Rate of Change of Obliquity in EQTIDE [rad/sec]: 7.894183e-14 
(DRotPerDtEqtide) Time Rate of Change of Rotation Period in EQTIDE []: 1.929169e-08 
(DRotRateDtEqtide) Time Rate of Change of Rotational Frequency in EQTIDE [/sec^2]: -1.623763e-17 
(EqRotRateDiscrete) CPL2 Discrete Equilibrium Spin Rate [/sec]: 6.168928e-06 
(EqRotPerDiscrete) CPL2 Discrete Equilibrium Spin Period [sec]: 1.018521e+06 
(EqRotRateCont) CPL2 Continuous Equilibrium Spin Rate [/sec]: 6.168986e-06 
(EqRotPerCont) CPL2 Continuous Equilibrium Rotation Period [sec]: 1.018512e+06 
(EqRotPer) Equilibrium Rotation Period [sec]: 1.018521e+06 
(EqRotRate) Equilibrium Rotation Rate [/sec]: 6.168928e-06 
(GammaRot) Gamma_Rotation [cgs]: -1.000000 
(GammaOrb) Gamma_Orbital [cgs]: -1.000000 
(ImK2) Im(k_2) []: 0.003000 
(TidalQ) Tidal Q []: 100.000000 
(TideLock) Tidally Locked? []: 0.000000 
(RotTimeEqtide) Timescale for Rotational Evolution in EQTIDE [sec]: 4.478613e+12 
(OblTimeEqtide) Timescale for Obliquity Evolution in EQTIDE []: -1.000000 
(PowerEqtide) Internal Power due to Tides in EQTIDE [kg*m^2/sec^3]: 9.493348e+16 
(SurfEnFluxEqtide) Surface Energy Flux due to Tides in EQTIDE [W/m^2]: 163.063983 
Tidal Perturbers: star
----- DISTORB PARAMETERS (b)------
(Inc) Body's Inclination in DistOrb [rad]: 0.609694 
(Sinc) Body's sin(1/2*Inclination) in DistOrb []: 0.300147 
(LongA) Body's Longitude of ascending node in DistOrb [rad]: 1.570916 
(ArgP) Body's argument of pericenter in DistOrb [rad]: 4.343598 
(Pinc) Body's p = s*sin(Omega) in DistOrb []: 0.300147 
(Qinc) Body's q = s* cos(Omega) in DistOrb []: -3.600266e-05 
(DIncDtDistOrb) Body's dInc/dt in DistOrb [/sec]: -9.869556e-18 
(DSincDtDistOrb) Body's dsin(.5*Inc)/dt in DistOrb [/sec]: -4.707250e-18 
(DLongADtDistOrb) Body's dOmega/dt in DistOrb [/sec]: -9.207987e-13 
(DLongPDtDistOrb) Body's dvarpi/dt in DistOrb [/sec]: -8.415257e-13 
(DHeccDtDistOrb) Body's dh/dt in DistOrb [/sec]: -1.135824e-15 
(DKeccDtDistOrb) Body's dk/dt in DistOrb [/sec]: 6.048636e-16 
(DPincDtDistOrb) Body's dp/dt in DistOrb [/sec]: 2.844395e-17 
(DQincDtDistOrb) Body's dq/dt in DistOrb [/sec]: 2.763752e-13 
-----DISTROT PARAMETERS (b)------
(CassiniOne) First Cassini parameter (misalignment of Cassini state vectors) []: 0.353107 
(CassiniTwo) Second Cassini parameter (alignment of Cassini state vectors []: 0.935583 
(DOblDtDistRot) Body's dobl/dt in DistRot [rad]: 1.861798e-13 
(DPrecADtDistRot) Body's dpA/dt in DistRot [rad]: 1.739580e-09 
(DXoblDtDistRot) Body's dXobl/dt in DistRot [/sec]: 1.150923e-09 
(DYoblDtDistRot) Body's dYobl/dt in DistRot [/sec]: 4.341039e-10 
(DZoblDtDistRot) Body's dZobl/dt in DistRot [/sec]: -1.316490e-13 
(OblTimeDistRot) Obliquity timescale in DistRot [rad]: 1.687397e+13 
(PrecATimeDistRot) Axial precession timescale in DistRot [rad]: 3.611898e+09 
(XoblTimeDistRot) Xobl timescale in DistRot [/sec]: 8.688680e+08 
(YoblTimeDistRot) Yobl timescale in DistRot [/sec]: 2.303596e+09 
(ZoblTimeDistRot) Zobl timescale in DistRot [/sec]: 7.595954e+12 
(DynEllip) dynamical ellipticity of planet []: 0.003133 
Output Order: Time[year] SemiMajorAxis[AU] Eccentricity[] Inc[deg] ArgP[deg] LongA[deg] RotPer[days] Obliquity[deg] PrecA[deg] CassiniOne[deg] CassiniTwo[deg] SurfEnFluxEqtide[W/m^2] DynEllip[] DeltaTime[year]
Grid Output Order:

----- BODY: c ----
Active Modules: DISTORB 
Module Bit Sum: 17
Color: 000000
(Mass) Mass [kg]: 1.868876e+25 
(Obliquity) Obliquity [rad]: 2.186276 
(PrecA) Body's precession parameter in DistRot [rad]: 3.926991 
(Xobl) Body's sin(obl)*cos(pA) []: -1.000000 
(Yobl) Body's sin(obl)*sin(pA) []: -1.000000 
(Zobl) Body's cos(obl) []: -1.000000 
(Radius) Radius [m]: 9.567150e+06 
(RotAngMom) Rotational Angular Momentum [kg*m^2/sec]: 3.109939e+34 
(RotKinEnergy) Rotational Energy [kg*m^2/sec^2]: 1.130806e+30 
(RotVel) Rotational Velocity [m/sec]: 695.742781 
(BodyType) Type of Body (0 == planet) []: -1.000000 
(RotRate) Rotational Frequency [/sec]: 7.272205e-05 
(RotPer) Rotational Period [sec]: 8.640000e+04 
(SurfEnFluxTotal) Total Surface Energy Flux [kg*m^2/sec^2/(m^2*sec)]: 0.000000 
(HEcc) Poincare's h (=e*sin(varpi) []: 0.000914 
(KEcc) Poincare's k (=e*cos(varpi) []: 0.000406 
(Eccentricity) Orbital Eccentricity []: 0.001000 
(OrbEnergy) Orbital Energy [kg*m^2/sec^2]: -8.074287e+33 
(MeanMotion) Orbital Mean Motion [/sec]: 3.382417e-07 
(OrbPeriod) Orbital Period [sec]: 1.857602e+07 
(SemiMajorAxis) Semi-major Axis [m]: 5.182718e+10 
(OrbAngMom) Orbital Angular Momentum [kg*m^2/sec]: 2.617727e+39 
(OrbKinEnergy) Orbital Kinetic Energy [kg*m^2/sec^2]: 2.871348e+33 
(OrbPotEnergy) Orbital Potential Energy [kg*m^2/sec^2]: -5.742696e+33 
(OrbEnergy) Orbital Energy [kg*m^2/sec^2]: -8.074287e+33 
----- DISTORB PARAMETERS (c)------
(Inc) Body's Inclination in DistOrb [rad]: 0.088420 
(Sinc) Body's sin(1/2*Inclination) in DistOrb []: 0.044196 
(LongA) Body's Longitude of ascending node in DistOrb [rad]: 4.712391 
(ArgP) Body's argument of pericenter in DistOrb [rad]: 2.723466 
(Pinc) Body's p = s*sin(Omega) in DistOrb []: -0.044196 
(Qinc) Body's q = s* cos(Omega) in DistOrb []: 1.023438e-07 
(DIncDtDistOrb) Body's dInc/dt in DistOrb [/sec]: 8.170762e-18 
(DSincDtDistOrb) Body's dsin(.5*Inc)/dt in DistOrb [/sec]: 4.081389e-18 
(DLongADtDistOrb) Body's dOmega/dt in DistOrb [/sec]: -9.041404e-13 
(DLongPDtDistOrb) Body's dvarpi/dt in DistOrb [/sec]: 5.416874e-14 
(DHeccDtDistOrb) Body's dh/dt in DistOrb [/sec]: 4.653305e-17 
(DKeccDtDistOrb) Body's dk/dt in DistOrb [/sec]: -3.859939e-17 
(DPincDtDistOrb) Body's dp/dt in DistOrb [/sec]: -4.173923e-18 
(DQincDtDistOrb) Body's dq/dt in DistOrb [/sec]: -3.995912e-14 
Output Order: Time[year] Eccentricity[] Inc[deg] ArgP[deg] LongA[deg]
Grid Output Order:



---- FINAL SYSTEM PROPERTIES ----
(Age) System Age [sec]: 2.209032e+17 
(Time) Simulation Time [sec]: 2.209032e+17 
(TotAngMom) Total Angular Momentum [kg*m^2/sec]: 3.289732e+39 
(TotEnergy) Total Energy [kg*m^2/sec^2]: -2.010656e+40 
(PotEnergy) Total Potential Energy [kg*m^2/sec^2]: -2.010657e+40 
(KinEnergy) Total Kinetic Energy [kg*m^2/sec^2]: 8.369008e+33 
(DeltaTime) Average Timestep Over Last Output Interval [sec]: inf 
(LongP) Body's Longitude of pericenter in Lagrange [rad]: 0.000000 
(LXUVTot) Total XUV Luminosity [kg*m^2/sec^2/(m^2*sec)]: -1.000000 

----- BODY: star ----
Active Modules: EQTIDE 
Module Bit Sum: 3
Color: 000000
(Mass) Mass [kg]: 2.386099e+29 
(Obliquity) Obliquity [rad]: 0.000000 
(PrecA) Body's precession parameter in DistRot [rad]: 0.000000 
(Xobl) Body's sin(obl)*cos(pA) []: 0.000000 
(Yobl) Body's sin(obl)*sin(pA) []: 0.000000 
(Zobl) Body's cos(obl) []: 1.000000 
(Radius) Radius [m]: 1.133953e+08 
(RotAngMom) Rotational Angular Momentum [kg*m^2/sec]: 6.720576e+38 
(RotKinEnergy) Rotational Energy [kg*m^2/sec^2]: 2.944181e+32 
(RotVel) Rotational Velocity [m/sec]: 99.353467 
(BodyType) Type of Body (0 == planet) []: -1.000000 
(RotRate) Rotational Frequency [/sec]: 8.761693e-07 
(RotPer) Rotational Period [days]: 83.000000 
(SurfEnFluxTotal) Total Surface Energy Flux [kg*m^2/sec^2/(m^2*sec)]: 6.040548e-09 
(HEcc) Poincare's h (=e*sin(varpi) []: 0.000000 
(KEcc) Poincare's k (=e*cos(varpi) []: 0.000000 
(Eccentricity) Orbital Eccentricity []: -1.000000 
(OrbEnergy) Orbital Energy [kg*m^2/sec^2]: -8.074589e+33 
(MeanMotion) Orbital Mean Motion [/sec]: -1.000000 
(OrbPeriod) Orbital Period [sec]: -1.000000 
(SemiMajorAxis) Semi-major Axis [m]: -1.000000 
(OrbAngMom) Orbital Angular Momentum [kg*m^2/sec]: 2.617674e+39 
(OrbKinEnergy) Orbital Kinetic Energy [kg*m^2/sec^2]: -1.000000 
(OrbPotEnergy) Orbital Potential Energy [kg*m^2/sec^2]: -1.000000 
(OrbEnergy) Orbital Energy [kg*m^2/sec^2]: -8.074589e+33 
----- EQTIDE PARAMETERS (star)------
(BodyDsemiDtEqtide) Body's Contribution to dSemi/dt in EQTIDE [m/sec]: -1.000000 
(BodyDeccDt) Body's Contribution to dEcc/dt in EQTIDE []: -1.000000 
(DOblDtEqtide) Time Rate of Change of Obliquity in EQTIDE [rad/sec]: 0.000000 
(DRotPerDtEqtide) Time Rate of Change of Rotation Period in EQTIDE []: -1.967602e-18 
(DRotRateDtEqtide) Time Rate of Change of Rotational Frequency in EQTIDE [/sec^2]: 2.403994e-31 
(EqRotRateDiscrete) CPL2 Discrete Equilibrium Spin Rate [/sec]: 6.169273e-06 
(EqRotPerDiscrete) CPL2 Discrete Equilibrium Spin Period [sec]: 1.018464e+06 
(EqRotRateCont) CPL2 Continuous Equilibrium Spin Rate [/sec]: 6.169513e-06 
(EqRotPerCont) CPL2 Continuous Equilibrium Rotation Period [sec]: 1.018425e+06 
(EqRotPer) Equilibrium Rotation Period [sec]: 1.018464e+06 
(EqRotRate) Equilibrium Rotation Rate [/sec]: 6.169273e-06 
(GammaRot) Gamma_Rotation [cgs]: -1.000000 
(GammaOrb) Gamma_Orbital [cgs]: -1.000000 
(ImK2) Im(k_2) []: 2.990000e-07 
(TidalQ) Tidal Q []: 1.000000e+06 
(TideLock) Tidally Locked? []: 0.000000 
(RotTimeEqtide) Timescale for Rotational Evolution in EQTIDE [sec]: 3.644640e+24 
(OblTimeEqtide) Timescale for Obliquity Evolution in EQTIDE []: -1.000000 
(PowerEqtide) Internal Power due to Tides in EQTIDE [kg*m^2/sec^3]: 9.760593e+08 
(SurfEnFluxEqtide) Surface Energy Flux due to Tides in EQTIDE [kg*m^2/sec^2/(m^2*sec)]: 6.040548e-09 
Tidal Perturbers: b
Output Order: Time[year] RotPer[days]
Grid Output Order:

----- BODY: b ----
Active Modules: DISTORB DISTROT EQTIDE 
Module Bit Sum: 51
Color: 000000
(Mass) Mass [kg]: 7.584676e+24 
(Obliquity) Obliquity [rad]: 0.002539 
(PrecA) Body's precession parameter in DistRot [rad]: 4.698272 
(Xobl) Body's sin(obl)*cos(pA) []: -3.583900e-05 
(Yobl) Body's sin(obl)*sin(pA) []: -0.002539 
(Zobl) Body's cos(obl) []: 1.000020 
(Radius) Radius [m]: 6.806530e+06 
(RotAngMom) Rotational Angular Momentum [kg*m^2/sec]: 5.419542e+32 
(RotKinEnergy) Rotational Energy [kg*m^2/sec^2]: 1.671732e+27 
(RotVel) Rotational Velocity [m/sec]: 41.991343 
(BodyType) Type of Body (0 == planet) []: -1.000000 
(RotRate) Rotational Frequency [/sec]: 6.169273e-06 
(RotPer) Rotational Period [days]: 11.787782 
(SurfEnFluxTotal) Total Surface Energy Flux [kg*m^2/sec^2/(m^2*sec)]: 0.000529 
(HEcc) Poincare's h (=e*sin(varpi) []: -0.000380 
(KEcc) Poincare's k (=e*cos(varpi) []: -0.001984 
(Eccentricity) Orbital Eccentricity []: 0.002020 
(OrbEnergy) Orbital Energy [kg*m^2/sec^2]: -8.074589e+33 
(MeanMotion) Orbital Mean Motion [/sec]: 6.169273e-06 
(OrbPeriod) Orbital Period [sec]: 1.018464e+06 
(SemiMajorAxis) Semi-major Axis [m]: 7.479621e+09 
(OrbAngMom) Orbital Angular Momentum [kg*m^2/sec]: 2.617674e+39 
(OrbKinEnergy) Orbital Kinetic Energy [kg*m^2/sec^2]: 8.074589e+33 
(OrbPotEnergy) Orbital Potential Energy [kg*m^2/sec^2]: -1.614918e+34 
(OrbEnergy) Orbital Energy [kg*m^2/sec^2]: -8.074589e+33 
----- EQTIDE PARAMETERS (b)------
(DsemiDtEqtide) Total da/dt in EQTIDE [m/sec]: -6.857564e-13 
(DeccDtEqtide) Total de/dt in EQTIDE [/sec]: -7.707118e-21 
(DMeanMotionDtEqtide) Total dMeanMotion/dt in EQTIDE [/sec^2]: 8.484291e-28 
(DOrbPerDtEqtide) Total dOrbPer/dt in EQTIDE []: -1.400643e-16 
(EccTimeEqtide) Timescale for Eccentricity Evolution (e/[de/dt]) in EQTIDE [sec]: 2.621036e+17 
(SemiTimeEqtide) Timescale for Semi-major Axis Evolution (a/[da/dt]) in EQTIDE [sec]: 1.090711e+22 
(DHEccDtEqtide) Time Rate of Change of Poincare's h in EQTIDE [/sec]: 1.449747e-21 
(DKEccDtEqtide) Time Rate of Change of Poincare's k in EQTIDE [/sec]: 7.569538e-21 
(DXoblDtEqtide) Time Rate of Change of Laskar's X in EQTIDE [/sec]: 9.434682e-17 
(DYoblDtEqtide) Time Rate of Change of Laskar's Y in EQTIDE [/sec]: 6.682731e-15 
(DZoblDtEqtide) Time Rate of Change of Laskar's Z in EQTIDE [/sec]: 1.696737e-17 
(BodyDsemiDtEqtide) Body's Contribution to dSemi/dt in EQTIDE [m/sec]: -1.000000 
(BodyDeccDt) Body's Contribution to dEcc/dt in EQTIDE []: -1.000000 
(DOblDtEqtide) Time Rate of Change of Obliquity in EQTIDE [rad/sec]: -6.683418e-15 
(DRotPerDtEqtide) Time Rate of Change of Rotation Period in EQTIDE []: -4.851460e-28 
(DRotRateDtEqtide) Time Rate of Change of Rotational Frequency in EQTIDE [/sec^2]: 2.938736e-39 
(EqRotRateDiscrete) CPL2 Discrete Equilibrium Spin Rate [/sec]: 6.169273e-06 
(EqRotPerDiscrete) CPL2 Discrete Equilibrium Spin Period [sec]: 1.018464e+06 
(EqRotRateCont) CPL2 Continuous Equilibrium Spin Rate [/sec]: 6.169513e-06 
(EqRotPerCont) CPL2 Continuous Equilibrium Rotation Period [sec]: 1.018425e+06 
(EqRotPer) Equilibrium Rotation Period [sec]: 1.018464e+06 
(EqRotRate) Equilibrium Rotation Rate [/sec]: 6.169273e-06 
(GammaRot) Gamma_Rotation [cgs]: -1.000000 
(GammaOrb) Gamma_Orbital [cgs]: -1.000000 
(ImK2) Im(k_2) []: 0.003000 
(TidalQ) Tidal Q []: 100.000000 
(TideLock) Tidally Locked? []: 1.000000 
(RotTimeEqtide) Timescale for Rotational Evolution in EQTIDE [sec]: 2.099295e+33 
(OblTimeEqtide) Timescale for Obliquity Evolution in EQTIDE []: -1.000000 
(PowerEqtide) Internal Power due to Tides in EQTIDE [kg*m^2/sec^3]: 3.081542e+11 
(SurfEnFluxEqtide) Surface Energy Flux due to Tides in EQTIDE [W/m^2]: 0.000529 
Tidal Perturbers: star
----- DISTORB PARAMETERS (b)------
(Inc) Body's Inclination in DistOrb [rad]: 0.609909 
(Sinc) Body's sin(1/2*Inclination) in DistOrb []: 0.300250 
(LongA) Body's Longitude of ascending node in DistOrb [rad]: 4.715159 
(ArgP) Body's argument of pericenter in DistOrb [rad]: 4.898851 
(Pinc) Body's p = s*sin(Omega) in DistOrb []: -0.300249 
(Qinc) Body's q = s* cos(Omega) in DistOrb []: 0.000832 
(DIncDtDistOrb) Body's dInc/dt in DistOrb [/sec]: -6.999263e-16 
(DSincDtDistOrb) Body's dsin(.5*Inc)/dt in DistOrb [/sec]: -3.338161e-16 
(DLongADtDistOrb) Body's dOmega/dt in DistOrb [/sec]: -9.205733e-13 
(DLongPDtDistOrb) Body's dvarpi/dt in DistOrb [/sec]: -1.155213e-12 
(DHeccDtDistOrb) Body's dh/dt in DistOrb [/sec]: 2.474070e-15 
(DKeccDtDistOrb) Body's dk/dt in DistOrb [/sec]: 5.119591e-16 
(DPincDtDistOrb) Body's dp/dt in DistOrb [/sec]: -4.317625e-16 
(DQincDtDistOrb) Body's dq/dt in DistOrb [/sec]: -2.764018e-13 
-----DISTROT PARAMETERS (b)------
(CassiniOne) First Cassini parameter (misalignment of Cassini state vectors) []: 0.012691 
(CassiniTwo) Second Cassini parameter (alignment of Cassini state vectors []: -0.999919 
(DOblDtDistRot) Body's dobl/dt in DistRot [rad]: 6.682988e-15 
(DPrecADtDistRot) Body's dpA/dt in DistRot [rad]: 1.137905e-12 
(DXoblDtDistRot) Body's dXobl/dt in DistRot [/sec]: 2.794264e-15 
(DYoblDtDistRot) Body's dYobl/dt in DistRot [/sec]: -6.723236e-15 
(DZoblDtDistRot) Body's dZobl/dt in DistRot [/sec]: -1.696706e-17 
(OblTimeDistRot) Obliquity timescale in DistRot [rad]: 4.700880e+14 
(PrecATimeDistRot) Axial precession timescale in DistRot [rad]: 5.521715e+12 
(XoblTimeDistRot) Xobl timescale in DistRot [/sec]: 3.578760e+14 
(YoblTimeDistRot) Yobl timescale in DistRot [/sec]: 1.487379e+14 
(ZoblTimeDistRot) Zobl timescale in DistRot [/sec]: 5.893774e+16 
(DynEllip) dynamical ellipticity of planet []: 2.254749e-05 
Output Order: Time[year] SemiMajorAxis[AU] Eccentricity[] Inc[deg] ArgP[deg] LongA[deg] RotPer[days] Obliquity[deg] PrecA[deg] CassiniOne[deg] CassiniTwo[deg] SurfEnFluxEqtide[W/m^2] DynEllip[] DeltaTime[year]
Grid Output Order:

----- BODY: c ----
Active Modules: DISTORB 
Module Bit Sum: 17
Color: 000000
(Mass) Mass [kg]: 1.868876e+25 
(Obliquity) Obliquity [rad]: 2.186276 
(PrecA) Body's precession parameter in DistRot [rad]: 3.926991 
(Xobl) Body's sin(obl)*cos(pA) []: -1.000000 
(Yobl) Body's sin(obl)*sin(pA) []: -1.000000 
(Zobl) Body's cos(obl) []: -1.000000 
(Radius) Radius [m]: 9.567150e+06 
(RotAngMom) Rotational Angular Momentum [kg*m^2/sec]: 3.109939e+34 
(RotKinEnergy) Rotational Energy [kg*m^2/sec^2]: 1.130806e+30 
(RotVel) Rotational Velocity [m/sec]: 695.742781 
(BodyType) Type of Body (0 == planet) []: -1.000000 
(RotRate) Rotational Frequency [/sec]: 7.272205e-05 
(RotPer) Rotational Period [sec]: 8.640000e+04 
(SurfEnFluxTotal) Total Surface Energy Flux [kg*m^2/sec^2/(m^2*sec)]: 0.000000 
(HEcc) Poincare's h (=e*sin(varpi) []: -0.000606 
(KEcc) Poincare's k (=e*cos(varpi) []: -0.000619 
(Eccentricity) Orbital Eccentricity []: 0.000866 
(OrbEnergy) Orbital Energy [kg*m^2/sec^2]: -8.074589e+33 
(MeanMotion) Orbital Mean Motion [/sec]: 3.382417e-07 
(OrbPeriod) Orbital Period [sec]: 1.857602e+07 
(SemiMajorAxis) Semi-major Axis [m]: 5.182718e+10 
(OrbAngMom) Orbital Angular Momentum [kg*m^2/sec]: 2.617674e+39 
(OrbKinEnergy) Orbital Kinetic Energy [kg*m^2/sec^2]: 2.871348e+33 
(OrbPotEnergy) Orbital Potential Energy [kg*m^2/sec^2]: -5.742696e+33 
(OrbEnergy) Orbital Energy [kg*m^2/sec^2]: -8.074589e+33 
----- DISTORB PARAMETERS (c)------
(Inc) Body's Inclination in DistOrb [rad]: 0.088194 
(Sinc) Body's sin(1/2*Inclination) in DistOrb []: 0.044083 
(LongA) Body's Longitude of ascending node in DistOrb [rad]: 1.563757 
(ArgP) Body's argument of pericenter in DistOrb [rad]: 2.352672 
(Pinc) Body's p = s*sin(Omega) in DistOrb []: 0.044082 
(Qinc) Body's q = s* cos(Omega) in DistOrb []: 0.000310 
(DIncDtDistOrb) Body's dInc/dt in DistOrb [/sec]: 7.040611e-16 
(DSincDtDistOrb) Body's dsin(.5*Inc)/dt in DistOrb [/sec]: 3.516883e-16 
(DLongADtDistOrb) Body's dOmega/dt in DistOrb [/sec]: -9.064526e-13 
(DLongPDtDistOrb) Body's dvarpi/dt in DistOrb [/sec]: 9.013285e-14 
(DHeccDtDistOrb) Body's dh/dt in DistOrb [/sec]: -9.104218e-17 
(DKeccDtDistOrb) Body's dk/dt in DistOrb [/sec]: 1.858121e-17 
(DPincDtDistOrb) Body's dp/dt in DistOrb [/sec]: 7.040025e-17 
(DQincDtDistOrb) Body's dq/dt in DistOrb [/sec]: 3.996030e-14 
Output Order: Time[year] Eccentricity[] Inc[deg] ArgP[deg] LongA[deg]
Grid Output Order:

Runtime = 143352.000000 s
