-------- Log file pandora.log -------

Executable: vplanet
System Name: pandora
Primary Input File: vpl.in
Body File #1: star.in
Body File #2: b.in
Body File #3: c.in
Allow files to be overwitten: Yes
Mass Units: Kilograms
Length Units: Meters
Time Units: Seconds
Angle Units: Radians

------- FORMATTING -----
Verbosity Level: 5
Crossover Decade for Scientific Notation: 4
Number of Digits After Decimal: 6
Integration Method: Runge-Kutta4
Direction: Forward
Time Step: 3.155760e+07
Stop Time: 2.209032e+17
Output Interval: 3.155760e+13
Use Variable Timestep: Yes
dEta: 0.010000
Minimum Value of ecc and obl: 1.000000e-10


---- INITIAL SYSTEM PROPERTIES ----
(Age) System Age [sec]: 0.000000 
(Time) Simulation Time [sec]: 0.000000 
(TotAngMom) Total Angular Momentum [kg*m^2/sec]: 3.289791e+39 
(TotEnergy) Total Energy [kg*m^2/sec^2]: -2.010656e+40 
(PotEnergy) Total Potential Energy [kg*m^2/sec^2]: -2.010657e+40 
(KinEnergy) Total Kinetic Energy [kg*m^2/sec^2]: 8.368937e+33 
(DeltaTime) Average Timestep Over Last Output Interval [sec]: 0.000000 
(LongP) Body's Longitude of pericenter in Lagrange [rad]: 0.000000 
(LXUVTot) Total XUV Luminosity [kg*m^2/sec^2/(m^2*sec)]: -1.000000 

----- BODY: star ----
Active Modules: EQTIDE 
Module Bit Sum: 3
Color: 000000
(Mass) Mass [kg]: 2.386099e+29 
(Obliquity) Obliquity [rad]: 0.000000 
(PrecA) Body's precession parameter in DistRot [rad]: 0.000000 
(Xobl) Body's sin(obl)*cos(pA) []: 0.000000 
(Yobl) Body's sin(obl)*sin(pA) []: 0.000000 
(Zobl) Body's cos(obl) []: 1.000000 
(Radius) Radius [m]: 1.133953e+08 
(RotAngMom) Rotational Angular Momentum [kg*m^2/sec]: 6.720576e+38 
(RotKinEnergy) Rotational Energy [kg*m^2/sec^2]: 2.944181e+32 
(RotVel) Rotational Velocity [m/sec]: 99.353467 
(BodyType) Type of Body (0 == planet) []: -1.000000 
(RotRate) Rotational Frequency [/sec]: 8.761693e-07 
(RotPer) Rotational Period [days]: 83.000000 
(SurfEnFluxTotal) Total Surface Energy Flux [kg*m^2/sec^2/(m^2*sec)]: 6.038514e-09 
(HEcc) Poincare's h (=e*sin(varpi) []: 0.000000 
(KEcc) Poincare's k (=e*cos(varpi) []: 0.000000 
(Eccentricity) Orbital Eccentricity []: -1.000000 
(OrbEnergy) Orbital Energy [kg*m^2/sec^2]: -8.074287e+33 
(MeanMotion) Orbital Mean Motion [/sec]: -1.000000 
(OrbPeriod) Orbital Period [sec]: -1.000000 
(SemiMajorAxis) Semi-major Axis [m]: -1.000000 
(OrbAngMom) Orbital Angular Momentum [kg*m^2/sec]: 2.617727e+39 
(OrbKinEnergy) Orbital Kinetic Energy [kg*m^2/sec^2]: -1.000000 
(OrbPotEnergy) Orbital Potential Energy [kg*m^2/sec^2]: -1.000000 
(OrbEnergy) Orbital Energy [kg*m^2/sec^2]: -8.074287e+33 
----- EQTIDE PARAMETERS (star)------
(BodyDsemiDtEqtide) Body's Contribution to dSemi/dt in EQTIDE [m/sec]: -1.000000 
(BodyDeccDt) Body's Contribution to dEcc/dt in EQTIDE []: -1.000000 
(DOblDtEqtide) Time Rate of Change of Obliquity in EQTIDE [rad/sec]: 0.000000 
(DRotPerDtEqtide) Time Rate of Change of Rotation Period in EQTIDE []: -1.967115e-18 
(DRotRateDtEqtide) Time Rate of Change of Rotational Frequency in EQTIDE [/sec^2]: 2.403399e-31 
(EqRotRateDiscrete) CPL2 Discrete Equilibrium Spin Rate [/sec]: 6.168928e-06 
(EqRotPerDiscrete) CPL2 Discrete Equilibrium Spin Period [sec]: 1.018521e+06 
(EqRotRateCont) CPL2 Continuous Equilibrium Spin Rate [/sec]: 6.168986e-06 
(EqRotPerCont) CPL2 Continuous Equilibrium Rotation Period [sec]: 1.018512e+06 
(EqRotPer) Equilibrium Rotation Period [sec]: 1.018521e+06 
(EqRotRate) Equilibrium Rotation Rate [/sec]: 6.168928e-06 
(GammaRot) Gamma_Rotation [cgs]: -1.000000 
(GammaOrb) Gamma_Orbital [cgs]: -1.000000 
(ImK2) Im(k_2) []: 2.990000e-07 
(TidalQ) Tidal Q []: 1.000000e+06 
(TideLock) Tidally Locked? []: 0.000000 
(RotTimeEqtide) Timescale for Rotational Evolution in EQTIDE [sec]: 3.645542e+24 
(OblTimeEqtide) Timescale for Obliquity Evolution in EQTIDE []: -1.000000 
(PowerEqtide) Internal Power due to Tides in EQTIDE [kg*m^2/sec^3]: 9.757306e+08 
(SurfEnFluxEqtide) Surface Energy Flux due to Tides in EQTIDE [kg*m^2/sec^2/(m^2*sec)]: 6.038514e-09 
Tidal Perturbers: b
Output Order: Time[year] RotPer[days]
Grid Output Order:

----- BODY: b ----
Active Modules: DISTORB DISTROT EQTIDE 
Module Bit Sum: 51
Color: 000000
(Mass) Mass [kg]: 7.584676e+24 
(Obliquity) Obliquity [rad]: 0.785398 
(PrecA) Body's precession parameter in DistRot [rad]: 5.063024 
(Xobl) Body's sin(obl)*cos(pA) []: 0.242887 
(Yobl) Body's sin(obl)*sin(pA) []: -0.664083 
(Zobl) Body's cos(obl) []: 0.707107 
(Radius) Radius [m]: 6.806530e+06 
(RotAngMom) Rotational Angular Momentum [kg*m^2/sec]: 6.388438e+33 
(RotKinEnergy) Rotational Energy [kg*m^2/sec^2]: 2.322902e+29 
(RotVel) Rotational Velocity [m/sec]: 494.984810 
(BodyType) Type of Body (0 == planet) []: -1.000000 
(RotRate) Rotational Frequency [/sec]: 7.272205e-05 
(RotPer) Rotational Period [days]: 1.000000 
(SurfEnFluxTotal) Total Surface Energy Flux [kg*m^2/sec^2/(m^2*sec)]: 163.063983 
(HEcc) Poincare's h (=e*sin(varpi) []: -0.000351 
(KEcc) Poincare's k (=e*cos(varpi) []: 0.000936 
(Eccentricity) Orbital Eccentricity []: 0.001000 
(OrbEnergy) Orbital Energy [kg*m^2/sec^2]: -8.074287e+33 
(MeanMotion) Orbital Mean Motion [/sec]: 6.168928e-06 
(OrbPeriod) Orbital Period [sec]: 1.018521e+06 
(SemiMajorAxis) Semi-major Axis [m]: 7.479900e+09 
(OrbAngMom) Orbital Angular Momentum [kg*m^2/sec]: 2.617727e+39 
(OrbKinEnergy) Orbital Kinetic Energy [kg*m^2/sec^2]: 8.074287e+33 
(OrbPotEnergy) Orbital Potential Energy [kg*m^2/sec^2]: -1.614857e+34 
(OrbEnergy) Orbital Energy [kg*m^2/sec^2]: -8.074287e+33 
----- EQTIDE PARAMETERS (b)------
(DsemiDtEqtide) Total da/dt in EQTIDE [m/sec]: 8.151822e-09 
(DeccDtEqtide) Total de/dt in EQTIDE [/sec]: 2.588314e-21 
(DMeanMotionDtEqtide) Total dMeanMotion/dt in EQTIDE [/sec^2]: -1.008463e-23 
(DOrbPerDtEqtide) Total dOrbPer/dt in EQTIDE []: 1.665023e-12 
(EccTimeEqtide) Timescale for Eccentricity Evolution (e/[de/dt]) in EQTIDE [sec]: 3.863519e+17 
(SemiTimeEqtide) Timescale for Semi-major Axis Evolution (a/[da/dt]) in EQTIDE [sec]: 9.175740e+17 
(DHEccDtEqtide) Time Rate of Change of Poincare's h in EQTIDE [/sec]: -9.082100e-22 
(DKEccDtEqtide) Time Rate of Change of Poincare's k in EQTIDE [/sec]: 2.423742e-21 
(DXoblDtEqtide) Time Rate of Change of Laskar's X in EQTIDE [/sec]: 1.917398e-14 
(DYoblDtEqtide) Time Rate of Change of Laskar's Y in EQTIDE [/sec]: -5.242390e-14 
(DZoblDtEqtide) Time Rate of Change of Laskar's Z in EQTIDE [/sec]: -5.582030e-14 
(BodyDsemiDtEqtide) Body's Contribution to dSemi/dt in EQTIDE [m/sec]: -1.000000 
(BodyDeccDt) Body's Contribution to dEcc/dt in EQTIDE []: -1.000000 
(DOblDtEqtide) Time Rate of Change of Obliquity in EQTIDE [rad/sec]: 7.894183e-14 
(DRotPerDtEqtide) Time Rate of Change of Rotation Period in EQTIDE []: 1.929169e-08 
(DRotRateDtEqtide) Time Rate of Change of Rotational Frequency in EQTIDE [/sec^2]: -1.623763e-17 
(EqRotRateDiscrete) CPL2 Discrete Equilibrium Spin Rate [/sec]: 6.168928e-06 
(EqRotPerDiscrete) CPL2 Discrete Equilibrium Spin Period [sec]: 1.018521e+06 
(EqRotRateCont) CPL2 Continuous Equilibrium Spin Rate [/sec]: 6.168986e-06 
(EqRotPerCont) CPL2 Continuous Equilibrium Rotation Period [sec]: 1.018512e+06 
(EqRotPer) Equilibrium Rotation Period [sec]: 1.018521e+06 
(EqRotRate) Equilibrium Rotation Rate [/sec]: 6.168928e-06 
(GammaRot) Gamma_Rotation [cgs]: -1.000000 
(GammaOrb) Gamma_Orbital [cgs]: -1.000000 
(ImK2) Im(k_2) []: 0.003000 
(TidalQ) Tidal Q []: 100.000000 
(TideLock) Tidally Locked? []: 0.000000 
(RotTimeEqtide) Timescale for Rotational Evolution in EQTIDE [sec]: 4.478613e+12 
(OblTimeEqtide) Timescale for Obliquity Evolution in EQTIDE []: -1.000000 
(PowerEqtide) Internal Power due to Tides in EQTIDE [kg*m^2/sec^3]: 9.493348e+16 
(SurfEnFluxEqtide) Surface Energy Flux due to Tides in EQTIDE [W/m^2]: 163.063983 
Tidal Perturbers: star
----- DISTORB PARAMETERS (b)------
(Inc) Body's Inclination in DistOrb [rad]: 1.788139e-07 
(Sinc) Body's sin(1/2*Inclination) in DistOrb []: 8.940697e-08 
(LongA) Body's Longitude of ascending node in DistOrb [rad]: 3.145998 
(ArgP) Body's argument of pericenter in DistOrb [rad]: 2.778667 
(Pinc) Body's p = s*sin(Omega) in DistOrb []: -3.938566e-10 
(Qinc) Body's q = s* cos(Omega) in DistOrb []: -8.940610e-08 
(DIncDtDistOrb) Body's dInc/dt in DistOrb [/sec]: -1.532147e-23 
(DSincDtDistOrb) Body's dsin(.5*Inc)/dt in DistOrb [/sec]: -7.660733e-24 
(DLongADtDistOrb) Body's dOmega/dt in DistOrb [/sec]: -1.296784e-12 
(DLongPDtDistOrb) Body's dvarpi/dt in DistOrb [/sec]: 1.127889e-12 
(DHeccDtDistOrb) Body's dh/dt in DistOrb [/sec]: 9.846522e-16 
(DKeccDtDistOrb) Body's dk/dt in DistOrb [/sec]: 5.866360e-16 
(DPincDtDistOrb) Body's dp/dt in DistOrb [/sec]: 1.159404e-19 
(DQincDtDistOrb) Body's dq/dt in DistOrb [/sec]: -5.030861e-22 
-----DISTROT PARAMETERS (b)------
(CassiniOne) First Cassini parameter (misalignment of Cassini state vectors) []: 0.937656 
(CassiniTwo) Second Cassini parameter (alignment of Cassini state vectors []: -0.347564 
(DOblDtDistRot) Body's dobl/dt in DistRot [rad]: 2.174263e-19 
(DPrecADtDistRot) Body's dpA/dt in DistRot [rad]: 1.738921e-09 
(DXoblDtDistRot) Body's dXobl/dt in DistRot [/sec]: 1.154787e-09 
(DYoblDtDistRot) Body's dYobl/dt in DistRot [/sec]: 4.223620e-10 
(DZoblDtDistRot) Body's dZobl/dt in DistRot [/sec]: -1.537436e-19 
(OblTimeDistRot) Obliquity timescale in DistRot [rad]: 1.444900e+19 
(PrecATimeDistRot) Axial precession timescale in DistRot [rad]: 3.613267e+09 
(XoblTimeDistRot) Xobl timescale in DistRot [/sec]: 8.659605e+08 
(YoblTimeDistRot) Yobl timescale in DistRot [/sec]: 2.367637e+09 
(ZoblTimeDistRot) Zobl timescale in DistRot [/sec]: 6.504335e+18 
(DynEllip) dynamical ellipticity of planet []: 0.003133 
Output Order: Time[year] SemiMajorAxis[AU] Eccentricity[] Inc[deg] ArgP[deg] LongA[deg] RotPer[days] Obliquity[deg] PrecA[deg] CassiniOne[deg] CassiniTwo[deg] SurfEnFluxEqtide[W/m^2] DynEllip[] DeltaTime[year]
Grid Output Order:

----- BODY: c ----
Active Modules: DISTORB 
Module Bit Sum: 17
Color: 000000
(Mass) Mass [kg]: 1.868876e+25 
(Obliquity) Obliquity [rad]: 2.186276 
(PrecA) Body's precession parameter in DistRot [rad]: 3.926991 
(Xobl) Body's sin(obl)*cos(pA) []: -1.000000 
(Yobl) Body's sin(obl)*sin(pA) []: -1.000000 
(Zobl) Body's cos(obl) []: -1.000000 
(Radius) Radius [m]: 9.567150e+06 
(RotAngMom) Rotational Angular Momentum [kg*m^2/sec]: 3.109939e+34 
(RotKinEnergy) Rotational Energy [kg*m^2/sec^2]: 1.130806e+30 
(RotVel) Rotational Velocity [m/sec]: 695.742781 
(BodyType) Type of Body (0 == planet) []: -1.000000 
(RotRate) Rotational Frequency [/sec]: 7.272205e-05 
(RotPer) Rotational Period [sec]: 8.640000e+04 
(SurfEnFluxTotal) Total Surface Energy Flux [kg*m^2/sec^2/(m^2*sec)]: 0.000000 
(HEcc) Poincare's h (=e*sin(varpi) []: 0.000927 
(KEcc) Poincare's k (=e*cos(varpi) []: 0.000375 
(Eccentricity) Orbital Eccentricity []: 0.001000 
(OrbEnergy) Orbital Energy [kg*m^2/sec^2]: -8.074287e+33 
(MeanMotion) Orbital Mean Motion [/sec]: 3.382417e-07 
(OrbPeriod) Orbital Period [sec]: 1.857602e+07 
(SemiMajorAxis) Semi-major Axis [m]: 5.182718e+10 
(OrbAngMom) Orbital Angular Momentum [kg*m^2/sec]: 2.617727e+39 
(OrbKinEnergy) Orbital Kinetic Energy [kg*m^2/sec^2]: 2.871348e+33 
(OrbPotEnergy) Orbital Potential Energy [kg*m^2/sec^2]: -5.742696e+33 
(OrbEnergy) Orbital Energy [kg*m^2/sec^2]: -8.074287e+33 
----- DISTORB PARAMETERS (c)------
(Inc) Body's Inclination in DistOrb [rad]: 2.580957e-08 
(Sinc) Body's sin(1/2*Inclination) in DistOrb []: 1.290478e-08 
(LongA) Body's Longitude of ascending node in DistOrb [rad]: 0.003864 
(ArgP) Body's argument of pericenter in DistOrb [rad]: 1.182283 
(Pinc) Body's p = s*sin(Omega) in DistOrb []: 4.986132e-11 
(Qinc) Body's q = s* cos(Omega) in DistOrb []: 1.290469e-08 
(DIncDtDistOrb) Body's dInc/dt in DistOrb [/sec]: 1.698787e-23 
(DSincDtDistOrb) Body's dsin(.5*Inc)/dt in DistOrb [/sec]: 8.493936e-24 
(DLongADtDistOrb) Body's dOmega/dt in DistOrb [/sec]: -1.385172e-12 
(DLongPDtDistOrb) Body's dvarpi/dt in DistOrb [/sec]: 1.738934e-13 
(DHeccDtDistOrb) Body's dh/dt in DistOrb [/sec]: 3.612105e-17 
(DKeccDtDistOrb) Body's dk/dt in DistOrb [/sec]: -1.729791e-16 
(DPincDtDistOrb) Body's dp/dt in DistOrb [/sec]: -1.787518e-20 
(DQincDtDistOrb) Body's dq/dt in DistOrb [/sec]: 7.756036e-23 
Output Order: Time[year] Eccentricity[] Inc[deg] ArgP[deg] LongA[deg]
Grid Output Order:



---- FINAL SYSTEM PROPERTIES ----
(Age) System Age [sec]: 2.209032e+17 
(Time) Simulation Time [sec]: 2.209032e+17 
(TotAngMom) Total Angular Momentum [kg*m^2/sec]: 3.289787e+39 
(TotEnergy) Total Energy [kg*m^2/sec^2]: -2.010656e+40 
(PotEnergy) Total Potential Energy [kg*m^2/sec^2]: -2.010657e+40 
(KinEnergy) Total Kinetic Energy [kg*m^2/sec^2]: 8.368700e+33 
(DeltaTime) Average Timestep Over Last Output Interval [sec]: inf 
(LongP) Body's Longitude of pericenter in Lagrange [rad]: 0.000000 
(LXUVTot) Total XUV Luminosity [kg*m^2/sec^2/(m^2*sec)]: -1.000000 

----- BODY: star ----
Active Modules: EQTIDE 
Module Bit Sum: 3
Color: 000000
(Mass) Mass [kg]: 2.386099e+29 
(Obliquity) Obliquity [rad]: 0.000000 
(PrecA) Body's precession parameter in DistRot [rad]: 0.000000 
(Xobl) Body's sin(obl)*cos(pA) []: 0.000000 
(Yobl) Body's sin(obl)*sin(pA) []: 0.000000 
(Zobl) Body's cos(obl) []: 1.000000 
(Radius) Radius [m]: 1.133953e+08 
(RotAngMom) Rotational Angular Momentum [kg*m^2/sec]: 6.720576e+38 
(RotKinEnergy) Rotational Energy [kg*m^2/sec^2]: 2.944181e+32 
(RotVel) Rotational Velocity [m/sec]: 99.353467 
(BodyType) Type of Body (0 == planet) []: -1.000000 
(RotRate) Rotational Frequency [/sec]: 8.761693e-07 
(RotPer) Rotational Period [days]: 83.000000 
(SurfEnFluxTotal) Total Surface Energy Flux [kg*m^2/sec^2/(m^2*sec)]: 6.038393e-09 
(HEcc) Poincare's h (=e*sin(varpi) []: 0.000000 
(KEcc) Poincare's k (=e*cos(varpi) []: 0.000000 
(Eccentricity) Orbital Eccentricity []: -1.000000 
(OrbEnergy) Orbital Energy [kg*m^2/sec^2]: -8.074281e+33 
(MeanMotion) Orbital Mean Motion [/sec]: -1.000000 
(OrbPeriod) Orbital Period [sec]: -1.000000 
(SemiMajorAxis) Semi-major Axis [m]: -1.000000 
(OrbAngMom) Orbital Angular Momentum [kg*m^2/sec]: 2.617729e+39 
(OrbKinEnergy) Orbital Kinetic Energy [kg*m^2/sec^2]: -1.000000 
(OrbPotEnergy) Orbital Potential Energy [kg*m^2/sec^2]: -1.000000 
(OrbEnergy) Orbital Energy [kg*m^2/sec^2]: -8.074281e+33 
----- EQTIDE PARAMETERS (star)------
(BodyDsemiDtEqtide) Body's Contribution to dSemi/dt in EQTIDE [m/sec]: -1.000000 
(BodyDeccDt) Body's Contribution to dEcc/dt in EQTIDE []: -1.000000 
(DOblDtEqtide) Time Rate of Change of Obliquity in EQTIDE [rad/sec]: 0.000000 
(DRotPerDtEqtide) Time Rate of Change of Rotation Period in EQTIDE []: -1.967092e-18 
(DRotRateDtEqtide) Time Rate of Change of Rotational Frequency in EQTIDE [/sec^2]: 2.403372e-31 
(EqRotRateDiscrete) CPL2 Discrete Equilibrium Spin Rate [/sec]: 6.168920e-06 
(EqRotPerDiscrete) CPL2 Discrete Equilibrium Spin Period [sec]: 1.018523e+06 
(EqRotRateCont) CPL2 Continuous Equilibrium Spin Rate [/sec]: 6.168926e-06 
(EqRotPerCont) CPL2 Continuous Equilibrium Rotation Period [sec]: 1.018522e+06 
(EqRotPer) Equilibrium Rotation Period [sec]: 1.018523e+06 
(EqRotRate) Equilibrium Rotation Rate [/sec]: 6.168920e-06 
(GammaRot) Gamma_Rotation [cgs]: -1.000000 
(GammaOrb) Gamma_Orbital [cgs]: -1.000000 
(ImK2) Im(k_2) []: 2.990000e-07 
(TidalQ) Tidal Q []: 1.000000e+06 
(TideLock) Tidally Locked? []: 0.000000 
(RotTimeEqtide) Timescale for Rotational Evolution in EQTIDE [sec]: 3.645584e+24 
(OblTimeEqtide) Timescale for Obliquity Evolution in EQTIDE []: -1.000000 
(PowerEqtide) Internal Power due to Tides in EQTIDE [kg*m^2/sec^3]: 9.757111e+08 
(SurfEnFluxEqtide) Surface Energy Flux due to Tides in EQTIDE [kg*m^2/sec^2/(m^2*sec)]: 6.038393e-09 
Tidal Perturbers: b
Output Order: Time[year] RotPer[days]
Grid Output Order:

----- BODY: b ----
Active Modules: DISTORB DISTROT EQTIDE 
Module Bit Sum: 51
Color: 000000
(Mass) Mass [kg]: 7.584676e+24 
(Obliquity) Obliquity [rad]: 1.119631e-09 
(PrecA) Body's precession parameter in DistRot [rad]: 0.303204 
(Xobl) Body's sin(obl)*cos(pA) []: 1.068575e-09 
(Yobl) Body's sin(obl)*sin(pA) []: 3.343043e-10 
(Zobl) Body's cos(obl) []: 1.000015 
(Radius) Radius [m]: 6.806530e+06 
(RotAngMom) Rotational Angular Momentum [kg*m^2/sec]: 5.419232e+32 
(RotKinEnergy) Rotational Energy [kg*m^2/sec^2]: 1.671540e+27 
(RotVel) Rotational Velocity [m/sec]: 41.988939 
(BodyType) Type of Body (0 == planet) []: -1.000000 
(RotRate) Rotational Frequency [/sec]: 6.168920e-06 
(RotPer) Rotational Period [days]: 11.788457 
(SurfEnFluxTotal) Total Surface Energy Flux [kg*m^2/sec^2/(m^2*sec)]: 1.037623e-05 
(HEcc) Poincare's h (=e*sin(varpi) []: 0.000244 
(KEcc) Poincare's k (=e*cos(varpi) []: -0.000197 
(Eccentricity) Orbital Eccentricity []: 0.000313 
(OrbEnergy) Orbital Energy [kg*m^2/sec^2]: -8.074281e+33 
(MeanMotion) Orbital Mean Motion [/sec]: 6.168920e-06 
(OrbPeriod) Orbital Period [sec]: 1.018523e+06 
(SemiMajorAxis) Semi-major Axis [m]: 7.479906e+09 
(OrbAngMom) Orbital Angular Momentum [kg*m^2/sec]: 2.617729e+39 
(OrbKinEnergy) Orbital Kinetic Energy [kg*m^2/sec^2]: 8.074281e+33 
(OrbPotEnergy) Orbital Potential Energy [kg*m^2/sec^2]: -1.614856e+34 
(OrbEnergy) Orbital Energy [kg*m^2/sec^2]: -8.074281e+33 
----- EQTIDE PARAMETERS (b)------
(DsemiDtEqtide) Total da/dt in EQTIDE [m/sec]: -1.624320e-14 
(DeccDtEqtide) Total de/dt in EQTIDE [/sec]: -1.194519e-21 
(DMeanMotionDtEqtide) Total dMeanMotion/dt in EQTIDE [/sec^2]: 2.009444e-29 
(DOrbPerDtEqtide) Total dOrbPer/dt in EQTIDE []: -3.317702e-18 
(EccTimeEqtide) Timescale for Eccentricity Evolution (e/[de/dt]) in EQTIDE [sec]: 2.621686e+17 
(SemiTimeEqtide) Timescale for Semi-major Axis Evolution (a/[da/dt]) in EQTIDE [sec]: 4.604946e+23 
(DHEccDtEqtide) Time Rate of Change of Poincare's h in EQTIDE [/sec]: -9.288684e-22 
(DKEccDtEqtide) Time Rate of Change of Poincare's k in EQTIDE [/sec]: 7.510525e-22 
(DXoblDtEqtide) Time Rate of Change of Laskar's X in EQTIDE [/sec]: -2.812590e-21 
(DYoblDtEqtide) Time Rate of Change of Laskar's Y in EQTIDE [/sec]: -8.799208e-22 
(DZoblDtEqtide) Time Rate of Change of Laskar's Z in EQTIDE [/sec]: 3.299573e-30 
(BodyDsemiDtEqtide) Body's Contribution to dSemi/dt in EQTIDE [m/sec]: -1.000000 
(BodyDeccDt) Body's Contribution to dEcc/dt in EQTIDE []: -1.000000 
(DOblDtEqtide) Time Rate of Change of Obliquity in EQTIDE [rad/sec]: -2.947020e-21 
(DRotPerDtEqtide) Time Rate of Change of Rotation Period in EQTIDE []: -4.852015e-28 
(DRotRateDtEqtide) Time Rate of Change of Rotational Frequency in EQTIDE [/sec^2]: 2.938736e-39 
(EqRotRateDiscrete) CPL2 Discrete Equilibrium Spin Rate [/sec]: 6.168920e-06 
(EqRotPerDiscrete) CPL2 Discrete Equilibrium Spin Period [sec]: 1.018523e+06 
(EqRotRateCont) CPL2 Continuous Equilibrium Spin Rate [/sec]: 6.168926e-06 
(EqRotPerCont) CPL2 Continuous Equilibrium Rotation Period [sec]: 1.018522e+06 
(EqRotPer) Equilibrium Rotation Period [sec]: 1.018523e+06 
(EqRotRate) Equilibrium Rotation Rate [/sec]: 6.168920e-06 
(GammaRot) Gamma_Rotation [cgs]: -1.000000 
(GammaOrb) Gamma_Orbital [cgs]: -1.000000 
(ImK2) Im(k_2) []: 0.003000 
(TidalQ) Tidal Q []: 100.000000 
(TideLock) Tidally Locked? []: 1.000000 
(RotTimeEqtide) Timescale for Rotational Evolution in EQTIDE [sec]: 2.099175e+33 
(OblTimeEqtide) Timescale for Obliquity Evolution in EQTIDE []: -1.000000 
(PowerEqtide) Internal Power due to Tides in EQTIDE [kg*m^2/sec^3]: 6.040889e+09 
(SurfEnFluxEqtide) Surface Energy Flux due to Tides in EQTIDE [W/m^2]: 1.037623e-05 
Tidal Perturbers: star
----- DISTORB PARAMETERS (b)------
(Inc) Body's Inclination in DistOrb [rad]: 1.787332e-07 
(Sinc) Body's sin(1/2*Inclination) in DistOrb []: 8.936659e-08 
(LongA) Body's Longitude of ascending node in DistOrb [rad]: 2.828428 
(ArgP) Body's argument of pericenter in DistOrb [rad]: 5.705497 
(Pinc) Body's p = s*sin(Omega) in DistOrb []: 2.753126e-08 
(Qinc) Body's q = s* cos(Omega) in DistOrb []: -8.502010e-08 
(DIncDtDistOrb) Body's dInc/dt in DistOrb [/sec]: -6.374489e-22 
(DSincDtDistOrb) Body's dsin(.5*Inc)/dt in DistOrb [/sec]: -3.187244e-22 
(DLongADtDistOrb) Body's dOmega/dt in DistOrb [/sec]: -1.297363e-12 
(DLongPDtDistOrb) Body's dvarpi/dt in DistOrb [/sec]: 1.630410e-12 
(DHeccDtDistOrb) Body's dh/dt in DistOrb [/sec]: -4.242471e-16 
(DKeccDtDistOrb) Body's dk/dt in DistOrb [/sec]: -3.135809e-16 
(DPincDtDistOrb) Body's dp/dt in DistOrb [/sec]: 1.102038e-19 
(DQincDtDistOrb) Body's dq/dt in DistOrb [/sec]: 3.602126e-20 
-----DISTROT PARAMETERS (b)------
(CassiniOne) First Cassini parameter (misalignment of Cassini state vectors) []: 0.012709 
(CassiniTwo) Second Cassini parameter (alignment of Cassini state vectors []: -0.999919 
(DOblDtDistRot) Body's dobl/dt in DistRot [rad]: 2.946974e-21 
(DPrecADtDistRot) Body's dpA/dt in DistRot [rad]: 1.527149e-12 
(DXoblDtDistRot) Body's dXobl/dt in DistRot [/sec]: 2.302057e-21 
(DYoblDtDistRot) Body's dYobl/dt in DistRot [/sec]: 2.511793e-21 
(DZoblDtDistRot) Body's dZobl/dt in DistRot [/sec]: -3.299622e-30 
(OblTimeDistRot) Obliquity timescale in DistRot [rad]: 1.066040e+21 
(PrecATimeDistRot) Axial precession timescale in DistRot [rad]: 4.114325e+12 
(XoblTimeDistRot) Xobl timescale in DistRot [/sec]: 4.343942e+20 
(YoblTimeDistRot) Yobl timescale in DistRot [/sec]: 3.981220e+20 
(ZoblTimeDistRot) Zobl timescale in DistRot [/sec]: 3.030650e+29 
(DynEllip) dynamical ellipticity of planet []: 2.254491e-05 
Output Order: Time[year] SemiMajorAxis[AU] Eccentricity[] Inc[deg] ArgP[deg] LongA[deg] RotPer[days] Obliquity[deg] PrecA[deg] CassiniOne[deg] CassiniTwo[deg] SurfEnFluxEqtide[W/m^2] DynEllip[] DeltaTime[year]
Grid Output Order:

----- BODY: c ----
Active Modules: DISTORB 
Module Bit Sum: 17
Color: 000000
(Mass) Mass [kg]: 1.868876e+25 
(Obliquity) Obliquity [rad]: 2.186276 
(PrecA) Body's precession parameter in DistRot [rad]: 3.926991 
(Xobl) Body's sin(obl)*cos(pA) []: -1.000000 
(Yobl) Body's sin(obl)*sin(pA) []: -1.000000 
(Zobl) Body's cos(obl) []: -1.000000 
(Radius) Radius [m]: 9.567150e+06 
(RotAngMom) Rotational Angular Momentum [kg*m^2/sec]: 3.109939e+34 
(RotKinEnergy) Rotational Energy [kg*m^2/sec^2]: 1.130806e+30 
(RotVel) Rotational Velocity [m/sec]: 695.742781 
(BodyType) Type of Body (0 == planet) []: -1.000000 
(RotRate) Rotational Frequency [/sec]: 7.272205e-05 
(RotPer) Rotational Period [sec]: 8.640000e+04 
(SurfEnFluxTotal) Total Surface Energy Flux [kg*m^2/sec^2/(m^2*sec)]: 0.000000 
(HEcc) Poincare's h (=e*sin(varpi) []: -0.000184 
(KEcc) Poincare's k (=e*cos(varpi) []: 0.000986 
(Eccentricity) Orbital Eccentricity []: 0.001003 
(OrbEnergy) Orbital Energy [kg*m^2/sec^2]: -8.074281e+33 
(MeanMotion) Orbital Mean Motion [/sec]: 3.382417e-07 
(OrbPeriod) Orbital Period [sec]: 1.857602e+07 
(SemiMajorAxis) Semi-major Axis [m]: 5.182718e+10 
(OrbAngMom) Orbital Angular Momentum [kg*m^2/sec]: 2.617729e+39 
(OrbKinEnergy) Orbital Kinetic Energy [kg*m^2/sec^2]: 2.871348e+33 
(OrbPotEnergy) Orbital Potential Energy [kg*m^2/sec^2]: -5.742696e+33 
(OrbEnergy) Orbital Energy [kg*m^2/sec^2]: -8.074281e+33 
----- DISTORB PARAMETERS (c)------
(Inc) Body's Inclination in DistOrb [rad]: 2.589559e-08 
(Sinc) Body's sin(1/2*Inclination) in DistOrb []: 1.294779e-08 
(LongA) Body's Longitude of ascending node in DistOrb [rad]: 5.948294 
(ArgP) Body's argument of pericenter in DistOrb [rad]: 0.149971 
(Pinc) Body's p = s*sin(Omega) in DistOrb []: -4.255504e-09 
(Qinc) Body's q = s* cos(Omega) in DistOrb []: 1.222849e-08 
(DIncDtDistOrb) Body's dInc/dt in DistOrb [/sec]: 6.784110e-22 
(DSincDtDistOrb) Body's dsin(.5*Inc)/dt in DistOrb [/sec]: 3.392055e-22 
(DLongADtDistOrb) Body's dOmega/dt in DistOrb [/sec]: -1.380322e-12 
(DLongPDtDistOrb) Body's dvarpi/dt in DistOrb [/sec]: 1.821809e-13 
(DHeccDtDistOrb) Body's dh/dt in DistOrb [/sec]: 1.785154e-16 
(DKeccDtDistOrb) Body's dk/dt in DistOrb [/sec]: 3.989020e-17 
(DPincDtDistOrb) Body's dp/dt in DistOrb [/sec]: -1.699074e-20 
(DQincDtDistOrb) Body's dq/dt in DistOrb [/sec]: -5.553602e-21 
Output Order: Time[year] Eccentricity[] Inc[deg] ArgP[deg] LongA[deg]
Grid Output Order:

Runtime = 141954.000000 s
