-------- Log file pandora.log -------

Executable: vplanet
System Name: pandora
Primary Input File: vpl.in
Body File #1: star.in
Body File #2: b.in
Body File #3: c.in
Allow files to be overwitten: Yes
Mass Units: Kilograms
Length Units: Meters
Time Units: Seconds
Angle Units: Radians

------- FORMATTING -----
Verbosity Level: 5
Crossover Decade for Scientific Notation: 4
Number of Digits After Decimal: 6
Integration Method: Runge-Kutta4
Direction: Forward
Time Step: 3.155760e+07
Stop Time: 3.155760e+14
Output Interval: 3.155760e+10
Use Variable Timestep: Yes
dEta: 0.010000
Minimum Value of ecc and obl: 1.000000e-10


---- INITIAL SYSTEM PROPERTIES ----
(Age) System Age [sec]: 0.000000 
(Time) Simulation Time [sec]: 0.000000 
(TotAngMom) Total Angular Momentum [kg*m^2/sec]: 3.244417e+39 
(TotEnergy) Total Energy [kg*m^2/sec^2]: -2.010656e+40 
(PotEnergy) Total Potential Energy [kg*m^2/sec^2]: -2.010657e+40 
(KinEnergy) Total Kinetic Energy [kg*m^2/sec^2]: 8.656294e+33 
(DeltaTime) Average Timestep Over Last Output Interval [sec]: 0.000000 
(LongP) Body's Longitude of pericenter in Lagrange [rad]: 0.000000 
(LXUVTot) Total XUV Luminosity [kg*m^2/sec^2/(m^2*sec)]: -1.000000 

----- BODY: star ----
Active Modules: EQTIDE 
Module Bit Sum: 3
Color: 000000
(Mass) Mass [kg]: 2.386099e+29 
(Obliquity) Obliquity [rad]: 0.000000 
(PrecA) Body's precession parameter in DistRot [rad]: 0.000000 
(Xobl) Body's sin(obl)*cos(pA) []: 0.000000 
(Yobl) Body's sin(obl)*sin(pA) []: 0.000000 
(Zobl) Body's cos(obl) []: 1.000000 
(Radius) Radius [m]: 1.133953e+08 
(RotAngMom) Rotational Angular Momentum [kg*m^2/sec]: 6.720576e+38 
(RotKinEnergy) Rotational Energy [kg*m^2/sec^2]: 2.944181e+32 
(RotVel) Rotational Velocity [m/sec]: 99.353467 
(BodyType) Type of Body (0 == planet) []: -1.000000 
(RotRate) Rotational Frequency [/sec]: 8.761693e-07 
(RotPer) Rotational Period [days]: 83.000000 
(SurfEnFluxTotal) Total Surface Energy Flux [kg*m^2/sec^2/(m^2*sec)]: 7.915794e-09 
(HEcc) Poincare's h (=e*sin(varpi) []: 0.000000 
(KEcc) Poincare's k (=e*cos(varpi) []: 0.000000 
(Eccentricity) Orbital Eccentricity []: -1.000000 
(OrbEnergy) Orbital Energy [kg*m^2/sec^2]: -8.361643e+33 
(MeanMotion) Orbital Mean Motion [/sec]: -1.000000 
(OrbPeriod) Orbital Period [sec]: -1.000000 
(SemiMajorAxis) Semi-major Axis [m]: -1.000000 
(OrbAngMom) Orbital Angular Momentum [kg*m^2/sec]: 2.572353e+39 
(OrbKinEnergy) Orbital Kinetic Energy [kg*m^2/sec^2]: -1.000000 
(OrbPotEnergy) Orbital Potential Energy [kg*m^2/sec^2]: -1.000000 
(OrbEnergy) Orbital Energy [kg*m^2/sec^2]: -8.361643e+33 
----- EQTIDE PARAMETERS (star)------
(BodyDsemiDtEqtide) Body's Contribution to dSemi/dt in EQTIDE [m/sec]: -1.000000 
(BodyDeccDt) Body's Contribution to dEcc/dt in EQTIDE []: -1.000000 
(DOblDtEqtide) Time Rate of Change of Obliquity in EQTIDE [rad/sec]: 0.000000 
(DRotPerDtEqtide) Time Rate of Change of Rotation Period in EQTIDE []: -2.426356e-18 
(DRotRateDtEqtide) Time Rate of Change of Rotational Frequency in EQTIDE [/sec^2]: 2.964495e-31 
(EqRotRateDiscrete) CPL2 Discrete Equilibrium Spin Rate [/sec]: 6.501160e-06 
(EqRotPerDiscrete) CPL2 Discrete Equilibrium Spin Period [sec]: 9.664714e+05 
(EqRotRateCont) CPL2 Continuous Equilibrium Spin Rate [/sec]: 6.501222e-06 
(EqRotPerCont) CPL2 Continuous Equilibrium Rotation Period [sec]: 9.664622e+05 
(EqRotPer) Equilibrium Rotation Period [sec]: 9.664714e+05 
(EqRotRate) Equilibrium Rotation Rate [/sec]: 6.501160e-06 
(GammaRot) Gamma_Rotation [cgs]: -1.000000 
(GammaOrb) Gamma_Orbital [cgs]: -1.000000 
(ImK2) Im(k_2) []: 2.990000e-07 
(TidalQ) Tidal Q []: 1.000000e+06 
(TideLock) Tidally Locked? []: 0.000000 
(RotTimeEqtide) Timescale for Rotational Evolution in EQTIDE [sec]: 2.955544e+24 
(OblTimeEqtide) Timescale for Obliquity Evolution in EQTIDE []: -1.000000 
(PowerEqtide) Internal Power due to Tides in EQTIDE [kg*m^2/sec^3]: 1.279070e+09 
(SurfEnFluxEqtide) Surface Energy Flux due to Tides in EQTIDE [kg*m^2/sec^2/(m^2*sec)]: 7.915794e-09 
Tidal Perturbers: b
Output Order: Time[year] RotPer[days]
Grid Output Order:

----- BODY: b ----
Active Modules: DISTORB DISTROT EQTIDE 
Module Bit Sum: 51
Color: 000000
(Mass) Mass [kg]: 7.584676e+24 
(Obliquity) Obliquity [rad]: 0.785398 
(PrecA) Body's precession parameter in DistRot [rad]: 5.062621 
(Xobl) Body's sin(obl)*cos(pA) []: 0.242620 
(Yobl) Body's sin(obl)*sin(pA) []: -0.664180 
(Zobl) Body's cos(obl) []: 0.707107 
(Radius) Radius [m]: 6.806530e+06 
(RotAngMom) Rotational Angular Momentum [kg*m^2/sec]: 6.388438e+33 
(RotKinEnergy) Rotational Energy [kg*m^2/sec^2]: 2.322902e+29 
(RotVel) Rotational Velocity [m/sec]: 494.984810 
(BodyType) Type of Body (0 == planet) []: -1.000000 
(RotRate) Rotational Frequency [/sec]: 7.272205e-05 
(RotPer) Rotational Period [days]: 1.000000 
(SurfEnFluxTotal) Total Surface Energy Flux [kg*m^2/sec^2/(m^2*sec)]: 200.128674 
(HEcc) Poincare's h (=e*sin(varpi) []: -0.000351 
(KEcc) Poincare's k (=e*cos(varpi) []: 0.000937 
(Eccentricity) Orbital Eccentricity []: 0.001000 
(OrbEnergy) Orbital Energy [kg*m^2/sec^2]: -8.361643e+33 
(MeanMotion) Orbital Mean Motion [/sec]: 6.501160e-06 
(OrbPeriod) Orbital Period [sec]: 9.664714e+05 
(SemiMajorAxis) Semi-major Axis [m]: 7.222846e+09 
(OrbAngMom) Orbital Angular Momentum [kg*m^2/sec]: 2.572353e+39 
(OrbKinEnergy) Orbital Kinetic Energy [kg*m^2/sec^2]: 8.361643e+33 
(OrbPotEnergy) Orbital Potential Energy [kg*m^2/sec^2]: -1.672329e+34 
(OrbEnergy) Orbital Energy [kg*m^2/sec^2]: -8.361643e+33 
----- EQTIDE PARAMETERS (b)------
(DsemiDtEqtide) Total da/dt in EQTIDE [m/sec]: 9.880653e-09 
(DeccDtEqtide) Total de/dt in EQTIDE [/sec]: 3.248893e-21 
(DMeanMotionDtEqtide) Total dMeanMotion/dt in EQTIDE [/sec^2]: -1.334011e-23 
(DOrbPerDtEqtide) Total dOrbPer/dt in EQTIDE []: 1.983159e-12 
(EccTimeEqtide) Timescale for Eccentricity Evolution (e/[de/dt]) in EQTIDE [sec]: 3.077972e+17 
(SemiTimeEqtide) Timescale for Semi-major Axis Evolution (a/[da/dt]) in EQTIDE [sec]: 7.310089e+17 
(DHEccDtEqtide) Time Rate of Change of Poincare's h in EQTIDE [/sec]: -1.138773e-21 
(DKEccDtEqtide) Time Rate of Change of Poincare's k in EQTIDE [/sec]: 3.042778e-21 
(DXoblDtEqtide) Time Rate of Change of Laskar's X in EQTIDE [/sec]: 2.362424e-14 
(DYoblDtEqtide) Time Rate of Change of Laskar's Y in EQTIDE [/sec]: -6.467225e-14 
(DZoblDtEqtide) Time Rate of Change of Laskar's Z in EQTIDE [/sec]: -6.885205e-14 
(BodyDsemiDtEqtide) Body's Contribution to dSemi/dt in EQTIDE [m/sec]: -1.000000 
(BodyDeccDt) Body's Contribution to dEcc/dt in EQTIDE []: -1.000000 
(DOblDtEqtide) Time Rate of Change of Obliquity in EQTIDE [rad/sec]: 9.737150e-14 
(DRotPerDtEqtide) Time Rate of Change of Rotation Period in EQTIDE []: 2.379551e-08 
(DRotRateDtEqtide) Time Rate of Change of Rotational Frequency in EQTIDE [/sec^2]: -2.002845e-17 
(EqRotRateDiscrete) CPL2 Discrete Equilibrium Spin Rate [/sec]: 6.501160e-06 
(EqRotPerDiscrete) CPL2 Discrete Equilibrium Spin Period [sec]: 9.664714e+05 
(EqRotRateCont) CPL2 Continuous Equilibrium Spin Rate [/sec]: 6.501222e-06 
(EqRotPerCont) CPL2 Continuous Equilibrium Rotation Period [sec]: 9.664622e+05 
(EqRotPer) Equilibrium Rotation Period [sec]: 9.664714e+05 
(EqRotRate) Equilibrium Rotation Rate [/sec]: 6.501160e-06 
(GammaRot) Gamma_Rotation [cgs]: -1.000000 
(GammaOrb) Gamma_Orbital [cgs]: -1.000000 
(ImK2) Im(k_2) []: 0.003000 
(TidalQ) Tidal Q []: 100.000000 
(TideLock) Tidally Locked? []: 0.000000 
(RotTimeEqtide) Timescale for Rotational Evolution in EQTIDE [sec]: 3.630938e+12 
(OblTimeEqtide) Timescale for Obliquity Evolution in EQTIDE []: -1.000000 
(PowerEqtide) Internal Power due to Tides in EQTIDE [kg*m^2/sec^3]: 1.165120e+17 
(SurfEnFluxEqtide) Surface Energy Flux due to Tides in EQTIDE [W/m^2]: 200.128674 
Tidal Perturbers: star
----- DISTORB PARAMETERS (b)------
(Inc) Body's Inclination in DistOrb [rad]: 1.794337e-07 
(Sinc) Body's sin(1/2*Inclination) in DistOrb []: 8.971687e-08 
(LongA) Body's Longitude of ascending node in DistOrb [rad]: 3.146023 
(ArgP) Body's argument of pericenter in DistOrb [rad]: 2.779046 
(Pinc) Body's p = s*sin(Omega) in DistOrb []: -3.974669e-10 
(Qinc) Body's q = s* cos(Omega) in DistOrb []: -8.971599e-08 
(DIncDtDistOrb) Body's dInc/dt in DistOrb [/sec]: -1.499397e-23 
(DSincDtDistOrb) Body's dsin(.5*Inc)/dt in DistOrb [/sec]: -7.496983e-24 
(DLongADtDistOrb) Body's dOmega/dt in DistOrb [/sec]: -1.226667e-12 
(DLongPDtDistOrb) Body's dvarpi/dt in DistOrb [/sec]: 1.066485e-12 
(DHeccDtDistOrb) Body's dh/dt in DistOrb [/sec]: 9.335357e-16 
(DKeccDtDistOrb) Body's dk/dt in DistOrb [/sec]: 5.482668e-16 
(DPincDtDistOrb) Body's dp/dt in DistOrb [/sec]: 1.100517e-19 
(DQincDtDistOrb) Body's dq/dt in DistOrb [/sec]: -4.800627e-22 
-----DISTROT PARAMETERS (b)------
(CassiniOne) First Cassini parameter (misalignment of Cassini state vectors) []: 0.937788 
(CassiniTwo) Second Cassini parameter (alignment of Cassini state vectors []: -0.347208 
(DOblDtDistRot) Body's dobl/dt in DistRot [rad]: 2.064122e-19 
(DPrecADtDistRot) Body's dpA/dt in DistRot [rad]: 1.931266e-09 
(DXoblDtDistRot) Body's dXobl/dt in DistRot [/sec]: 1.282709e-09 
(DYoblDtDistRot) Body's dYobl/dt in DistRot [/sec]: 4.685633e-10 
(DZoblDtDistRot) Body's dZobl/dt in DistRot [/sec]: -1.459554e-19 
(OblTimeDistRot) Obliquity timescale in DistRot [rad]: 1.522000e+19 
(PrecATimeDistRot) Axial precession timescale in DistRot [rad]: 3.253402e+09 
(XoblTimeDistRot) Xobl timescale in DistRot [/sec]: 7.795998e+08 
(YoblTimeDistRot) Yobl timescale in DistRot [/sec]: 2.134184e+09 
(ZoblTimeDistRot) Zobl timescale in DistRot [/sec]: 6.851406e+18 
(DynEllip) dynamical ellipticity of planet []: 0.003133 
Output Order: Time[year] SemiMajorAxis[AU] Eccentricity[] Inc[deg] ArgP[deg] LongA[deg] RotPer[days] Obliquity[deg] PrecA[deg] CassiniOne[deg] CassiniTwo[deg] SurfEnFluxEqtide[W/m^2] DynEllip[] DeltaTime[year]
Grid Output Order:

----- BODY: c ----
Active Modules: DISTORB 
Module Bit Sum: 17
Color: 000000
(Mass) Mass [kg]: 1.868876e+25 
(Obliquity) Obliquity [rad]: 2.186276 
(PrecA) Body's precession parameter in DistRot [rad]: 3.926991 
(Xobl) Body's sin(obl)*cos(pA) []: -1.000000 
(Yobl) Body's sin(obl)*sin(pA) []: -1.000000 
(Zobl) Body's cos(obl) []: -1.000000 
(Radius) Radius [m]: 9.567150e+06 
(RotAngMom) Rotational Angular Momentum [kg*m^2/sec]: 3.109939e+34 
(RotKinEnergy) Rotational Energy [kg*m^2/sec^2]: 1.130806e+30 
(RotVel) Rotational Velocity [m/sec]: 695.742781 
(BodyType) Type of Body (0 == planet) []: -1.000000 
(RotRate) Rotational Frequency [/sec]: 7.272205e-05 
(RotPer) Rotational Period [sec]: 8.640000e+04 
(SurfEnFluxTotal) Total Surface Energy Flux [kg*m^2/sec^2/(m^2*sec)]: 0.000000 
(HEcc) Poincare's h (=e*sin(varpi) []: 0.000925 
(KEcc) Poincare's k (=e*cos(varpi) []: 0.000380 
(Eccentricity) Orbital Eccentricity []: 0.001000 
(OrbEnergy) Orbital Energy [kg*m^2/sec^2]: -8.361643e+33 
(MeanMotion) Orbital Mean Motion [/sec]: 3.382417e-07 
(OrbPeriod) Orbital Period [sec]: 1.857602e+07 
(SemiMajorAxis) Semi-major Axis [m]: 5.182718e+10 
(OrbAngMom) Orbital Angular Momentum [kg*m^2/sec]: 2.572353e+39 
(OrbKinEnergy) Orbital Kinetic Energy [kg*m^2/sec^2]: 2.871348e+33 
(OrbPotEnergy) Orbital Potential Energy [kg*m^2/sec^2]: -5.742696e+33 
(OrbEnergy) Orbital Energy [kg*m^2/sec^2]: -8.361643e+33 
----- DISTORB PARAMETERS (c)------
(Inc) Body's Inclination in DistOrb [rad]: 2.580957e-08 
(Sinc) Body's sin(1/2*Inclination) in DistOrb []: 1.290478e-08 
(LongA) Body's Longitude of ascending node in DistOrb [rad]: 0.003871 
(ArgP) Body's argument of pericenter in DistOrb [rad]: 1.177000 
(Pinc) Body's p = s*sin(Omega) in DistOrb []: 4.995563e-11 
(Qinc) Body's q = s* cos(Omega) in DistOrb []: 1.290469e-08 
(DIncDtDistOrb) Body's dInc/dt in DistOrb [/sec]: 1.636826e-23 
(DSincDtDistOrb) Body's dsin(.5*Inc)/dt in DistOrb [/sec]: 8.184131e-24 
(DLongADtDistOrb) Body's dOmega/dt in DistOrb [/sec]: -1.292028e-12 
(DLongPDtDistOrb) Body's dvarpi/dt in DistOrb [/sec]: 1.615762e-13 
(DHeccDtDistOrb) Body's dh/dt in DistOrb [/sec]: 3.531610e-17 
(DKeccDtDistOrb) Body's dk/dt in DistOrb [/sec]: -1.601750e-16 
(DPincDtDistOrb) Body's dp/dt in DistOrb [/sec]: -1.667318e-20 
(DQincDtDistOrb) Body's dq/dt in DistOrb [/sec]: 7.272814e-23 
Output Order: Time[year] Eccentricity[] Inc[deg] ArgP[deg] LongA[deg]
Grid Output Order:



---- FINAL SYSTEM PROPERTIES ----
(Age) System Age [sec]: 3.155760e+14 
(Time) Simulation Time [sec]: 3.155760e+14 
(TotAngMom) Total Angular Momentum [kg*m^2/sec]: 3.244415e+39 
(TotEnergy) Total Energy [kg*m^2/sec^2]: -2.010656e+40 
(PotEnergy) Total Potential Energy [kg*m^2/sec^2]: -2.010657e+40 
(KinEnergy) Total Kinetic Energy [kg*m^2/sec^2]: 8.656037e+33 
(DeltaTime) Average Timestep Over Last Output Interval [sec]: inf 
(LongP) Body's Longitude of pericenter in Lagrange [rad]: 0.000000 
(LXUVTot) Total XUV Luminosity [kg*m^2/sec^2/(m^2*sec)]: -1.000000 

----- BODY: star ----
Active Modules: EQTIDE 
Module Bit Sum: 3
Color: 000000
(Mass) Mass [kg]: 2.386099e+29 
(Obliquity) Obliquity [rad]: 0.000000 
(PrecA) Body's precession parameter in DistRot [rad]: 0.000000 
(Xobl) Body's sin(obl)*cos(pA) []: 0.000000 
(Yobl) Body's sin(obl)*sin(pA) []: 0.000000 
(Zobl) Body's cos(obl) []: 1.000000 
(Radius) Radius [m]: 1.133953e+08 
(RotAngMom) Rotational Angular Momentum [kg*m^2/sec]: 6.720576e+38 
(RotKinEnergy) Rotational Energy [kg*m^2/sec^2]: 2.944181e+32 
(RotVel) Rotational Velocity [m/sec]: 99.353467 
(BodyType) Type of Body (0 == planet) []: -1.000000 
(RotRate) Rotational Frequency [/sec]: 8.761693e-07 
(RotPer) Rotational Period [days]: 83.000000 
(SurfEnFluxTotal) Total Surface Energy Flux [kg*m^2/sec^2/(m^2*sec)]: 7.915623e-09 
(HEcc) Poincare's h (=e*sin(varpi) []: 0.000000 
(KEcc) Poincare's k (=e*cos(varpi) []: 0.000000 
(Eccentricity) Orbital Eccentricity []: -1.000000 
(OrbEnergy) Orbital Energy [kg*m^2/sec^2]: -8.361617e+33 
(MeanMotion) Orbital Mean Motion [/sec]: -1.000000 
(OrbPeriod) Orbital Period [sec]: -1.000000 
(SemiMajorAxis) Semi-major Axis [m]: -1.000000 
(OrbAngMom) Orbital Angular Momentum [kg*m^2/sec]: 2.572357e+39 
(OrbKinEnergy) Orbital Kinetic Energy [kg*m^2/sec^2]: -1.000000 
(OrbPotEnergy) Orbital Potential Energy [kg*m^2/sec^2]: -1.000000 
(OrbEnergy) Orbital Energy [kg*m^2/sec^2]: -8.361617e+33 
----- EQTIDE PARAMETERS (star)------
(BodyDsemiDtEqtide) Body's Contribution to dSemi/dt in EQTIDE [m/sec]: -1.000000 
(BodyDeccDt) Body's Contribution to dEcc/dt in EQTIDE []: -1.000000 
(DOblDtEqtide) Time Rate of Change of Obliquity in EQTIDE [rad/sec]: 0.000000 
(DRotPerDtEqtide) Time Rate of Change of Rotation Period in EQTIDE []: -2.426313e-18 
(DRotRateDtEqtide) Time Rate of Change of Rotational Frequency in EQTIDE [/sec^2]: 2.964443e-31 
(EqRotRateDiscrete) CPL2 Discrete Equilibrium Spin Rate [/sec]: 6.501129e-06 
(EqRotPerDiscrete) CPL2 Discrete Equilibrium Spin Period [sec]: 9.664760e+05 
(EqRotRateCont) CPL2 Continuous Equilibrium Spin Rate [/sec]: 6.501202e-06 
(EqRotPerCont) CPL2 Continuous Equilibrium Rotation Period [sec]: 9.664652e+05 
(EqRotPer) Equilibrium Rotation Period [sec]: 9.664760e+05 
(EqRotRate) Equilibrium Rotation Rate [/sec]: 6.501129e-06 
(GammaRot) Gamma_Rotation [cgs]: -1.000000 
(GammaOrb) Gamma_Orbital [cgs]: -1.000000 
(ImK2) Im(k_2) []: 2.990000e-07 
(TidalQ) Tidal Q []: 1.000000e+06 
(TideLock) Tidally Locked? []: 0.000000 
(RotTimeEqtide) Timescale for Rotational Evolution in EQTIDE [sec]: 2.955596e+24 
(OblTimeEqtide) Timescale for Obliquity Evolution in EQTIDE []: -1.000000 
(PowerEqtide) Internal Power due to Tides in EQTIDE [kg*m^2/sec^3]: 1.279042e+09 
(SurfEnFluxEqtide) Surface Energy Flux due to Tides in EQTIDE [kg*m^2/sec^2/(m^2*sec)]: 7.915623e-09 
Tidal Perturbers: b
Output Order: Time[year] RotPer[days]
Grid Output Order:

----- BODY: b ----
Active Modules: DISTORB DISTROT EQTIDE 
Module Bit Sum: 51
Color: 000000
(Mass) Mass [kg]: 7.584676e+24 
(Obliquity) Obliquity [rad]: 9.068775e-10 
(PrecA) Body's precession parameter in DistRot [rad]: 0.126049 
(Xobl) Body's sin(obl)*cos(pA) []: 8.996830e-10 
(Yobl) Body's sin(obl)*sin(pA) []: 1.140081e-10 
(Zobl) Body's cos(obl) []: 1.000000 
(Radius) Radius [m]: 6.806530e+06 
(RotAngMom) Rotational Angular Momentum [kg*m^2/sec]: 5.711068e+32 
(RotKinEnergy) Rotational Energy [kg*m^2/sec^2]: 1.856420e+27 
(RotVel) Rotational Velocity [m/sec]: 44.250130 
(BodyType) Type of Body (0 == planet) []: -1.000000 
(RotRate) Rotational Frequency [/sec]: 6.501129e-06 
(RotPer) Rotational Period [days]: 11.186065 
(SurfEnFluxTotal) Total Surface Energy Flux [kg*m^2/sec^2/(m^2*sec)]: 0.000162 
(HEcc) Poincare's h (=e*sin(varpi) []: 0.000148 
(KEcc) Poincare's k (=e*cos(varpi) []: 0.001075 
(Eccentricity) Orbital Eccentricity []: 0.001085 
(OrbEnergy) Orbital Energy [kg*m^2/sec^2]: -8.361617e+33 
(MeanMotion) Orbital Mean Motion [/sec]: 6.501129e-06 
(OrbPeriod) Orbital Period [sec]: 9.664760e+05 
(SemiMajorAxis) Semi-major Axis [m]: 7.222868e+09 
(OrbAngMom) Orbital Angular Momentum [kg*m^2/sec]: 2.572357e+39 
(OrbKinEnergy) Orbital Kinetic Energy [kg*m^2/sec^2]: 8.361617e+33 
(OrbPotEnergy) Orbital Potential Energy [kg*m^2/sec^2]: -1.672323e+34 
(OrbEnergy) Orbital Energy [kg*m^2/sec^2]: -8.361617e+33 
----- EQTIDE PARAMETERS (b)------
(DsemiDtEqtide) Total da/dt in EQTIDE [m/sec]: -2.222315e-13 
(DeccDtEqtide) Total de/dt in EQTIDE [/sec]: -5.194208e-21 
(DMeanMotionDtEqtide) Total dMeanMotion/dt in EQTIDE [/sec^2]: 3.000378e-28 
(DOrbPerDtEqtide) Total dOrbPer/dt in EQTIDE []: -4.460445e-17 
(EccTimeEqtide) Timescale for Eccentricity Evolution (e/[de/dt]) in EQTIDE [sec]: 2.088666e+17 
(SemiTimeEqtide) Timescale for Semi-major Axis Evolution (a/[da/dt]) in EQTIDE [sec]: 3.250155e+22 
(DHEccDtEqtide) Time Rate of Change of Poincare's h in EQTIDE [/sec]: -7.094156e-22 
(DKEccDtEqtide) Time Rate of Change of Poincare's k in EQTIDE [/sec]: -5.145535e-21 
(DXoblDtEqtide) Time Rate of Change of Laskar's X in EQTIDE [/sec]: -2.771638e-21 
(DYoblDtEqtide) Time Rate of Change of Laskar's Y in EQTIDE [/sec]: -3.512229e-22 
(DZoblDtEqtide) Time Rate of Change of Laskar's Z in EQTIDE [/sec]: 2.533637e-30 
(BodyDsemiDtEqtide) Body's Contribution to dSemi/dt in EQTIDE [m/sec]: -1.000000 
(BodyDeccDt) Body's Contribution to dEcc/dt in EQTIDE []: -1.000000 
(DOblDtEqtide) Time Rate of Change of Obliquity in EQTIDE [rad/sec]: -2.793803e-21 
(DRotPerDtEqtide) Time Rate of Change of Rotation Period in EQTIDE []: -4.368807e-28 
(DRotRateDtEqtide) Time Rate of Change of Rotational Frequency in EQTIDE [/sec^2]: 2.938736e-39 
(EqRotRateDiscrete) CPL2 Discrete Equilibrium Spin Rate [/sec]: 6.501129e-06 
(EqRotPerDiscrete) CPL2 Discrete Equilibrium Spin Period [sec]: 9.664760e+05 
(EqRotRateCont) CPL2 Continuous Equilibrium Spin Rate [/sec]: 6.501202e-06 
(EqRotPerCont) CPL2 Continuous Equilibrium Rotation Period [sec]: 9.664652e+05 
(EqRotPer) Equilibrium Rotation Period [sec]: 9.664760e+05 
(EqRotRate) Equilibrium Rotation Rate [/sec]: 6.501129e-06 
(GammaRot) Gamma_Rotation [cgs]: -1.000000 
(GammaOrb) Gamma_Orbital [cgs]: -1.000000 
(ImK2) Im(k_2) []: 0.003000 
(TidalQ) Tidal Q []: 100.000000 
(TideLock) Tidally Locked? []: 1.000000 
(RotTimeEqtide) Timescale for Rotational Evolution in EQTIDE [sec]: 2.212220e+33 
(OblTimeEqtide) Timescale for Obliquity Evolution in EQTIDE []: -1.000000 
(PowerEqtide) Internal Power due to Tides in EQTIDE [kg*m^2/sec^3]: 9.423840e+10 
(SurfEnFluxEqtide) Surface Energy Flux due to Tides in EQTIDE [W/m^2]: 0.000162 
Tidal Perturbers: star
----- DISTORB PARAMETERS (b)------
(Inc) Body's Inclination in DistOrb [rad]: 1.794198e-07 
(Sinc) Body's sin(1/2*Inclination) in DistOrb []: 8.970992e-08 
(LongA) Body's Longitude of ascending node in DistOrb [rad]: 3.003870 
(ArgP) Body's argument of pericenter in DistOrb [rad]: 3.416321 
(Pinc) Body's p = s*sin(Omega) in DistOrb []: 1.231603e-08 
(Qinc) Body's q = s* cos(Omega) in DistOrb []: -8.886048e-08 
(DIncDtDistOrb) Body's dInc/dt in DistOrb [/sec]: -2.244363e-22 
(DSincDtDistOrb) Body's dsin(.5*Inc)/dt in DistOrb [/sec]: -1.122181e-22 
(DLongADtDistOrb) Body's dOmega/dt in DistOrb [/sec]: -1.226758e-12 
(DLongPDtDistOrb) Body's dvarpi/dt in DistOrb [/sec]: 9.612226e-13 
(DHeccDtDistOrb) Body's dh/dt in DistOrb [/sec]: 1.051996e-15 
(DKeccDtDistOrb) Body's dk/dt in DistOrb [/sec]: -5.042819e-18 
(DPincDtDistOrb) Body's dp/dt in DistOrb [/sec]: 1.089949e-19 
(DQincDtDistOrb) Body's dq/dt in DistOrb [/sec]: 1.521995e-20 
-----DISTROT PARAMETERS (b)------
(CassiniOne) First Cassini parameter (misalignment of Cassini state vectors) []: 0.012692 
(CassiniTwo) Second Cassini parameter (alignment of Cassini state vectors []: -0.999919 
(DOblDtDistRot) Body's dobl/dt in DistRot [rad]: 2.793805e-21 
(DPrecADtDistRot) Body's dpA/dt in DistRot [rad]: 1.474139e-12 
(DXoblDtDistRot) Body's dXobl/dt in DistRot [/sec]: 2.603577e-21 
(DYoblDtDistRot) Body's dYobl/dt in DistRot [/sec]: 1.677481e-21 
(DZoblDtDistRot) Body's dZobl/dt in DistRot [/sec]: -2.533641e-30 
(OblTimeDistRot) Obliquity timescale in DistRot [rad]: 1.124485e+21 
(PrecATimeDistRot) Axial precession timescale in DistRot [rad]: 4.262274e+12 
(XoblTimeDistRot) Xobl timescale in DistRot [/sec]: 3.840869e+20 
(YoblTimeDistRot) Yobl timescale in DistRot [/sec]: 5.961319e+20 
(ZoblTimeDistRot) Zobl timescale in DistRot [/sec]: 3.946889e+29 
(DynEllip) dynamical ellipticity of planet []: 2.503847e-05 
Output Order: Time[year] SemiMajorAxis[AU] Eccentricity[] Inc[deg] ArgP[deg] LongA[deg] RotPer[days] Obliquity[deg] PrecA[deg] CassiniOne[deg] CassiniTwo[deg] SurfEnFluxEqtide[W/m^2] DynEllip[] DeltaTime[year]
Grid Output Order:

----- BODY: c ----
Active Modules: DISTORB 
Module Bit Sum: 17
Color: 000000
(Mass) Mass [kg]: 1.868876e+25 
(Obliquity) Obliquity [rad]: 2.186276 
(PrecA) Body's precession parameter in DistRot [rad]: 3.926991 
(Xobl) Body's sin(obl)*cos(pA) []: -1.000000 
(Yobl) Body's sin(obl)*sin(pA) []: -1.000000 
(Zobl) Body's cos(obl) []: -1.000000 
(Radius) Radius [m]: 9.567150e+06 
(RotAngMom) Rotational Angular Momentum [kg*m^2/sec]: 3.109939e+34 
(RotKinEnergy) Rotational Energy [kg*m^2/sec^2]: 1.130806e+30 
(RotVel) Rotational Velocity [m/sec]: 695.742781 
(BodyType) Type of Body (0 == planet) []: -1.000000 
(RotRate) Rotational Frequency [/sec]: 7.272205e-05 
(RotPer) Rotational Period [sec]: 8.640000e+04 
(SurfEnFluxTotal) Total Surface Energy Flux [kg*m^2/sec^2/(m^2*sec)]: 0.000000 
(HEcc) Poincare's h (=e*sin(varpi) []: 0.000826 
(KEcc) Poincare's k (=e*cos(varpi) []: 0.000540 
(Eccentricity) Orbital Eccentricity []: 0.000986 
(OrbEnergy) Orbital Energy [kg*m^2/sec^2]: -8.361617e+33 
(MeanMotion) Orbital Mean Motion [/sec]: 3.382417e-07 
(OrbPeriod) Orbital Period [sec]: 1.857602e+07 
(SemiMajorAxis) Semi-major Axis [m]: 5.182718e+10 
(OrbAngMom) Orbital Angular Momentum [kg*m^2/sec]: 2.572357e+39 
(OrbKinEnergy) Orbital Kinetic Energy [kg*m^2/sec^2]: 2.871348e+33 
(OrbPotEnergy) Orbital Potential Energy [kg*m^2/sec^2]: -5.742696e+33 
(OrbEnergy) Orbital Energy [kg*m^2/sec^2]: -8.361617e+33 
----- DISTORB PARAMETERS (c)------
(Inc) Body's Inclination in DistOrb [rad]: 2.582426e-08 
(Sinc) Body's sin(1/2*Inclination) in DistOrb []: 1.291213e-08 
(LongA) Body's Longitude of ascending node in DistOrb [rad]: 6.137367 
(ArgP) Body's argument of pericenter in DistOrb [rad]: 1.137750 
(Pinc) Body's p = s*sin(Omega) in DistOrb []: -1.876164e-09 
(Qinc) Body's q = s* cos(Omega) in DistOrb []: 1.277510e-08 
(DIncDtDistOrb) Body's dInc/dt in DistOrb [/sec]: 2.359787e-22 
(DSincDtDistOrb) Body's dsin(.5*Inc)/dt in DistOrb [/sec]: 1.179894e-22 
(DLongADtDistOrb) Body's dOmega/dt in DistOrb [/sec]: -1.291259e-12 
(DLongPDtDistOrb) Body's dvarpi/dt in DistOrb [/sec]: 1.420914e-13 
(DHeccDtDistOrb) Body's dh/dt in DistOrb [/sec]: 5.732031e-17 
(DKeccDtDistOrb) Body's dk/dt in DistOrb [/sec]: -1.299534e-16 
(DPincDtDistOrb) Body's dp/dt in DistOrb [/sec]: -1.651311e-20 
(DQincDtDistOrb) Body's dq/dt in DistOrb [/sec]: -2.305877e-21 
Output Order: Time[year] Eccentricity[] Inc[deg] ArgP[deg] LongA[deg]
Grid Output Order:

Runtime = 245.000000 s
