-------- Log file pandora.log -------

Executable: vplanet
System Name: pandora
Primary Input File: vpl.in
Body File #1: star.in
Body File #2: b.in
Body File #3: c.in
Allow files to be overwitten: Yes
Mass Units: Kilograms
Length Units: Meters
Time Units: Seconds
Angle Units: Radians

------- FORMATTING -----
Verbosity Level: 5
Crossover Decade for Scientific Notation: 4
Number of Digits After Decimal: 6
Integration Method: Runge-Kutta4
Direction: Forward
Time Step: 3.155760e+07
Stop Time: 3.155760e+14
Output Interval: 3.155760e+10
Use Variable Timestep: Yes
dEta: 0.010000
Minimum Value of ecc and obl: 1.000000e-10


---- INITIAL SYSTEM PROPERTIES ----
(Age) System Age [sec]: 0.000000 
(Time) Simulation Time [sec]: 0.000000 
(TotAngMom) Total Angular Momentum [kg*m^2/sec]: 3.192446e+39 
(TotEnergy) Total Energy [kg*m^2/sec^2]: -2.010656e+40 
(PotEnergy) Total Potential Energy [kg*m^2/sec^2]: -2.010657e+40 
(KinEnergy) Total Kinetic Energy [kg*m^2/sec^2]: 8.656294e+33 
(DeltaTime) Average Timestep Over Last Output Interval [sec]: 0.000000 
(LongP) Body's Longitude of pericenter in Lagrange [rad]: 0.000000 
(LXUVTot) Total XUV Luminosity [kg*m^2/sec^2/(m^2*sec)]: -1.000000 

----- BODY: star ----
Active Modules: EQTIDE 
Module Bit Sum: 3
Color: 000000
(Mass) Mass [kg]: 2.386099e+29 
(Obliquity) Obliquity [rad]: 0.000000 
(PrecA) Body's precession parameter in DistRot [rad]: 0.000000 
(Xobl) Body's sin(obl)*cos(pA) []: 0.000000 
(Yobl) Body's sin(obl)*sin(pA) []: 0.000000 
(Zobl) Body's cos(obl) []: 1.000000 
(Radius) Radius [m]: 1.133953e+08 
(RotAngMom) Rotational Angular Momentum [kg*m^2/sec]: 6.720576e+38 
(RotKinEnergy) Rotational Energy [kg*m^2/sec^2]: 2.944181e+32 
(RotVel) Rotational Velocity [m/sec]: 99.353467 
(BodyType) Type of Body (0 == planet) []: -1.000000 
(RotRate) Rotational Frequency [/sec]: 8.761693e-07 
(RotPer) Rotational Period [days]: 83.000000 
(SurfEnFluxTotal) Total Surface Energy Flux [kg*m^2/sec^2/(m^2*sec)]: 1.276051e-08 
(HEcc) Poincare's h (=e*sin(varpi) []: 0.000000 
(KEcc) Poincare's k (=e*cos(varpi) []: 0.000000 
(Eccentricity) Orbital Eccentricity []: -1.000000 
(OrbEnergy) Orbital Energy [kg*m^2/sec^2]: -8.361643e+33 
(MeanMotion) Orbital Mean Motion [/sec]: -1.000000 
(OrbPeriod) Orbital Period [sec]: -1.000000 
(SemiMajorAxis) Semi-major Axis [m]: -1.000000 
(OrbAngMom) Orbital Angular Momentum [kg*m^2/sec]: 2.520382e+39 
(OrbKinEnergy) Orbital Kinetic Energy [kg*m^2/sec^2]: -1.000000 
(OrbPotEnergy) Orbital Potential Energy [kg*m^2/sec^2]: -1.000000 
(OrbEnergy) Orbital Energy [kg*m^2/sec^2]: -8.361643e+33 
----- EQTIDE PARAMETERS (star)------
(BodyDsemiDtEqtide) Body's Contribution to dSemi/dt in EQTIDE [m/sec]: -1.000000 
(BodyDeccDt) Body's Contribution to dEcc/dt in EQTIDE []: -1.000000 
(DOblDtEqtide) Time Rate of Change of Obliquity in EQTIDE [rad/sec]: 0.000000 
(DRotPerDtEqtide) Time Rate of Change of Rotation Period in EQTIDE []: -3.154239e-18 
(DRotRateDtEqtide) Time Rate of Change of Rotational Frequency in EQTIDE [/sec^2]: 3.853814e-31 
(EqRotRateDiscrete) CPL2 Discrete Equilibrium Spin Rate [/sec]: 6.501160e-06 
(EqRotPerDiscrete) CPL2 Discrete Equilibrium Spin Period [sec]: 9.664714e+05 
(EqRotRateCont) CPL2 Continuous Equilibrium Spin Rate [/sec]: 8.971601e-06 
(EqRotPerCont) CPL2 Continuous Equilibrium Rotation Period [sec]: 7.003416e+05 
(EqRotPer) Equilibrium Rotation Period [sec]: 9.664714e+05 
(EqRotRate) Equilibrium Rotation Rate [/sec]: 6.501160e-06 
(GammaRot) Gamma_Rotation [cgs]: -1.000000 
(GammaOrb) Gamma_Orbital [cgs]: -1.000000 
(ImK2) Im(k_2) []: 2.990000e-07 
(TidalQ) Tidal Q []: 1.000000e+06 
(TideLock) Tidally Locked? []: 0.000000 
(RotTimeEqtide) Timescale for Rotational Evolution in EQTIDE [sec]: 2.273512e+24 
(OblTimeEqtide) Timescale for Obliquity Evolution in EQTIDE []: -1.000000 
(PowerEqtide) Internal Power due to Tides in EQTIDE [kg*m^2/sec^3]: 2.061901e+09 
(SurfEnFluxEqtide) Surface Energy Flux due to Tides in EQTIDE [kg*m^2/sec^2/(m^2*sec)]: 1.276051e-08 
Tidal Perturbers: b
Output Order: Time[year] RotPer[days]
Grid Output Order:

----- BODY: b ----
Active Modules: DISTORB DISTROT EQTIDE 
Module Bit Sum: 51
Color: 000000
(Mass) Mass [kg]: 7.584676e+24 
(Obliquity) Obliquity [rad]: 0.785398 
(PrecA) Body's precession parameter in DistRot [rad]: 5.073181 
(Xobl) Body's sin(obl)*cos(pA) []: 0.249619 
(Yobl) Body's sin(obl)*sin(pA) []: -0.661582 
(Zobl) Body's cos(obl) []: 0.707107 
(Radius) Radius [m]: 6.806530e+06 
(RotAngMom) Rotational Angular Momentum [kg*m^2/sec]: 6.388438e+33 
(RotKinEnergy) Rotational Energy [kg*m^2/sec^2]: 2.322902e+29 
(RotVel) Rotational Velocity [m/sec]: 494.984810 
(BodyType) Type of Body (0 == planet) []: -1.000000 
(RotRate) Rotational Frequency [/sec]: 7.272205e-05 
(RotPer) Rotational Period [days]: 1.000000 
(SurfEnFluxTotal) Total Surface Energy Flux [kg*m^2/sec^2/(m^2*sec)]: 256.039533 
(HEcc) Poincare's h (=e*sin(varpi) []: -0.072076 
(KEcc) Poincare's k (=e*cos(varpi) []: 0.186561 
(Eccentricity) Orbital Eccentricity []: 0.200000 
(OrbEnergy) Orbital Energy [kg*m^2/sec^2]: -8.361643e+33 
(MeanMotion) Orbital Mean Motion [/sec]: 6.501160e-06 
(OrbPeriod) Orbital Period [sec]: 9.664714e+05 
(SemiMajorAxis) Semi-major Axis [m]: 7.222846e+09 
(OrbAngMom) Orbital Angular Momentum [kg*m^2/sec]: 2.520382e+39 
(OrbKinEnergy) Orbital Kinetic Energy [kg*m^2/sec^2]: 8.361643e+33 
(OrbPotEnergy) Orbital Potential Energy [kg*m^2/sec^2]: -1.672329e+34 
(OrbEnergy) Orbital Energy [kg*m^2/sec^2]: -8.361643e+33 
----- EQTIDE PARAMETERS (b)------
(DsemiDtEqtide) Total da/dt in EQTIDE [m/sec]: 1.491960e-08 
(DeccDtEqtide) Total de/dt in EQTIDE [/sec]: 6.497786e-19 
(DMeanMotionDtEqtide) Total dMeanMotion/dt in EQTIDE [/sec^2]: -2.014331e-23 
(DOrbPerDtEqtide) Total dOrbPer/dt in EQTIDE []: 2.994532e-12 
(EccTimeEqtide) Timescale for Eccentricity Evolution (e/[de/dt]) in EQTIDE [sec]: 3.077972e+17 
(SemiTimeEqtide) Timescale for Semi-major Axis Evolution (a/[da/dt]) in EQTIDE [sec]: 4.841181e+17 
(DHEccDtEqtide) Time Rate of Change of Poincare's h in EQTIDE [/sec]: -2.341678e-19 
(DKEccDtEqtide) Time Rate of Change of Poincare's k in EQTIDE [/sec]: 6.061168e-19 
(DXoblDtEqtide) Time Rate of Change of Laskar's X in EQTIDE [/sec]: 2.430581e-14 
(DYoblDtEqtide) Time Rate of Change of Laskar's Y in EQTIDE [/sec]: -6.441919e-14 
(DZoblDtEqtide) Time Rate of Change of Laskar's Z in EQTIDE [/sec]: -6.885205e-14 
(BodyDsemiDtEqtide) Body's Contribution to dSemi/dt in EQTIDE [m/sec]: -1.000000 
(BodyDeccDt) Body's Contribution to dEcc/dt in EQTIDE []: -1.000000 
(DOblDtEqtide) Time Rate of Change of Obliquity in EQTIDE [rad/sec]: 9.737150e-14 
(DRotPerDtEqtide) Time Rate of Change of Rotation Period in EQTIDE []: 3.093393e-08 
(DRotRateDtEqtide) Time Rate of Change of Rotational Frequency in EQTIDE [/sec^2]: -2.603679e-17 
(EqRotRateDiscrete) CPL2 Discrete Equilibrium Spin Rate [/sec]: 6.501160e-06 
(EqRotPerDiscrete) CPL2 Discrete Equilibrium Spin Period [sec]: 9.664714e+05 
(EqRotRateCont) CPL2 Continuous Equilibrium Spin Rate [/sec]: 8.971601e-06 
(EqRotPerCont) CPL2 Continuous Equilibrium Rotation Period [sec]: 7.003416e+05 
(EqRotPer) Equilibrium Rotation Period [sec]: 9.664714e+05 
(EqRotRate) Equilibrium Rotation Rate [/sec]: 6.501160e-06 
(GammaRot) Gamma_Rotation [cgs]: -1.000000 
(GammaOrb) Gamma_Orbital [cgs]: -1.000000 
(ImK2) Im(k_2) []: 0.003000 
(TidalQ) Tidal Q []: 100.000000 
(TideLock) Tidally Locked? []: 0.000000 
(RotTimeEqtide) Timescale for Rotational Evolution in EQTIDE [sec]: 2.793050e+12 
(OblTimeEqtide) Timescale for Obliquity Evolution in EQTIDE []: -1.000000 
(PowerEqtide) Internal Power due to Tides in EQTIDE [kg*m^2/sec^3]: 1.490625e+17 
(SurfEnFluxEqtide) Surface Energy Flux due to Tides in EQTIDE [W/m^2]: 256.039533 
Tidal Perturbers: star
----- DISTORB PARAMETERS (b)------
(Inc) Body's Inclination in DistOrb [rad]: 0.608965 
(Sinc) Body's sin(1/2*Inclination) in DistOrb []: 0.299799 
(LongA) Body's Longitude of ascending node in DistOrb [rad]: 1.570911 
(ArgP) Body's argument of pericenter in DistOrb [rad]: 4.343598 
(Pinc) Body's p = s*sin(Omega) in DistOrb []: 0.299799 
(Qinc) Body's q = s* cos(Omega) in DistOrb []: -3.427916e-05 
(DIncDtDistOrb) Body's dInc/dt in DistOrb [/sec]: -5.874384e-14 
(DSincDtDistOrb) Body's dsin(.5*Inc)/dt in DistOrb [/sec]: -2.802088e-14 
(DLongADtDistOrb) Body's dOmega/dt in DistOrb [/sec]: -1.221543e-12 
(DLongPDtDistOrb) Body's dvarpi/dt in DistOrb [/sec]: -6.473452e-13 
(DHeccDtDistOrb) Body's dh/dt in DistOrb [/sec]: -1.918189e-13 
(DKeccDtDistOrb) Body's dk/dt in DistOrb [/sec]: 1.372454e-13 
(DPincDtDistOrb) Body's dp/dt in DistOrb [/sec]: -2.797901e-14 
(DQincDtDistOrb) Body's dq/dt in DistOrb [/sec]: 3.662211e-13 
-----DISTROT PARAMETERS (b)------
(CassiniOne) First Cassini parameter (misalignment of Cassini state vectors) []: 0.353107 
(CassiniTwo) Second Cassini parameter (alignment of Cassini state vectors []: 0.935583 
(DOblDtDistRot) Body's dobl/dt in DistRot [rad]: 1.917830e-13 
(DPrecADtDistRot) Body's dpA/dt in DistRot [rad]: 2.054110e-09 
(DXoblDtDistRot) Body's dXobl/dt in DistRot [/sec]: 1.359009e-09 
(DYoblDtDistRot) Body's dYobl/dt in DistRot [/sec]: 5.126187e-10 
(DZoblDtDistRot) Body's dZobl/dt in DistRot [/sec]: -1.356111e-13 
(OblTimeDistRot) Obliquity timescale in DistRot [rad]: 1.638098e+13 
(PrecATimeDistRot) Axial precession timescale in DistRot [rad]: 3.058835e+09 
(XoblTimeDistRot) Xobl timescale in DistRot [/sec]: 7.358301e+08 
(YoblTimeDistRot) Yobl timescale in DistRot [/sec]: 1.950768e+09 
(ZoblTimeDistRot) Zobl timescale in DistRot [/sec]: 7.374030e+12 
(DynEllip) dynamical ellipticity of planet []: 0.003133 
Output Order: Time[year] SemiMajorAxis[AU] Eccentricity[] Inc[deg] ArgP[deg] LongA[deg] RotPer[days] Obliquity[deg] PrecA[deg] CassiniOne[deg] CassiniTwo[deg] SurfEnFluxEqtide[W/m^2] DynEllip[] DeltaTime[year]
Grid Output Order:

----- BODY: c ----
Active Modules: DISTORB 
Module Bit Sum: 17
Color: 000000
(Mass) Mass [kg]: 1.868876e+25 
(Obliquity) Obliquity [rad]: 2.186276 
(PrecA) Body's precession parameter in DistRot [rad]: 3.926991 
(Xobl) Body's sin(obl)*cos(pA) []: -1.000000 
(Yobl) Body's sin(obl)*sin(pA) []: -1.000000 
(Zobl) Body's cos(obl) []: -1.000000 
(Radius) Radius [m]: 9.567150e+06 
(RotAngMom) Rotational Angular Momentum [kg*m^2/sec]: 3.109939e+34 
(RotKinEnergy) Rotational Energy [kg*m^2/sec^2]: 1.130806e+30 
(RotVel) Rotational Velocity [m/sec]: 695.742781 
(BodyType) Type of Body (0 == planet) []: -1.000000 
(RotRate) Rotational Frequency [/sec]: 7.272205e-05 
(RotPer) Rotational Period [sec]: 8.640000e+04 
(SurfEnFluxTotal) Total Surface Energy Flux [kg*m^2/sec^2/(m^2*sec)]: 0.000000 
(HEcc) Poincare's h (=e*sin(varpi) []: 0.274155 
(KEcc) Poincare's k (=e*cos(varpi) []: 0.121815 
(Eccentricity) Orbital Eccentricity []: 0.300000 
(OrbEnergy) Orbital Energy [kg*m^2/sec^2]: -8.361643e+33 
(MeanMotion) Orbital Mean Motion [/sec]: 3.382417e-07 
(OrbPeriod) Orbital Period [sec]: 1.857602e+07 
(SemiMajorAxis) Semi-major Axis [m]: 5.182718e+10 
(OrbAngMom) Orbital Angular Momentum [kg*m^2/sec]: 2.520382e+39 
(OrbKinEnergy) Orbital Kinetic Energy [kg*m^2/sec^2]: 2.871348e+33 
(OrbPotEnergy) Orbital Potential Energy [kg*m^2/sec^2]: -5.742696e+33 
(OrbEnergy) Orbital Energy [kg*m^2/sec^2]: -8.361643e+33 
----- DISTORB PARAMETERS (c)------
(Inc) Body's Inclination in DistOrb [rad]: 0.089150 
(Sinc) Body's sin(1/2*Inclination) in DistOrb []: 0.044560 
(LongA) Body's Longitude of ascending node in DistOrb [rad]: 4.712391 
(ArgP) Body's argument of pericenter in DistOrb [rad]: 2.723461 
(Pinc) Body's p = s*sin(Omega) in DistOrb []: -0.044560 
(Qinc) Body's q = s* cos(Omega) in DistOrb []: 1.023900e-07 
(DIncDtDistOrb) Body's dInc/dt in DistOrb [/sec]: -1.120224e-14 
(DSincDtDistOrb) Body's dsin(.5*Inc)/dt in DistOrb [/sec]: -5.595556e-15 
(DLongADtDistOrb) Body's dOmega/dt in DistOrb [/sec]: -1.221053e-12 
(DLongPDtDistOrb) Body's dvarpi/dt in DistOrb [/sec]: 8.680563e-14 
(DHeccDtDistOrb) Body's dh/dt in DistOrb [/sec]: 1.331215e-14 
(DKeccDtDistOrb) Body's dk/dt in DistOrb [/sec]: -2.258167e-14 
(DPincDtDistOrb) Body's dp/dt in DistOrb [/sec]: 5.595430e-15 
(DQincDtDistOrb) Body's dq/dt in DistOrb [/sec]: -5.441018e-14 
Output Order: Time[year] Eccentricity[] Inc[deg] ArgP[deg] LongA[deg]
Grid Output Order:



---- FINAL SYSTEM PROPERTIES ----
(Age) System Age [sec]: 3.155760e+14 
(Time) Simulation Time [sec]: 3.155760e+14 
(TotAngMom) Total Angular Momentum [kg*m^2/sec]: 3.229610e+39 
(TotEnergy) Total Energy [kg*m^2/sec^2]: -2.010656e+40 
(PotEnergy) Total Potential Energy [kg*m^2/sec^2]: -2.010657e+40 
(KinEnergy) Total Kinetic Energy [kg*m^2/sec^2]: 8.656737e+33 
(DeltaTime) Average Timestep Over Last Output Interval [sec]: inf 
(LongP) Body's Longitude of pericenter in Lagrange [rad]: 0.000000 
(LXUVTot) Total XUV Luminosity [kg*m^2/sec^2/(m^2*sec)]: -1.000000 

----- BODY: star ----
Active Modules: EQTIDE 
Module Bit Sum: 3
Color: 000000
(Mass) Mass [kg]: 2.386099e+29 
(Obliquity) Obliquity [rad]: 0.000000 
(PrecA) Body's precession parameter in DistRot [rad]: 0.000000 
(Xobl) Body's sin(obl)*cos(pA) []: 0.000000 
(Yobl) Body's sin(obl)*sin(pA) []: 0.000000 
(Zobl) Body's cos(obl) []: 1.000000 
(Radius) Radius [m]: 1.133953e+08 
(RotAngMom) Rotational Angular Momentum [kg*m^2/sec]: 6.720576e+38 
(RotKinEnergy) Rotational Energy [kg*m^2/sec^2]: 2.944181e+32 
(RotVel) Rotational Velocity [m/sec]: 99.353467 
(BodyType) Type of Body (0 == planet) []: -1.000000 
(RotRate) Rotational Frequency [/sec]: 8.761693e-07 
(RotPer) Rotational Period [days]: 83.000000 
(SurfEnFluxTotal) Total Surface Energy Flux [kg*m^2/sec^2/(m^2*sec)]: 9.301803e-09 
(HEcc) Poincare's h (=e*sin(varpi) []: 0.000000 
(KEcc) Poincare's k (=e*cos(varpi) []: 0.000000 
(Eccentricity) Orbital Eccentricity []: -1.000000 
(OrbEnergy) Orbital Energy [kg*m^2/sec^2]: -8.362317e+33 
(MeanMotion) Orbital Mean Motion [/sec]: -1.000000 
(OrbPeriod) Orbital Period [sec]: -1.000000 
(SemiMajorAxis) Semi-major Axis [m]: -1.000000 
(OrbAngMom) Orbital Angular Momentum [kg*m^2/sec]: 2.557551e+39 
(OrbKinEnergy) Orbital Kinetic Energy [kg*m^2/sec^2]: -1.000000 
(OrbPotEnergy) Orbital Potential Energy [kg*m^2/sec^2]: -1.000000 
(OrbEnergy) Orbital Energy [kg*m^2/sec^2]: -8.362317e+33 
----- EQTIDE PARAMETERS (star)------
(BodyDsemiDtEqtide) Body's Contribution to dSemi/dt in EQTIDE [m/sec]: -1.000000 
(BodyDeccDt) Body's Contribution to dEcc/dt in EQTIDE []: -1.000000 
(DOblDtEqtide) Time Rate of Change of Obliquity in EQTIDE [rad/sec]: 0.000000 
(DRotPerDtEqtide) Time Rate of Change of Rotation Period in EQTIDE []: -2.634999e-18 
(DRotRateDtEqtide) Time Rate of Change of Rotational Frequency in EQTIDE [/sec^2]: 3.219412e-31 
(EqRotRateDiscrete) CPL2 Discrete Equilibrium Spin Rate [/sec]: 6.501946e-06 
(EqRotPerDiscrete) CPL2 Discrete Equilibrium Spin Period [sec]: 9.663546e+05 
(EqRotRateCont) CPL2 Continuous Equilibrium Spin Rate [/sec]: 7.205886e-06 
(EqRotPerCont) CPL2 Continuous Equilibrium Rotation Period [sec]: 8.719518e+05 
(EqRotPer) Equilibrium Rotation Period [sec]: 9.663546e+05 
(EqRotRate) Equilibrium Rotation Rate [/sec]: 6.501946e-06 
(GammaRot) Gamma_Rotation [cgs]: -1.000000 
(GammaOrb) Gamma_Orbital [cgs]: -1.000000 
(ImK2) Im(k_2) []: 2.990000e-07 
(TidalQ) Tidal Q []: 1.000000e+06 
(TideLock) Tidally Locked? []: 0.000000 
(RotTimeEqtide) Timescale for Rotational Evolution in EQTIDE [sec]: 2.721520e+24 
(OblTimeEqtide) Timescale for Obliquity Evolution in EQTIDE []: -1.000000 
(PowerEqtide) Internal Power due to Tides in EQTIDE [kg*m^2/sec^3]: 1.503028e+09 
(SurfEnFluxEqtide) Surface Energy Flux due to Tides in EQTIDE [kg*m^2/sec^2/(m^2*sec)]: 9.301803e-09 
Tidal Perturbers: b
Output Order: Time[year] RotPer[days]
Grid Output Order:

----- BODY: b ----
Active Modules: DISTORB DISTROT EQTIDE 
Module Bit Sum: 51
Color: 000000
(Mass) Mass [kg]: 7.584676e+24 
(Obliquity) Obliquity [rad]: 0.002489 
(PrecA) Body's precession parameter in DistRot [rad]: 1.385646 
(Xobl) Body's sin(obl)*cos(pA) []: 0.000458 
(Yobl) Body's sin(obl)*sin(pA) []: 0.002446 
(Zobl) Body's cos(obl) []: 0.999997 
(Radius) Radius [m]: 6.806530e+06 
(RotAngMom) Rotational Angular Momentum [kg*m^2/sec]: 5.711786e+32 
(RotKinEnergy) Rotational Energy [kg*m^2/sec^2]: 1.856886e+27 
(RotVel) Rotational Velocity [m/sec]: 44.255690 
(BodyType) Type of Body (0 == planet) []: -1.000000 
(RotRate) Rotational Frequency [/sec]: 6.501946e-06 
(RotPer) Rotational Period [days]: 11.184659 
(SurfEnFluxTotal) Total Surface Energy Flux [kg*m^2/sec^2/(m^2*sec)]: 1.568430 
(HEcc) Poincare's h (=e*sin(varpi) []: -0.106396 
(KEcc) Poincare's k (=e*cos(varpi) []: -0.008733 
(Eccentricity) Orbital Eccentricity []: 0.106754 
(OrbEnergy) Orbital Energy [kg*m^2/sec^2]: -8.362317e+33 
(MeanMotion) Orbital Mean Motion [/sec]: 6.501946e-06 
(OrbPeriod) Orbital Period [sec]: 9.663546e+05 
(SemiMajorAxis) Semi-major Axis [m]: 7.222263e+09 
(OrbAngMom) Orbital Angular Momentum [kg*m^2/sec]: 2.557551e+39 
(OrbKinEnergy) Orbital Kinetic Energy [kg*m^2/sec^2]: 8.362317e+33 
(OrbPotEnergy) Orbital Potential Energy [kg*m^2/sec^2]: -1.672463e+34 
(OrbEnergy) Orbital Energy [kg*m^2/sec^2]: -8.362317e+33 
----- EQTIDE PARAMETERS (b)------
(DsemiDtEqtide) Total da/dt in EQTIDE [m/sec]: -2.140463e-09 
(DeccDtEqtide) Total de/dt in EQTIDE [/sec]: -5.113895e-19 
(DMeanMotionDtEqtide) Total dMeanMotion/dt in EQTIDE [/sec^2]: 2.890473e-24 
(DOrbPerDtEqtide) Total dOrbPer/dt in EQTIDE []: -4.295978e-13 
(EccTimeEqtide) Timescale for Eccentricity Evolution (e/[de/dt]) in EQTIDE [sec]: 2.087529e+17 
(SemiTimeEqtide) Timescale for Semi-major Axis Evolution (a/[da/dt]) in EQTIDE [sec]: 3.374160e+18 
(DHEccDtEqtide) Time Rate of Change of Poincare's h in EQTIDE [/sec]: 5.096756e-19 
(DKEccDtEqtide) Time Rate of Change of Poincare's k in EQTIDE [/sec]: 4.183356e-20 
(DXoblDtEqtide) Time Rate of Change of Laskar's X in EQTIDE [/sec]: -1.411921e-15 
(DYoblDtEqtide) Time Rate of Change of Laskar's Y in EQTIDE [/sec]: -7.538461e-15 
(DZoblDtEqtide) Time Rate of Change of Laskar's Z in EQTIDE [/sec]: 1.908670e-17 
(BodyDsemiDtEqtide) Body's Contribution to dSemi/dt in EQTIDE [m/sec]: -1.000000 
(BodyDeccDt) Body's Contribution to dEcc/dt in EQTIDE []: -1.000000 
(DOblDtEqtide) Time Rate of Change of Obliquity in EQTIDE [rad/sec]: -7.669568e-15 
(DRotPerDtEqtide) Time Rate of Change of Rotation Period in EQTIDE []: -4.367709e-28 
(DRotRateDtEqtide) Time Rate of Change of Rotational Frequency in EQTIDE [/sec^2]: 2.938736e-39 
(EqRotRateDiscrete) CPL2 Discrete Equilibrium Spin Rate [/sec]: 6.501946e-06 
(EqRotPerDiscrete) CPL2 Discrete Equilibrium Spin Period [sec]: 9.663546e+05 
(EqRotRateCont) CPL2 Continuous Equilibrium Spin Rate [/sec]: 7.205886e-06 
(EqRotPerCont) CPL2 Continuous Equilibrium Rotation Period [sec]: 8.719518e+05 
(EqRotPer) Equilibrium Rotation Period [sec]: 9.663546e+05 
(EqRotRate) Equilibrium Rotation Rate [/sec]: 6.501946e-06 
(GammaRot) Gamma_Rotation [cgs]: -1.000000 
(GammaOrb) Gamma_Orbital [cgs]: -1.000000 
(ImK2) Im(k_2) []: 0.003000 
(TidalQ) Tidal Q []: 100.000000 
(TideLock) Tidally Locked? []: 1.000000 
(RotTimeEqtide) Timescale for Rotational Evolution in EQTIDE [sec]: 2.212498e+33 
(OblTimeEqtide) Timescale for Obliquity Evolution in EQTIDE []: -1.000000 
(PowerEqtide) Internal Power due to Tides in EQTIDE [kg*m^2/sec^3]: 9.131170e+14 
(SurfEnFluxEqtide) Surface Energy Flux due to Tides in EQTIDE [W/m^2]: 1.568430 
Tidal Perturbers: star
----- DISTORB PARAMETERS (b)------
(Inc) Body's Inclination in DistOrb [rad]: 0.614365 
(Sinc) Body's sin(1/2*Inclination) in DistOrb []: 0.302374 
(LongA) Body's Longitude of ascending node in DistOrb [rad]: 1.794435 
(ArgP) Body's argument of pericenter in DistOrb [rad]: 2.836059 
(Pinc) Body's p = s*sin(Omega) in DistOrb []: 0.294844 
(Qinc) Body's q = s* cos(Omega) in DistOrb []: -0.067060 
(DIncDtDistOrb) Body's dInc/dt in DistOrb [/sec]: 2.012193e-14 
(DSincDtDistOrb) Body's dsin(.5*Inc)/dt in DistOrb [/sec]: 9.590003e-15 
(DLongADtDistOrb) Body's dOmega/dt in DistOrb [/sec]: -1.071687e-12 
(DLongPDtDistOrb) Body's dvarpi/dt in DistOrb [/sec]: 1.081134e-12 
(DHeccDtDistOrb) Body's dh/dt in DistOrb [/sec]: 1.184595e-13 
(DKeccDtDistOrb) Body's dk/dt in DistOrb [/sec]: 1.255265e-13 
(DPincDtDistOrb) Body's dp/dt in DistOrb [/sec]: 8.121880e-14 
(DQincDtDistOrb) Body's dq/dt in DistOrb [/sec]: 3.138537e-13 
-----DISTROT PARAMETERS (b)------
(CassiniOne) First Cassini parameter (misalignment of Cassini state vectors) []: 0.037574 
(CassiniTwo) Second Cassini parameter (alignment of Cassini state vectors []: -0.999294 
(DOblDtDistRot) Body's dobl/dt in DistRot [rad]: -4.387765e-14 
(DPrecADtDistRot) Body's dpA/dt in DistRot [rad]: 9.447182e-13 
(DXoblDtDistRot) Body's dXobl/dt in DistRot [/sec]: -1.038848e-14 
(DYoblDtDistRot) Body's dYobl/dt in DistRot [/sec]: -4.269477e-14 
(DZoblDtDistRot) Body's dZobl/dt in DistRot [/sec]: 1.091952e-16 
(OblTimeDistRot) Obliquity timescale in DistRot [rad]: 7.159892e+13 
(PrecATimeDistRot) Axial precession timescale in DistRot [rad]: 6.650856e+12 
(XoblTimeDistRot) Xobl timescale in DistRot [/sec]: 9.626047e+13 
(YoblTimeDistRot) Yobl timescale in DistRot [/sec]: 2.342207e+13 
(ZoblTimeDistRot) Zobl timescale in DistRot [/sec]: 9.157914e+15 
(DynEllip) dynamical ellipticity of planet []: 2.504476e-05 
Output Order: Time[year] SemiMajorAxis[AU] Eccentricity[] Inc[deg] ArgP[deg] LongA[deg] RotPer[days] Obliquity[deg] PrecA[deg] CassiniOne[deg] CassiniTwo[deg] SurfEnFluxEqtide[W/m^2] DynEllip[] DeltaTime[year]
Grid Output Order:

----- BODY: c ----
Active Modules: DISTORB 
Module Bit Sum: 17
Color: 000000
(Mass) Mass [kg]: 1.868876e+25 
(Obliquity) Obliquity [rad]: 2.186276 
(PrecA) Body's precession parameter in DistRot [rad]: 3.926991 
(Xobl) Body's sin(obl)*cos(pA) []: -1.000000 
(Yobl) Body's sin(obl)*sin(pA) []: -1.000000 
(Zobl) Body's cos(obl) []: -1.000000 
(Radius) Radius [m]: 9.567150e+06 
(RotAngMom) Rotational Angular Momentum [kg*m^2/sec]: 3.109939e+34 
(RotKinEnergy) Rotational Energy [kg*m^2/sec^2]: 1.130806e+30 
(RotVel) Rotational Velocity [m/sec]: 695.742781 
(BodyType) Type of Body (0 == planet) []: -1.000000 
(RotRate) Rotational Frequency [/sec]: 7.272205e-05 
(RotPer) Rotational Period [sec]: 8.640000e+04 
(SurfEnFluxTotal) Total Surface Energy Flux [kg*m^2/sec^2/(m^2*sec)]: 0.000000 
(HEcc) Poincare's h (=e*sin(varpi) []: 0.006411 
(KEcc) Poincare's k (=e*cos(varpi) []: 0.303711 
(Eccentricity) Orbital Eccentricity []: 0.303778 
(OrbEnergy) Orbital Energy [kg*m^2/sec^2]: -8.362317e+33 
(MeanMotion) Orbital Mean Motion [/sec]: 3.382417e-07 
(OrbPeriod) Orbital Period [sec]: 1.857602e+07 
(SemiMajorAxis) Semi-major Axis [m]: 5.182718e+10 
(OrbAngMom) Orbital Angular Momentum [kg*m^2/sec]: 2.557551e+39 
(OrbKinEnergy) Orbital Kinetic Energy [kg*m^2/sec^2]: 2.871348e+33 
(OrbPotEnergy) Orbital Potential Energy [kg*m^2/sec^2]: -5.742696e+33 
(OrbEnergy) Orbital Energy [kg*m^2/sec^2]: -8.362317e+33 
----- DISTORB PARAMETERS (c)------
(Inc) Body's Inclination in DistOrb [rad]: 0.090763 
(Sinc) Body's sin(1/2*Inclination) in DistOrb []: 0.045366 
(LongA) Body's Longitude of ascending node in DistOrb [rad]: 4.929555 
(ArgP) Body's argument of pericenter in DistOrb [rad]: 1.374735 
(Pinc) Body's p = s*sin(Omega) in DistOrb []: -0.044300 
(Qinc) Body's q = s* cos(Omega) in DistOrb []: 0.009775 
(DIncDtDistOrb) Body's dInc/dt in DistOrb [/sec]: 3.991927e-15 
(DSincDtDistOrb) Body's dsin(.5*Inc)/dt in DistOrb [/sec]: 1.993909e-15 
(DLongADtDistOrb) Body's dOmega/dt in DistOrb [/sec]: -1.070654e-12 
(DLongPDtDistOrb) Body's dvarpi/dt in DistOrb [/sec]: 6.294553e-14 
(DHeccDtDistOrb) Body's dh/dt in DistOrb [/sec]: 1.909157e-14 
(DKeccDtDistOrb) Body's dk/dt in DistOrb [/sec]: -1.619492e-15 
(DPincDtDistOrb) Body's dp/dt in DistOrb [/sec]: -1.241242e-14 
(DQincDtDistOrb) Body's dq/dt in DistOrb [/sec]: -4.700084e-14 
Output Order: Time[year] Eccentricity[] Inc[deg] ArgP[deg] LongA[deg]
Grid Output Order:

Runtime = 326.000000 s
