-------- Log file pandora.log -------

Executable: vplanet
System Name: pandora
Primary Input File: vpl.in
Body File #1: star.in
Body File #2: b.in
Body File #3: c.in
Allow files to be overwitten: Yes
Mass Units: Kilograms
Length Units: Meters
Time Units: Seconds
Angle Units: Radians

------- FORMATTING -----
Verbosity Level: 5
Crossover Decade for Scientific Notation: 4
Number of Digits After Decimal: 6
Integration Method: Runge-Kutta4
Direction: Forward
Time Step: 3.155760e+07
Stop Time: 2.209032e+17
Output Interval: 3.155760e+13
Use Variable Timestep: Yes
dEta: 0.010000
Minimum Value of ecc and obl: 1.000000e-10


---- INITIAL SYSTEM PROPERTIES ----
(Age) System Age [sec]: 0.000000 
(Time) Simulation Time [sec]: 0.000000 
(TotAngMom) Total Angular Momentum [kg*m^2/sec]: 3.236903e+39 
(TotEnergy) Total Energy [kg*m^2/sec^2]: -2.010656e+40 
(PotEnergy) Total Potential Energy [kg*m^2/sec^2]: -2.010657e+40 
(KinEnergy) Total Kinetic Energy [kg*m^2/sec^2]: 8.368937e+33 
(DeltaTime) Average Timestep Over Last Output Interval [sec]: 0.000000 
(LongP) Body's Longitude of pericenter in Lagrange [rad]: 0.000000 
(LXUVTot) Total XUV Luminosity [kg*m^2/sec^2/(m^2*sec)]: -1.000000 

----- BODY: star ----
Active Modules: EQTIDE 
Module Bit Sum: 3
Color: 000000
(Mass) Mass [kg]: 2.386099e+29 
(Obliquity) Obliquity [rad]: 0.000000 
(PrecA) Body's precession parameter in DistRot [rad]: 0.000000 
(Xobl) Body's sin(obl)*cos(pA) []: 0.000000 
(Yobl) Body's sin(obl)*sin(pA) []: 0.000000 
(Zobl) Body's cos(obl) []: 1.000000 
(Radius) Radius [m]: 1.133953e+08 
(RotAngMom) Rotational Angular Momentum [kg*m^2/sec]: 6.720576e+38 
(RotKinEnergy) Rotational Energy [kg*m^2/sec^2]: 2.944181e+32 
(RotVel) Rotational Velocity [m/sec]: 99.353467 
(BodyType) Type of Body (0 == planet) []: -1.000000 
(RotRate) Rotational Frequency [/sec]: 8.761693e-07 
(RotPer) Rotational Period [days]: 83.000000 
(SurfEnFluxTotal) Total Surface Energy Flux [kg*m^2/sec^2/(m^2*sec)]: 9.750215e-09 
(HEcc) Poincare's h (=e*sin(varpi) []: 0.000000 
(KEcc) Poincare's k (=e*cos(varpi) []: 0.000000 
(Eccentricity) Orbital Eccentricity []: -1.000000 
(OrbEnergy) Orbital Energy [kg*m^2/sec^2]: -8.074287e+33 
(MeanMotion) Orbital Mean Motion [/sec]: -1.000000 
(OrbPeriod) Orbital Period [sec]: -1.000000 
(SemiMajorAxis) Semi-major Axis [m]: -1.000000 
(OrbAngMom) Orbital Angular Momentum [kg*m^2/sec]: 2.564839e+39 
(OrbKinEnergy) Orbital Kinetic Energy [kg*m^2/sec^2]: -1.000000 
(OrbPotEnergy) Orbital Potential Energy [kg*m^2/sec^2]: -1.000000 
(OrbEnergy) Orbital Energy [kg*m^2/sec^2]: -8.074287e+33 
----- EQTIDE PARAMETERS (star)------
(BodyDsemiDtEqtide) Body's Contribution to dSemi/dt in EQTIDE [m/sec]: -1.000000 
(BodyDeccDt) Body's Contribution to dEcc/dt in EQTIDE []: -1.000000 
(DOblDtEqtide) Time Rate of Change of Obliquity in EQTIDE [rad/sec]: 0.000000 
(DRotPerDtEqtide) Time Rate of Change of Rotation Period in EQTIDE []: -2.557230e-18 
(DRotRateDtEqtide) Time Rate of Change of Rotational Frequency in EQTIDE [/sec^2]: 3.124396e-31 
(EqRotRateDiscrete) CPL2 Discrete Equilibrium Spin Rate [/sec]: 6.168928e-06 
(EqRotPerDiscrete) CPL2 Discrete Equilibrium Spin Period [sec]: 1.018521e+06 
(EqRotRateCont) CPL2 Continuous Equilibrium Spin Rate [/sec]: 8.513120e-06 
(EqRotPerCont) CPL2 Continuous Equilibrium Rotation Period [sec]: 7.380590e+05 
(EqRotPer) Equilibrium Rotation Period [sec]: 1.018521e+06 
(EqRotRate) Equilibrium Rotation Rate [/sec]: 6.168928e-06 
(GammaRot) Gamma_Rotation [cgs]: -1.000000 
(GammaOrb) Gamma_Orbital [cgs]: -1.000000 
(ImK2) Im(k_2) []: 2.990000e-07 
(TidalQ) Tidal Q []: 1.000000e+06 
(TideLock) Tidally Locked? []: 0.000000 
(RotTimeEqtide) Timescale for Rotational Evolution in EQTIDE [sec]: 2.804284e+24 
(OblTimeEqtide) Timescale for Obliquity Evolution in EQTIDE []: -1.000000 
(PowerEqtide) Internal Power due to Tides in EQTIDE [kg*m^2/sec^3]: 1.575484e+09 
(SurfEnFluxEqtide) Surface Energy Flux due to Tides in EQTIDE [kg*m^2/sec^2/(m^2*sec)]: 9.750215e-09 
Tidal Perturbers: b
Output Order: Time[year] RotPer[days]
Grid Output Order:

----- BODY: b ----
Active Modules: DISTORB DISTROT EQTIDE 
Module Bit Sum: 51
Color: 000000
(Mass) Mass [kg]: 7.584676e+24 
(Obliquity) Obliquity [rad]: 0.785398 
(PrecA) Body's precession parameter in DistRot [rad]: 5.073183 
(Xobl) Body's sin(obl)*cos(pA) []: 0.249621 
(Yobl) Body's sin(obl)*sin(pA) []: -0.661581 
(Zobl) Body's cos(obl) []: 0.707107 
(Radius) Radius [m]: 6.806530e+06 
(RotAngMom) Rotational Angular Momentum [kg*m^2/sec]: 6.388438e+33 
(RotKinEnergy) Rotational Energy [kg*m^2/sec^2]: 2.322902e+29 
(RotVel) Rotational Velocity [m/sec]: 494.984810 
(BodyType) Type of Body (0 == planet) []: -1.000000 
(RotRate) Rotational Frequency [/sec]: 7.272205e-05 
(RotPer) Rotational Period [days]: 1.000000 
(SurfEnFluxTotal) Total Surface Energy Flux [kg*m^2/sec^2/(m^2*sec)]: 208.807628 
(HEcc) Poincare's h (=e*sin(varpi) []: -0.072077 
(KEcc) Poincare's k (=e*cos(varpi) []: 0.186561 
(Eccentricity) Orbital Eccentricity []: 0.200000 
(OrbEnergy) Orbital Energy [kg*m^2/sec^2]: -8.074287e+33 
(MeanMotion) Orbital Mean Motion [/sec]: 6.168928e-06 
(OrbPeriod) Orbital Period [sec]: 1.018521e+06 
(SemiMajorAxis) Semi-major Axis [m]: 7.479900e+09 
(OrbAngMom) Orbital Angular Momentum [kg*m^2/sec]: 2.564839e+39 
(OrbKinEnergy) Orbital Kinetic Energy [kg*m^2/sec^2]: 8.074287e+33 
(OrbPotEnergy) Orbital Potential Energy [kg*m^2/sec^2]: -1.614857e+34 
(OrbEnergy) Orbital Energy [kg*m^2/sec^2]: -8.074287e+33 
----- EQTIDE PARAMETERS (b)------
(DsemiDtEqtide) Total da/dt in EQTIDE [m/sec]: 1.230909e-08 
(DeccDtEqtide) Total de/dt in EQTIDE [/sec]: 5.176628e-19 
(DMeanMotionDtEqtide) Total dMeanMotion/dt in EQTIDE [/sec^2]: -1.522759e-23 
(DOrbPerDtEqtide) Total dOrbPer/dt in EQTIDE []: 2.514153e-12 
(EccTimeEqtide) Timescale for Eccentricity Evolution (e/[de/dt]) in EQTIDE [sec]: 3.863519e+17 
(SemiTimeEqtide) Timescale for Semi-major Axis Evolution (a/[da/dt]) in EQTIDE [sec]: 6.076727e+17 
(DHEccDtEqtide) Time Rate of Change of Poincare's h in EQTIDE [/sec]: -1.865567e-19 
(DKEccDtEqtide) Time Rate of Change of Poincare's k in EQTIDE [/sec]: 4.828782e-19 
(DXoblDtEqtide) Time Rate of Change of Laskar's X in EQTIDE [/sec]: 1.970551e-14 
(DYoblDtEqtide) Time Rate of Change of Laskar's Y in EQTIDE [/sec]: -5.222642e-14 
(DZoblDtEqtide) Time Rate of Change of Laskar's Z in EQTIDE [/sec]: -5.582030e-14 
(BodyDsemiDtEqtide) Body's Contribution to dSemi/dt in EQTIDE [m/sec]: -1.000000 
(BodyDeccDt) Body's Contribution to dEcc/dt in EQTIDE []: -1.000000 
(DOblDtEqtide) Time Rate of Change of Obliquity in EQTIDE [rad/sec]: 7.894183e-14 
(DRotPerDtEqtide) Time Rate of Change of Rotation Period in EQTIDE []: 2.507901e-08 
(DRotRateDtEqtide) Time Rate of Change of Rotational Frequency in EQTIDE [/sec^2]: -2.110876e-17 
(EqRotRateDiscrete) CPL2 Discrete Equilibrium Spin Rate [/sec]: 6.168928e-06 
(EqRotPerDiscrete) CPL2 Discrete Equilibrium Spin Period [sec]: 1.018521e+06 
(EqRotRateCont) CPL2 Continuous Equilibrium Spin Rate [/sec]: 8.513120e-06 
(EqRotPerCont) CPL2 Continuous Equilibrium Rotation Period [sec]: 7.380590e+05 
(EqRotPer) Equilibrium Rotation Period [sec]: 1.018521e+06 
(EqRotRate) Equilibrium Rotation Rate [/sec]: 6.168928e-06 
(GammaRot) Gamma_Rotation [cgs]: -1.000000 
(GammaOrb) Gamma_Orbital [cgs]: -1.000000 
(ImK2) Im(k_2) []: 0.003000 
(TidalQ) Tidal Q []: 100.000000 
(TideLock) Tidally Locked? []: 0.000000 
(RotTimeEqtide) Timescale for Rotational Evolution in EQTIDE [sec]: 3.445113e+12 
(OblTimeEqtide) Timescale for Obliquity Evolution in EQTIDE []: -1.000000 
(PowerEqtide) Internal Power due to Tides in EQTIDE [kg*m^2/sec^3]: 1.215648e+17 
(SurfEnFluxEqtide) Surface Energy Flux due to Tides in EQTIDE [W/m^2]: 208.807628 
Tidal Perturbers: star
----- DISTORB PARAMETERS (b)------
(Inc) Body's Inclination in DistOrb [rad]: 0.607570 
(Sinc) Body's sin(1/2*Inclination) in DistOrb []: 0.299134 
(LongA) Body's Longitude of ascending node in DistOrb [rad]: 1.570909 
(ArgP) Body's argument of pericenter in DistOrb [rad]: 4.343599 
(Pinc) Body's p = s*sin(Omega) in DistOrb []: 0.299134 
(Qinc) Body's q = s* cos(Omega) in DistOrb []: -3.359156e-05 
(DIncDtDistOrb) Body's dInc/dt in DistOrb [/sec]: -6.279971e-14 
(DSincDtDistOrb) Body's dsin(.5*Inc)/dt in DistOrb [/sec]: -2.996209e-14 
(DLongADtDistOrb) Body's dOmega/dt in DistOrb [/sec]: -1.290653e-12 
(DLongPDtDistOrb) Body's dvarpi/dt in DistOrb [/sec]: -6.848428e-13 
(DHeccDtDistOrb) Body's dh/dt in DistOrb [/sec]: -2.032924e-13 
(DKeccDtDistOrb) Body's dk/dt in DistOrb [/sec]: 1.461321e-13 
(DPincDtDistOrb) Body's dp/dt in DistOrb [/sec]: -2.991873e-14 
(DQincDtDistOrb) Body's dq/dt in DistOrb [/sec]: 3.860820e-13 
-----DISTROT PARAMETERS (b)------
(CassiniOne) First Cassini parameter (misalignment of Cassini state vectors) []: 0.353107 
(CassiniTwo) Second Cassini parameter (alignment of Cassini state vectors []: 0.935583 
(DOblDtDistRot) Body's dobl/dt in DistRot [rad]: 2.014266e-13 
(DPrecADtDistRot) Body's dpA/dt in DistRot [rad]: 1.849668e-09 
(DXoblDtDistRot) Body's dXobl/dt in DistRot [/sec]: 1.223755e-09 
(DYoblDtDistRot) Body's dYobl/dt in DistRot [/sec]: 4.615820e-10 
(DZoblDtDistRot) Body's dZobl/dt in DistRot [/sec]: -1.424301e-13 
(OblTimeDistRot) Obliquity timescale in DistRot [rad]: 1.559671e+13 
(PrecATimeDistRot) Axial precession timescale in DistRot [rad]: 3.396927e+09 
(XoblTimeDistRot) Xobl timescale in DistRot [/sec]: 8.171568e+08 
(YoblTimeDistRot) Yobl timescale in DistRot [/sec]: 2.166462e+09 
(ZoblTimeDistRot) Zobl timescale in DistRot [/sec]: 7.020986e+12 
(DynEllip) dynamical ellipticity of planet []: 0.003133 
Output Order: Time[year] SemiMajorAxis[AU] Eccentricity[] Inc[deg] ArgP[deg] LongA[deg] RotPer[days] Obliquity[deg] PrecA[deg] CassiniOne[deg] CassiniTwo[deg] SurfEnFluxEqtide[W/m^2] DynEllip[] DeltaTime[year]
Grid Output Order:

----- BODY: c ----
Active Modules: DISTORB 
Module Bit Sum: 17
Color: 000000
(Mass) Mass [kg]: 1.868876e+25 
(Obliquity) Obliquity [rad]: 2.186276 
(PrecA) Body's precession parameter in DistRot [rad]: 3.926991 
(Xobl) Body's sin(obl)*cos(pA) []: -1.000000 
(Yobl) Body's sin(obl)*sin(pA) []: -1.000000 
(Zobl) Body's cos(obl) []: -1.000000 
(Radius) Radius [m]: 9.567150e+06 
(RotAngMom) Rotational Angular Momentum [kg*m^2/sec]: 3.109939e+34 
(RotKinEnergy) Rotational Energy [kg*m^2/sec^2]: 1.130806e+30 
(RotVel) Rotational Velocity [m/sec]: 695.742781 
(BodyType) Type of Body (0 == planet) []: -1.000000 
(RotRate) Rotational Frequency [/sec]: 7.272205e-05 
(RotPer) Rotational Period [sec]: 8.640000e+04 
(SurfEnFluxTotal) Total Surface Energy Flux [kg*m^2/sec^2/(m^2*sec)]: 0.000000 
(HEcc) Poincare's h (=e*sin(varpi) []: 0.274155 
(KEcc) Poincare's k (=e*cos(varpi) []: 0.121816 
(Eccentricity) Orbital Eccentricity []: 0.300000 
(OrbEnergy) Orbital Energy [kg*m^2/sec^2]: -8.074287e+33 
(MeanMotion) Orbital Mean Motion [/sec]: 3.382417e-07 
(OrbPeriod) Orbital Period [sec]: 1.857602e+07 
(SemiMajorAxis) Semi-major Axis [m]: 5.182718e+10 
(OrbAngMom) Orbital Angular Momentum [kg*m^2/sec]: 2.564839e+39 
(OrbKinEnergy) Orbital Kinetic Energy [kg*m^2/sec^2]: 2.871348e+33 
(OrbPotEnergy) Orbital Potential Energy [kg*m^2/sec^2]: -5.742696e+33 
(OrbEnergy) Orbital Energy [kg*m^2/sec^2]: -8.074287e+33 
----- DISTORB PARAMETERS (c)------
(Inc) Body's Inclination in DistOrb [rad]: 0.090544 
(Sinc) Body's sin(1/2*Inclination) in DistOrb []: 0.045256 
(LongA) Body's Longitude of ascending node in DistOrb [rad]: 4.712391 
(ArgP) Body's argument of pericenter in DistOrb [rad]: 2.723460 
(Pinc) Body's p = s*sin(Omega) in DistOrb []: -0.045256 
(Qinc) Body's q = s* cos(Omega) in DistOrb []: 1.024107e-07 
(DIncDtDistOrb) Body's dInc/dt in DistOrb [/sec]: -1.218688e-14 
(DSincDtDistOrb) Body's dsin(.5*Inc)/dt in DistOrb [/sec]: -6.087196e-15 
(DLongADtDistOrb) Body's dOmega/dt in DistOrb [/sec]: -1.289994e-12 
(DLongPDtDistOrb) Body's dvarpi/dt in DistOrb [/sec]: 9.312830e-14 
(DHeccDtDistOrb) Body's dh/dt in DistOrb [/sec]: 1.441294e-14 
(DKeccDtDistOrb) Body's dk/dt in DistOrb [/sec]: -2.416817e-14 
(DPincDtDistOrb) Body's dp/dt in DistOrb [/sec]: 6.087064e-15 
(DQincDtDistOrb) Body's dq/dt in DistOrb [/sec]: -5.838054e-14 
Output Order: Time[year] Eccentricity[] Inc[deg] ArgP[deg] LongA[deg]
Grid Output Order:



---- FINAL SYSTEM PROPERTIES ----
(Age) System Age [sec]: 2.209032e+17 
(Time) Simulation Time [sec]: 2.209032e+17 
(TotAngMom) Total Angular Momentum [kg*m^2/sec]: 3.217023e+39 
(TotEnergy) Total Energy [kg*m^2/sec^2]: -2.010656e+40 
(PotEnergy) Total Potential Energy [kg*m^2/sec^2]: -2.010657e+40 
(KinEnergy) Total Kinetic Energy [kg*m^2/sec^2]: 8.756667e+33 
(DeltaTime) Average Timestep Over Last Output Interval [sec]: inf 
(LongP) Body's Longitude of pericenter in Lagrange [rad]: 0.000000 
(LXUVTot) Total XUV Luminosity [kg*m^2/sec^2/(m^2*sec)]: -1.000000 

----- BODY: star ----
Active Modules: EQTIDE 
Module Bit Sum: 3
Color: 000000
(Mass) Mass [kg]: 2.386099e+29 
(Obliquity) Obliquity [rad]: 0.000000 
(PrecA) Body's precession parameter in DistRot [rad]: 0.000000 
(Xobl) Body's sin(obl)*cos(pA) []: 0.000000 
(Yobl) Body's sin(obl)*sin(pA) []: 0.000000 
(Zobl) Body's cos(obl) []: 1.000000 
(Radius) Radius [m]: 1.133953e+08 
(RotAngMom) Rotational Angular Momentum [kg*m^2/sec]: 6.720576e+38 
(RotKinEnergy) Rotational Energy [kg*m^2/sec^2]: 2.944181e+32 
(RotVel) Rotational Velocity [m/sec]: 99.353467 
(BodyType) Type of Body (0 == planet) []: -1.000000 
(RotRate) Rotational Frequency [/sec]: 8.761693e-07 
(RotPer) Rotational Period [days]: 83.000000 
(SurfEnFluxTotal) Total Surface Energy Flux [kg*m^2/sec^2/(m^2*sec)]: 9.930201e-09 
(HEcc) Poincare's h (=e*sin(varpi) []: 0.000000 
(KEcc) Poincare's k (=e*cos(varpi) []: 0.000000 
(Eccentricity) Orbital Eccentricity []: -1.000000 
(OrbEnergy) Orbital Energy [kg*m^2/sec^2]: -8.462247e+33 
(MeanMotion) Orbital Mean Motion [/sec]: -1.000000 
(OrbPeriod) Orbital Period [sec]: -1.000000 
(SemiMajorAxis) Semi-major Axis [m]: -1.000000 
(OrbAngMom) Orbital Angular Momentum [kg*m^2/sec]: 2.544965e+39 
(OrbKinEnergy) Orbital Kinetic Energy [kg*m^2/sec^2]: -1.000000 
(OrbPotEnergy) Orbital Potential Energy [kg*m^2/sec^2]: -1.000000 
(OrbEnergy) Orbital Energy [kg*m^2/sec^2]: -8.462247e+33 
----- EQTIDE PARAMETERS (star)------
(BodyDsemiDtEqtide) Body's Contribution to dSemi/dt in EQTIDE [m/sec]: -1.000000 
(BodyDeccDt) Body's Contribution to dEcc/dt in EQTIDE []: -1.000000 
(DOblDtEqtide) Time Rate of Change of Obliquity in EQTIDE [rad/sec]: 0.000000 
(DRotPerDtEqtide) Time Rate of Change of Rotation Period in EQTIDE []: -2.790724e-18 
(DRotRateDtEqtide) Time Rate of Change of Rotational Frequency in EQTIDE [/sec^2]: 3.409675e-31 
(EqRotRateDiscrete) CPL2 Discrete Equilibrium Spin Rate [/sec]: 6.618841e-06 
(EqRotPerDiscrete) CPL2 Discrete Equilibrium Spin Period [sec]: 9.492879e+05 
(EqRotRateCont) CPL2 Continuous Equilibrium Spin Rate [/sec]: 7.210206e-06 
(EqRotPerCont) CPL2 Continuous Equilibrium Rotation Period [sec]: 8.714293e+05 
(EqRotPer) Equilibrium Rotation Period [sec]: 9.492879e+05 
(EqRotRate) Equilibrium Rotation Rate [/sec]: 6.618841e-06 
(GammaRot) Gamma_Rotation [cgs]: -1.000000 
(GammaOrb) Gamma_Orbital [cgs]: -1.000000 
(ImK2) Im(k_2) []: 2.990000e-07 
(TidalQ) Tidal Q []: 1.000000e+06 
(TideLock) Tidally Locked? []: 0.000000 
(RotTimeEqtide) Timescale for Rotational Evolution in EQTIDE [sec]: 2.569656e+24 
(OblTimeEqtide) Timescale for Obliquity Evolution in EQTIDE []: -1.000000 
(PowerEqtide) Internal Power due to Tides in EQTIDE [kg*m^2/sec^3]: 1.604567e+09 
(SurfEnFluxEqtide) Surface Energy Flux due to Tides in EQTIDE [kg*m^2/sec^2/(m^2*sec)]: 9.930201e-09 
Tidal Perturbers: b
Output Order: Time[year] RotPer[days]
Grid Output Order:

----- BODY: b ----
Active Modules: DISTORB DISTROT EQTIDE 
Module Bit Sum: 51
Color: 000000
(Mass) Mass [kg]: 7.584676e+24 
(Obliquity) Obliquity [rad]: 0.002577 
(PrecA) Body's precession parameter in DistRot [rad]: 3.602832 
(Xobl) Body's sin(obl)*cos(pA) []: -0.002307 
(Yobl) Body's sin(obl)*sin(pA) []: -0.001147 
(Zobl) Body's cos(obl) []: 0.999997 
(Radius) Radius [m]: 6.806530e+06 
(RotAngMom) Rotational Angular Momentum [kg*m^2/sec]: 5.814474e+32 
(RotKinEnergy) Rotational Energy [kg*m^2/sec^2]: 1.924254e+27 
(RotVel) Rotational Velocity [m/sec]: 45.051335 
(BodyType) Type of Body (0 == planet) []: -1.000000 
(RotRate) Rotational Frequency [/sec]: 6.618841e-06 
(RotPer) Rotational Period [days]: 10.987129 
(SurfEnFluxTotal) Total Surface Energy Flux [kg*m^2/sec^2/(m^2*sec)]: 1.414979 
(HEcc) Poincare's h (=e*sin(varpi) []: -0.011015 
(KEcc) Poincare's k (=e*cos(varpi) []: -0.096351 
(Eccentricity) Orbital Eccentricity []: 0.096978 
(OrbEnergy) Orbital Energy [kg*m^2/sec^2]: -8.462247e+33 
(MeanMotion) Orbital Mean Motion [/sec]: 6.618841e-06 
(OrbPeriod) Orbital Period [sec]: 9.492879e+05 
(SemiMajorAxis) Semi-major Axis [m]: 7.136977e+09 
(OrbAngMom) Orbital Angular Momentum [kg*m^2/sec]: 2.544965e+39 
(OrbKinEnergy) Orbital Kinetic Energy [kg*m^2/sec^2]: 8.462247e+33 
(OrbPotEnergy) Orbital Potential Energy [kg*m^2/sec^2]: -1.692449e+34 
(OrbEnergy) Orbital Energy [kg*m^2/sec^2]: -8.462247e+33 
----- EQTIDE PARAMETERS (b)------
(DsemiDtEqtide) Total da/dt in EQTIDE [m/sec]: -1.885681e-09 
(DeccDtEqtide) Total de/dt in EQTIDE [/sec]: -5.018531e-19 
(DMeanMotionDtEqtide) Total dMeanMotion/dt in EQTIDE [/sec^2]: 2.623174e-24 
(DOrbPerDtEqtide) Total dOrbPer/dt in EQTIDE []: -3.762211e-13 
(EccTimeEqtide) Timescale for Eccentricity Evolution (e/[de/dt]) in EQTIDE [sec]: 1.932408e+17 
(SemiTimeEqtide) Timescale for Semi-major Axis Evolution (a/[da/dt]) in EQTIDE [sec]: 3.784828e+18 
(DHEccDtEqtide) Time Rate of Change of Poincare's h in EQTIDE [/sec]: 5.700082e-20 
(DKEccDtEqtide) Time Rate of Change of Poincare's k in EQTIDE [/sec]: 4.986054e-19 
(DXoblDtEqtide) Time Rate of Change of Laskar's X in EQTIDE [/sec]: 7.501524e-15 
(DYoblDtEqtide) Time Rate of Change of Laskar's Y in EQTIDE [/sec]: 3.728209e-15 
(DZoblDtEqtide) Time Rate of Change of Laskar's Z in EQTIDE [/sec]: 2.158453e-17 
(BodyDsemiDtEqtide) Body's Contribution to dSemi/dt in EQTIDE [m/sec]: -1.000000 
(BodyDeccDt) Body's Contribution to dEcc/dt in EQTIDE []: -1.000000 
(DOblDtEqtide) Time Rate of Change of Obliquity in EQTIDE [rad/sec]: -8.376925e-15 
(DRotPerDtEqtide) Time Rate of Change of Rotation Period in EQTIDE []: -4.214796e-28 
(DRotRateDtEqtide) Time Rate of Change of Rotational Frequency in EQTIDE [/sec^2]: 2.938736e-39 
(EqRotRateDiscrete) CPL2 Discrete Equilibrium Spin Rate [/sec]: 6.618841e-06 
(EqRotPerDiscrete) CPL2 Discrete Equilibrium Spin Period [sec]: 9.492879e+05 
(EqRotRateCont) CPL2 Continuous Equilibrium Spin Rate [/sec]: 7.210206e-06 
(EqRotPerCont) CPL2 Continuous Equilibrium Rotation Period [sec]: 8.714293e+05 
(EqRotPer) Equilibrium Rotation Period [sec]: 9.492879e+05 
(EqRotRate) Equilibrium Rotation Rate [/sec]: 6.618841e-06 
(GammaRot) Gamma_Rotation [cgs]: -1.000000 
(GammaOrb) Gamma_Orbital [cgs]: -1.000000 
(ImK2) Im(k_2) []: 0.003000 
(TidalQ) Tidal Q []: 100.000000 
(TideLock) Tidally Locked? []: 1.000000 
(RotTimeEqtide) Timescale for Rotational Evolution in EQTIDE [sec]: 2.252275e+33 
(OblTimeEqtide) Timescale for Obliquity Evolution in EQTIDE []: -1.000000 
(PowerEqtide) Internal Power due to Tides in EQTIDE [kg*m^2/sec^3]: 8.237801e+14 
(SurfEnFluxEqtide) Surface Energy Flux due to Tides in EQTIDE [W/m^2]: 1.414979 
Tidal Perturbers: star
----- DISTORB PARAMETERS (b)------
(Inc) Body's Inclination in DistOrb [rad]: 0.584529 
(Sinc) Body's sin(1/2*Inclination) in DistOrb []: 0.288121 
(LongA) Body's Longitude of ascending node in DistOrb [rad]: 5.844283 
(ArgP) Body's argument of pericenter in DistOrb [rad]: 3.694321 
(Pinc) Body's p = s*sin(Omega) in DistOrb []: -0.122436 
(Qinc) Body's q = s* cos(Omega) in DistOrb []: 0.260813 
(DIncDtDistOrb) Body's dInc/dt in DistOrb [/sec]: -2.379145e-14 
(DSincDtDistOrb) Body's dsin(.5*Inc)/dt in DistOrb [/sec]: -1.139128e-14 
(DLongADtDistOrb) Body's dOmega/dt in DistOrb [/sec]: -1.213750e-12 
(DLongPDtDistOrb) Body's dvarpi/dt in DistOrb [/sec]: 4.069805e-13 
(DHeccDtDistOrb) Body's dh/dt in DistOrb [/sec]: -5.760078e-14 
(DKeccDtDistOrb) Body's dk/dt in DistOrb [/sec]: -1.563619e-13 
(DPincDtDistOrb) Body's dp/dt in DistOrb [/sec]: -3.117210e-13 
(DQincDtDistOrb) Body's dq/dt in DistOrb [/sec]: -1.589182e-13 
-----DISTROT PARAMETERS (b)------
(CassiniOne) First Cassini parameter (misalignment of Cassini state vectors) []: 0.015813 
(CassiniTwo) Second Cassini parameter (alignment of Cassini state vectors []: -0.999875 
(DOblDtDistRot) Body's dobl/dt in DistRot [rad]: 8.825987e-15 
(DPrecADtDistRot) Body's dpA/dt in DistRot [rad]: 1.471730e-12 
(DXoblDtDistRot) Body's dXobl/dt in DistRot [/sec]: -6.215928e-15 
(DYoblDtDistRot) Body's dYobl/dt in DistRot [/sec]: -7.323948e-15 
(DZoblDtDistRot) Body's dZobl/dt in DistRot [/sec]: -2.274162e-17 
(OblTimeDistRot) Obliquity timescale in DistRot [rad]: 3.559480e+14 
(PrecATimeDistRot) Axial precession timescale in DistRot [rad]: 4.269252e+12 
(XoblTimeDistRot) Xobl timescale in DistRot [/sec]: 1.608770e+14 
(YoblTimeDistRot) Yobl timescale in DistRot [/sec]: 1.365384e+14 
(ZoblTimeDistRot) Zobl timescale in DistRot [/sec]: 4.397225e+16 
(DynEllip) dynamical ellipticity of planet []: 2.595338e-05 
Output Order: Time[year] SemiMajorAxis[AU] Eccentricity[] Inc[deg] ArgP[deg] LongA[deg] RotPer[days] Obliquity[deg] PrecA[deg] CassiniOne[deg] CassiniTwo[deg] SurfEnFluxEqtide[W/m^2] DynEllip[] DeltaTime[year]
Grid Output Order:

----- BODY: c ----
Active Modules: DISTORB 
Module Bit Sum: 17
Color: 000000
(Mass) Mass [kg]: 1.868876e+25 
(Obliquity) Obliquity [rad]: 2.186276 
(PrecA) Body's precession parameter in DistRot [rad]: 3.926991 
(Xobl) Body's sin(obl)*cos(pA) []: -1.000000 
(Yobl) Body's sin(obl)*sin(pA) []: -1.000000 
(Zobl) Body's cos(obl) []: -1.000000 
(Radius) Radius [m]: 9.567150e+06 
(RotAngMom) Rotational Angular Momentum [kg*m^2/sec]: 3.109939e+34 
(RotKinEnergy) Rotational Energy [kg*m^2/sec^2]: 1.130806e+30 
(RotVel) Rotational Velocity [m/sec]: 695.742781 
(BodyType) Type of Body (0 == planet) []: -1.000000 
(RotRate) Rotational Frequency [/sec]: 7.272205e-05 
(RotPer) Rotational Period [sec]: 8.640000e+04 
(SurfEnFluxTotal) Total Surface Energy Flux [kg*m^2/sec^2/(m^2*sec)]: 0.000000 
(HEcc) Poincare's h (=e*sin(varpi) []: 0.295915 
(KEcc) Poincare's k (=e*cos(varpi) []: -0.010572 
(Eccentricity) Orbital Eccentricity []: 0.296103 
(OrbEnergy) Orbital Energy [kg*m^2/sec^2]: -8.462247e+33 
(MeanMotion) Orbital Mean Motion [/sec]: 3.382417e-07 
(OrbPeriod) Orbital Period [sec]: 1.857602e+07 
(SemiMajorAxis) Semi-major Axis [m]: 5.182718e+10 
(OrbAngMom) Orbital Angular Momentum [kg*m^2/sec]: 2.544965e+39 
(OrbKinEnergy) Orbital Kinetic Energy [kg*m^2/sec^2]: 2.871348e+33 
(OrbPotEnergy) Orbital Potential Energy [kg*m^2/sec^2]: -5.742696e+33 
(OrbEnergy) Orbital Energy [kg*m^2/sec^2]: -8.462247e+33 
----- DISTORB PARAMETERS (c)------
(Inc) Body's Inclination in DistOrb [rad]: 0.119571 
(Sinc) Body's sin(1/2*Inclination) in DistOrb []: 0.059750 
(LongA) Body's Longitude of ascending node in DistOrb [rad]: 2.667280 
(ArgP) Body's argument of pericenter in DistOrb [rad]: 5.222412 
(Pinc) Body's p = s*sin(Omega) in DistOrb []: 0.027289 
(Qinc) Body's q = s* cos(Omega) in DistOrb []: -0.053154 
(DIncDtDistOrb) Body's dInc/dt in DistOrb [/sec]: -1.464674e-16 
(DSincDtDistOrb) Body's dsin(.5*Inc)/dt in DistOrb [/sec]: -7.310287e-17 
(DLongADtDistOrb) Body's dOmega/dt in DistOrb [/sec]: -8.767911e-13 
(DLongPDtDistOrb) Body's dvarpi/dt in DistOrb [/sec]: 6.093842e-14 
(DHeccDtDistOrb) Body's dh/dt in DistOrb [/sec]: -6.335601e-16 
(DKeccDtDistOrb) Body's dk/dt in DistOrb [/sec]: -1.803295e-14 
(DPincDtDistOrb) Body's dp/dt in DistOrb [/sec]: 4.657134e-14 
(DQincDtDistOrb) Body's dq/dt in DistOrb [/sec]: 2.399207e-14 
Output Order: Time[year] Eccentricity[] Inc[deg] ArgP[deg] LongA[deg]
Grid Output Order:

Runtime = 190591.000000 s
